#
# There is insufficient memory for the Java Runtime Environment to continue.
# Native memory allocation (malloc) failed to allocate 492816 bytes for Chunk::new
# Possible reasons:
#   The system is out of physical RAM or swap space
#   The process is running with CompressedOops enabled, and the Java Heap may be blocking the growth of the native heap
# Possible solutions:
#   Reduce memory load on the system
#   Increase physical memory or swap space
#   Check if swap backing store is full
#   Decrease Java heap size (-Xmx/-Xms)
#   Decrease number of Java threads
#   Decrease Java thread stack sizes (-Xss)
#   Set larger code cache with -XX:ReservedCodeCacheSize=
#   JVM is running with Unscaled Compressed Oops mode in which the Java heap is
#     placed in the first 4GB address space. The Java Heap base address is the
#     maximum limit for the native heap growth. Please use -XX:HeapBaseMinAddress
#     to set the Java Heap base and to place the Java Heap above 4GB virtual address.
# This output file may be truncated or incomplete.
#
#  Out of Memory Error (arena.cpp:189), pid=19224, tid=17900
#
# JRE version: OpenJDK Runtime Environment Temurin-17.0.5+8 (17.0.5+8) (build 17.0.5+8)
# Java VM: OpenJDK 64-Bit Server VM Temurin-17.0.5+8 (17.0.5+8, mixed mode, tiered, compressed oops, compressed class ptrs, parallel gc, windows-amd64)
# No core dump will be written. Minidumps are not enabled by default on client versions of Windows
#

---------------  S U M M A R Y ------------

Command Line: --add-modules=ALL-SYSTEM --add-opens=java.base/java.util=ALL-UNNAMED --add-opens=java.base/java.lang=ALL-UNNAMED --add-opens=java.base/sun.nio.fs=ALL-UNNAMED -Declipse.application=org.eclipse.jdt.ls.core.id1 -Dosgi.bundles.defaultStartLevel=4 -Declipse.product=org.eclipse.jdt.ls.core.product -Djava.import.generatesMetadataFilesAtProjectRoot=false -Dfile.encoding=utf8 -XX:+UseParallelGC -XX:GCTimeRatio=4 -XX:AdaptiveSizePolicyWeight=90 -Dsun.zip.disableMemoryMapping=true -Xmx1G -Xms100m -Xlog:disable -javaagent:c:\Users\mathesh.n\.vscode\extensions\redhat.java-1.14.0-win32-x64\lombok\lombok-1.18.24.jar c:\Users\mathesh.n\.vscode\extensions\redhat.java-1.14.0-win32-x64\server\plugins\org.eclipse.equinox.launcher_1.6.400.v20210924-0641.jar -configuration c:\Users\mathesh.n\AppData\Roaming\Code\User\globalStorage\redhat.java\1.14.0\config_ss_win -data c:\Users\mathesh.n\AppData\Roaming\Code\User\workspaceStorage\f280073a7c3544646ebc500b0612ce92\redhat.java\ss_ws

Host: Intel(R) Core(TM) i3-3210 CPU @ 3.20GHz, 4 cores, 7G,  Windows 10 , 64 bit Build 19041 (10.0.19041.2364)
Time: Tue Jan 31 10:37:09 2023 India Standard Time elapsed time: 7.610879 seconds (0d 0h 0m 7s)

---------------  T H R E A D  ---------------

Current thread (0x000002277bfb9070):  JavaThread "C2 CompilerThread0" daemon [_thread_in_native, id=17900, stack(0x0000007c4e400000,0x0000007c4e500000)]


Current CompileTask:
C2:   7611 1882       4       java.io.DataInputStream::readUTF (501 bytes)

Stack: [0x0000007c4e400000,0x0000007c4e500000]
Native frames: (J=compiled Java code, j=interpreted, Vv=VM code, C=native code)
V  [jvm.dll+0x676b3a]
V  [jvm.dll+0x831444]
V  [jvm.dll+0x832bee]
V  [jvm.dll+0x833253]
V  [jvm.dll+0x244ce5]
V  [jvm.dll+0xabbac]
V  [jvm.dll+0xac17c]
V  [jvm.dll+0x362d57]
V  [jvm.dll+0x32d591]
V  [jvm.dll+0x32ca3a]
V  [jvm.dll+0x217b51]
V  [jvm.dll+0x216f71]
V  [jvm.dll+0x1a343d]
V  [jvm.dll+0x22698a]
V  [jvm.dll+0x224ac5]
V  [jvm.dll+0x7e727b]
V  [jvm.dll+0x7e17ea]
V  [jvm.dll+0x6759e5]
C  [ucrtbase.dll+0x21bb2]
C  [KERNEL32.DLL+0x17614]
C  [ntdll.dll+0x526a1]


---------------  P R O C E S S  ---------------

Threads class SMR info:
_java_thread_list=0x000002277de59400, length=17, elements={
0x000002277716b320, 0x000002277bf87730, 0x000002277bf88d00, 0x000002277bfb4270,
0x000002277bfb4e20, 0x000002277bfb59d0, 0x000002277bfb8390, 0x000002277bfb9070,
0x000002277d9203f0, 0x000002277d9230b0, 0x0000022777227930, 0x000002277dbd5b70,
0x000002277e1f5cb0, 0x000002277e266030, 0x000002277dfcc120, 0x000002277e0ad260,
0x000002277e3ca030
}

Java Threads: ( => current thread )
  0x000002277716b320 JavaThread "main" [_thread_blocked, id=10872, stack(0x0000007c4db00000,0x0000007c4dc00000)]
  0x000002277bf87730 JavaThread "Reference Handler" daemon [_thread_blocked, id=18848, stack(0x0000007c4de00000,0x0000007c4df00000)]
  0x000002277bf88d00 JavaThread "Finalizer" daemon [_thread_blocked, id=14324, stack(0x0000007c4df00000,0x0000007c4e000000)]
  0x000002277bfb4270 JavaThread "Signal Dispatcher" daemon [_thread_blocked, id=13968, stack(0x0000007c4e000000,0x0000007c4e100000)]
  0x000002277bfb4e20 JavaThread "Attach Listener" daemon [_thread_blocked, id=8996, stack(0x0000007c4e100000,0x0000007c4e200000)]
  0x000002277bfb59d0 JavaThread "Service Thread" daemon [_thread_blocked, id=14748, stack(0x0000007c4e200000,0x0000007c4e300000)]
  0x000002277bfb8390 JavaThread "Monitor Deflation Thread" daemon [_thread_blocked, id=9024, stack(0x0000007c4e300000,0x0000007c4e400000)]
=>0x000002277bfb9070 JavaThread "C2 CompilerThread0" daemon [_thread_in_native, id=17900, stack(0x0000007c4e400000,0x0000007c4e500000)]
  0x000002277d9203f0 JavaThread "C1 CompilerThread0" daemon [_thread_blocked, id=11764, stack(0x0000007c4e500000,0x0000007c4e600000)]
  0x000002277d9230b0 JavaThread "Sweeper thread" daemon [_thread_blocked, id=17000, stack(0x0000007c4e600000,0x0000007c4e700000)]
  0x0000022777227930 JavaThread "Common-Cleaner" daemon [_thread_blocked, id=4996, stack(0x0000007c4e700000,0x0000007c4e800000)]
  0x000002277dbd5b70 JavaThread "Notification Thread" daemon [_thread_blocked, id=16040, stack(0x0000007c4e800000,0x0000007c4e900000)]
  0x000002277e1f5cb0 JavaThread "Active Thread: Equinox Container: 6fcbd0e6-2de7-4937-b0b9-f88abdbd9234" [_thread_blocked, id=7248, stack(0x0000007c4ee00000,0x0000007c4ef00000)]
  0x000002277e266030 JavaThread "Framework Event Dispatcher: Equinox Container: 6fcbd0e6-2de7-4937-b0b9-f88abdbd9234" daemon [_thread_blocked, id=10748, stack(0x0000007c4ed00000,0x0000007c4ee00000)]
  0x000002277dfcc120 JavaThread "Start Level: Equinox Container: 6fcbd0e6-2de7-4937-b0b9-f88abdbd9234" daemon [_thread_in_native, id=9804, stack(0x0000007c4ef00000,0x0000007c4f000000)]
  0x000002277e0ad260 JavaThread "SCR Component Actor" daemon [_thread_blocked, id=16756, stack(0x0000007c4f000000,0x0000007c4f100000)]
  0x000002277e3ca030 JavaThread "SCR Component Registry" daemon [_thread_blocked, id=16352, stack(0x0000007c4f100000,0x0000007c4f200000)]

Other Threads:
  0x000002277bf721b0 VMThread "VM Thread" [stack: 0x0000007c4dd00000,0x0000007c4de00000] [id=18732]
  0x000002277dbd6910 WatcherThread [stack: 0x0000007c4e900000,0x0000007c4ea00000] [id=2508]
  0x0000022777180080 GCTaskThread "GC Thread#0" [stack: 0x0000007c4dc00000,0x0000007c4dd00000] [id=17508]
  0x000002277e16ffe0 GCTaskThread "GC Thread#1" [stack: 0x0000007c4ea00000,0x0000007c4eb00000] [id=3892]
  0x000002277dce57b0 GCTaskThread "GC Thread#2" [stack: 0x0000007c4eb00000,0x0000007c4ec00000] [id=15660]
  0x000002277dce5a60 GCTaskThread "GC Thread#3" [stack: 0x0000007c4ec00000,0x0000007c4ed00000] [id=18024]

Threads with active compile tasks:
C2 CompilerThread0     8282 1882       4       java.io.DataInputStream::readUTF (501 bytes)

VM state: not at safepoint (normal execution)

VM Mutex/Monitor currently owned by a thread: None

Heap address: 0x00000000c0000000, size: 1024 MB, Compressed Oops mode: 32-bit

CDS archive(s) not mapped
Compressed class space mapped at: 0x0000000100000000-0x0000000140000000, reserved size: 1073741824
Narrow klass base: 0x0000000000000000, Narrow klass shift: 3, Narrow klass range: 0x140000000

GC Precious Log:
 CPUs: 4 total, 4 available
 Memory: 7866M
 Large Page Support: Disabled
 NUMA Support: Disabled
 Compressed Oops: Enabled (32-bit)
 Alignments: Space 512K, Generation 512K, Heap 2M
 Heap Min Capacity: 100M
 Heap Initial Capacity: 100M
 Heap Max Capacity: 1G
 Pre-touch: Disabled
 Parallel Workers: 4

Heap:
 PSYoungGen      total 29696K, used 15231K [0x00000000eab00000, 0x00000000ecc00000, 0x0000000100000000)
  eden space 25600K, 43% used [0x00000000eab00000,0x00000000eb5e48b8,0x00000000ec400000)
  from space 4096K, 99% used [0x00000000ec800000,0x00000000ecbfb708,0x00000000ecc00000)
  to   space 4096K, 0% used [0x00000000ec400000,0x00000000ec400000,0x00000000ec800000)
 ParOldGen       total 68608K, used 1301K [0x00000000c0000000, 0x00000000c4300000, 0x00000000eab00000)
  object space 68608K, 1% used [0x00000000c0000000,0x00000000c0145718,0x00000000c4300000)
 Metaspace       used 17263K, committed 17600K, reserved 1064960K
  class space    used 1770K, committed 1920K, reserved 1048576K

Card table byte_map: [0x0000022776b20000,0x0000022776d30000] _byte_map_base: 0x0000022776520000

Marking Bits: (ParMarkBitMap*) 0x00007ff861640dd0
 Begin Bits: [0x0000022779e00000, 0x000002277ae00000)
 End Bits:   [0x000002277ae00000, 0x000002277be00000)

Polling page: 0x0000022775120000

Metaspace:

Usage:
  Non-class:     15.13 MB used.
      Class:      1.73 MB used.
       Both:     16.86 MB used.

Virtual space:
  Non-class space:       16.00 MB reserved,      15.31 MB ( 96%) committed,  2 nodes.
      Class space:        1.00 GB reserved,       1.88 MB ( <1%) committed,  1 nodes.
             Both:        1.02 GB reserved,      17.19 MB (  2%) committed. 

Chunk freelists:
   Non-Class:  736.00 KB
       Class:  2.18 MB
        Both:  2.90 MB

MaxMetaspaceSize: unlimited
CompressedClassSpaceSize: 1.00 GB
Initial GC threshold: 21.00 MB
Current GC threshold: 21.00 MB
CDS: off
MetaspaceReclaimPolicy: balanced
 - commit_granule_bytes: 65536.
 - commit_granule_words: 8192.
 - virtual_space_node_default_size: 1048576.
 - enlarge_chunks_in_place: 1.
 - new_chunks_are_fully_committed: 0.
 - uncommit_free_chunks: 1.
 - use_allocation_guard: 0.
 - handle_deallocations: 1.


Internal statistics:

num_allocs_failed_limit: 0.
num_arena_births: 110.
num_arena_deaths: 0.
num_vsnodes_births: 3.
num_vsnodes_deaths: 0.
num_space_committed: 275.
num_space_uncommitted: 0.
num_chunks_returned_to_freelist: 0.
num_chunks_taken_from_freelist: 425.
num_chunk_merges: 0.
num_chunk_splits: 275.
num_chunks_enlarged: 205.
num_purges: 0.
num_inconsistent_stats: 0.

CodeHeap 'non-profiled nmethods': size=120000Kb used=735Kb max_used=735Kb free=119264Kb
 bounds [0x0000022707ad0000, 0x0000022707d40000, 0x000002270f000000]
CodeHeap 'profiled nmethods': size=120000Kb used=3683Kb max_used=3683Kb free=116316Kb
 bounds [0x00000227005a0000, 0x0000022700940000, 0x0000022707ad0000]
CodeHeap 'non-nmethods': size=5760Kb used=1167Kb max_used=1184Kb free=4592Kb
 bounds [0x0000022700000000, 0x0000022700270000, 0x00000227005a0000]
 total_blobs=2368 nmethods=1903 adapters=379
 compilation: enabled
              stopped_count=0, restarted_count=0
 full_count=0

Compilation events (20 events):
Event: 7.524 Thread 0x000002277d9203f0 nmethod 1874 0x0000022700925390 code [0x0000022700925600, 0x0000022700925ff8]
Event: 7.524 Thread 0x000002277d9203f0 1876       3       java.util.LinkedList$ListItr::hasNext (20 bytes)
Event: 7.524 Thread 0x000002277d9203f0 nmethod 1876 0x0000022700926390 code [0x0000022700926520, 0x0000022700926698]
Event: 7.524 Thread 0x000002277d9203f0 1877   !   3       org.eclipse.osgi.internal.loader.BundleLoader::findImportedSource (29 bytes)
Event: 7.524 Thread 0x000002277d9203f0 nmethod 1877 0x0000022700926790 code [0x0000022700926960, 0x0000022700926d18]
Event: 7.524 Thread 0x000002277d9203f0 1875   !   3       org.eclipse.osgi.internal.framework.EquinoxBundle::$SWITCH_TABLE$org$eclipse$osgi$container$Module$State (115 bytes)
Event: 7.525 Thread 0x000002277d9203f0 nmethod 1875 0x0000022700926e90 code [0x0000022700927080, 0x00000227009275e8]
Event: 7.531 Thread 0x000002277d9203f0 1878       1       org.eclipse.osgi.internal.serviceregistry.ServiceReferenceImpl::getRegistration (5 bytes)
Event: 7.531 Thread 0x000002277d9203f0 nmethod 1878 0x0000022707b86a90 code [0x0000022707b86c20, 0x0000022707b86cf8]
Event: 7.565 Thread 0x000002277d9203f0 1879       1       java.util.LinkedList::size (5 bytes)
Event: 7.565 Thread 0x000002277d9203f0 nmethod 1879 0x0000022707b86d90 code [0x0000022707b86f20, 0x0000022707b86ff8]
Event: 7.565 Thread 0x000002277bfb9070 1880       4       java.lang.Object::equals (11 bytes)
Event: 7.566 Thread 0x000002277bfb9070 nmethod 1880 0x0000022707b87090 code [0x0000022707b87200, 0x0000022707b87298]
Event: 7.569 Thread 0x000002277d9203f0 1881       3       java.net.URLStreamHandler::setURL (159 bytes)
Event: 7.571 Thread 0x000002277bfb9070 1882       4       java.io.DataInputStream::readUTF (501 bytes)
Event: 7.571 Thread 0x000002277d9203f0 nmethod 1881 0x0000022700927810 code [0x0000022700927ba0, 0x0000022700929108]
Event: 7.573 Thread 0x000002277d9203f0 1883       1       org.eclipse.osgi.internal.loader.sources.NullPackageSource::isNullSource (2 bytes)
Event: 7.573 Thread 0x000002277d9203f0 nmethod 1883 0x0000022707b87390 code [0x0000022707b87520, 0x0000022707b875f8]
Event: 7.575 Thread 0x000002277d9203f0 1884       3       jdk.internal.loader.ClassLoaders::bootLoader (4 bytes)
Event: 7.576 Thread 0x000002277d9203f0 nmethod 1884 0x0000022700929990 code [0x0000022700929b20, 0x0000022700929c18]

GC Heap History (4 events):
Event: 2.343 GC heap before
{Heap before GC invocations=1 (full 0):
 PSYoungGen      total 29696K, used 25600K [0x00000000eab00000, 0x00000000ecc00000, 0x0000000100000000)
  eden space 25600K, 100% used [0x00000000eab00000,0x00000000ec400000,0x00000000ec400000)
  from space 4096K, 0% used [0x00000000ec800000,0x00000000ec800000,0x00000000ecc00000)
  to   space 4096K, 0% used [0x00000000ec400000,0x00000000ec400000,0x00000000ec800000)
 ParOldGen       total 68608K, used 0K [0x00000000c0000000, 0x00000000c4300000, 0x00000000eab00000)
  object space 68608K, 0% used [0x00000000c0000000,0x00000000c0000000,0x00000000c4300000)
 Metaspace       used 10968K, committed 11136K, reserved 1064960K
  class space    used 1088K, committed 1152K, reserved 1048576K
}
Event: 2.357 GC heap after
{Heap after GC invocations=1 (full 0):
 PSYoungGen      total 29696K, used 3736K [0x00000000eab00000, 0x00000000ecc00000, 0x0000000100000000)
  eden space 25600K, 0% used [0x00000000eab00000,0x00000000eab00000,0x00000000ec400000)
  from space 4096K, 91% used [0x00000000ec400000,0x00000000ec7a6218,0x00000000ec800000)
  to   space 4096K, 0% used [0x00000000ec800000,0x00000000ec800000,0x00000000ecc00000)
 ParOldGen       total 68608K, used 8K [0x00000000c0000000, 0x00000000c4300000, 0x00000000eab00000)
  object space 68608K, 0% used [0x00000000c0000000,0x00000000c0002000,0x00000000c4300000)
 Metaspace       used 10968K, committed 11136K, reserved 1064960K
  class space    used 1088K, committed 1152K, reserved 1048576K
}
Event: 6.262 GC heap before
{Heap before GC invocations=2 (full 0):
 PSYoungGen      total 29696K, used 29336K [0x00000000eab00000, 0x00000000ecc00000, 0x0000000100000000)
  eden space 25600K, 100% used [0x00000000eab00000,0x00000000ec400000,0x00000000ec400000)
  from space 4096K, 91% used [0x00000000ec400000,0x00000000ec7a6218,0x00000000ec800000)
  to   space 4096K, 0% used [0x00000000ec800000,0x00000000ec800000,0x00000000ecc00000)
 ParOldGen       total 68608K, used 8K [0x00000000c0000000, 0x00000000c4300000, 0x00000000eab00000)
  object space 68608K, 0% used [0x00000000c0000000,0x00000000c0002000,0x00000000c4300000)
 Metaspace       used 15193K, committed 15488K, reserved 1064960K
  class space    used 1545K, committed 1664K, reserved 1048576K
}
Event: 6.268 GC heap after
{Heap after GC invocations=2 (full 0):
 PSYoungGen      total 29696K, used 4077K [0x00000000eab00000, 0x00000000ecc00000, 0x0000000100000000)
  eden space 25600K, 0% used [0x00000000eab00000,0x00000000eab00000,0x00000000ec400000)
  from space 4096K, 99% used [0x00000000ec800000,0x00000000ecbfb708,0x00000000ecc00000)
  to   space 4096K, 0% used [0x00000000ec400000,0x00000000ec400000,0x00000000ec800000)
 ParOldGen       total 68608K, used 1301K [0x00000000c0000000, 0x00000000c4300000, 0x00000000eab00000)
  object space 68608K, 1% used [0x00000000c0000000,0x00000000c0145718,0x00000000c4300000)
 Metaspace       used 15193K, committed 15488K, reserved 1064960K
  class space    used 1545K, committed 1664K, reserved 1048576K
}

Dll operation events (9 events):
Event: 0.015 Loaded shared library c:\Users\mathesh.n\.vscode\extensions\redhat.java-1.14.0-win32-x64\jre\17.0.5-win32-x86_64\bin\java.dll
Event: 0.418 Loaded shared library c:\Users\mathesh.n\.vscode\extensions\redhat.java-1.14.0-win32-x64\jre\17.0.5-win32-x86_64\bin\zip.dll
Event: 0.425 Loaded shared library C:\Users\mathesh.n\.vscode\extensions\redhat.java-1.14.0-win32-x64\jre\17.0.5-win32-x86_64\bin\instrument.dll
Event: 0.454 Loaded shared library C:\Users\mathesh.n\.vscode\extensions\redhat.java-1.14.0-win32-x64\jre\17.0.5-win32-x86_64\bin\net.dll
Event: 0.457 Loaded shared library C:\Users\mathesh.n\.vscode\extensions\redhat.java-1.14.0-win32-x64\jre\17.0.5-win32-x86_64\bin\nio.dll
Event: 0.469 Loaded shared library C:\Users\mathesh.n\.vscode\extensions\redhat.java-1.14.0-win32-x64\jre\17.0.5-win32-x86_64\bin\zip.dll
Event: 0.498 Loaded shared library C:\Users\mathesh.n\.vscode\extensions\redhat.java-1.14.0-win32-x64\jre\17.0.5-win32-x86_64\bin\jimage.dll
Event: 0.627 Loaded shared library c:\Users\mathesh.n\.vscode\extensions\redhat.java-1.14.0-win32-x64\jre\17.0.5-win32-x86_64\bin\verify.dll
Event: 6.127 Loaded shared library C:\Users\mathesh.n\AppData\Roaming\Code\User\globalStorage\redhat.java\1.14.0\config_ss_win\org.eclipse.equinox.launcher\org.eclipse.equinox.launcher.win32.win32.x86_64_1.2.700.v20221108-1024\eclipse_11801.dll

Deoptimization events (20 events):
Event: 7.322 Thread 0x000002277dfcc120 DEOPT PACKING pc=0x0000022707b422ac sp=0x0000007c4effb770
Event: 7.322 Thread 0x000002277dfcc120 DEOPT UNPACKING pc=0x00000227000520a3 sp=0x0000007c4effb730 mode 2
Event: 7.323 Thread 0x000002277dfcc120 Uncommon trap: trap_request=0xffffffde fr.pc=0x0000022707b3fc80 relative=0x0000000000001400
Event: 7.323 Thread 0x000002277dfcc120 Uncommon trap: reason=class_check action=maybe_recompile pc=0x0000022707b3fc80 method=java.io.DataInputStream.readFully([BII)V @ 30 c2
Event: 7.323 Thread 0x000002277dfcc120 DEOPT PACKING pc=0x0000022707b3fc80 sp=0x0000007c4effb6e0
Event: 7.323 Thread 0x000002277dfcc120 DEOPT UNPACKING pc=0x00000227000520a3 sp=0x0000007c4effb618 mode 2
Event: 7.323 Thread 0x000002277dfcc120 Uncommon trap: trap_request=0xffffffde fr.pc=0x0000022707b3fc80 relative=0x0000000000001400
Event: 7.323 Thread 0x000002277dfcc120 Uncommon trap: reason=class_check action=maybe_recompile pc=0x0000022707b3fc80 method=java.io.DataInputStream.readFully([BII)V @ 30 c2
Event: 7.323 Thread 0x000002277dfcc120 DEOPT PACKING pc=0x0000022707b3fc80 sp=0x0000007c4effb6e0
Event: 7.323 Thread 0x000002277dfcc120 DEOPT UNPACKING pc=0x00000227000520a3 sp=0x0000007c4effb618 mode 2
Event: 7.324 Thread 0x000002277dfcc120 Uncommon trap: trap_request=0xffffffde fr.pc=0x0000022707b3fc80 relative=0x0000000000001400
Event: 7.324 Thread 0x000002277dfcc120 Uncommon trap: reason=class_check action=maybe_recompile pc=0x0000022707b3fc80 method=java.io.DataInputStream.readFully([BII)V @ 30 c2
Event: 7.324 Thread 0x000002277dfcc120 DEOPT PACKING pc=0x0000022707b3fc80 sp=0x0000007c4effb6e0
Event: 7.324 Thread 0x000002277dfcc120 DEOPT UNPACKING pc=0x00000227000520a3 sp=0x0000007c4effb618 mode 2
Event: 7.324 Thread 0x000002277dfcc120 Uncommon trap: trap_request=0xffffffde fr.pc=0x0000022707b3fc80 relative=0x0000000000001400
Event: 7.324 Thread 0x000002277dfcc120 Uncommon trap: reason=class_check action=maybe_recompile pc=0x0000022707b3fc80 method=java.io.DataInputStream.readFully([BII)V @ 30 c2
Event: 7.324 Thread 0x000002277dfcc120 DEOPT PACKING pc=0x0000022707b3fc80 sp=0x0000007c4effb6e0
Event: 7.324 Thread 0x000002277dfcc120 DEOPT UNPACKING pc=0x00000227000520a3 sp=0x0000007c4effb618 mode 2
Event: 7.502 Thread 0x000002277dfcc120 DEOPT PACKING pc=0x000002270072dbbe sp=0x0000007c4effe310
Event: 7.502 Thread 0x000002277dfcc120 DEOPT UNPACKING pc=0x0000022700052843 sp=0x0000007c4effd788 mode 0

Classes unloaded (0 events):
No events

Classes redefined (0 events):
No events

Internal exceptions (20 events):
Event: 2.179 Thread 0x000002277716b320 Exception <a 'java/lang/ClassNotFoundException'{0x00000000ec12def0}: sun/net/www/protocol/c/Handler> (0x00000000ec12def0) 
thrown [s\src\hotspot\share\classfile\systemDictionary.cpp, line 256]
Event: 2.198 Thread 0x000002277716b320 Exception <a 'java/io/FileNotFoundException'{0x00000000ec14d220}> (0x00000000ec14d220) 
thrown [s\src\hotspot\share\prims\jni.cpp, line 516]
Event: 2.244 Thread 0x000002277716b320 Implicit null exception at 0x0000022707b3227b to 0x0000022707b32d6c
Event: 2.244 Thread 0x000002277716b320 Implicit null exception at 0x0000022707b04b2c to 0x0000022707b04f1c
Event: 2.244 Thread 0x000002277716b320 Implicit null exception at 0x0000022707b30f8c to 0x0000022707b31340
Event: 2.244 Thread 0x000002277716b320 Implicit null exception at 0x0000022707b2b28f to 0x0000022707b2b305
Event: 2.398 Thread 0x000002277716b320 Exception <a 'java/lang/NoSuchMethodError'{0x00000000eab1ef18}: 'int java.lang.invoke.DirectMethodHandle$Holder.invokeStaticInit(java.lang.Object, java.lang.Object, java.lang.Object, java.lang.Object)'> (0x00000000eab1ef18) 
thrown [s\src\hotspot\share\interpreter\linkResolver.cpp, line 759]
Event: 2.402 Thread 0x000002277716b320 Exception <a 'java/lang/NoSuchMethodError'{0x00000000eab29690}: 'java.lang.Object java.lang.invoke.DirectMethodHandle$Holder.invokeInterface(java.lang.Object, java.lang.Object)'> (0x00000000eab29690) 
thrown [s\src\hotspot\share\interpreter\linkResolver.cpp, line 759]
Event: 2.402 Thread 0x000002277716b320 Exception <a 'java/lang/IncompatibleClassChangeError'{0x00000000eab2ce88}: Found class java.lang.Object, but interface was expected> (0x00000000eab2ce88) 
thrown [s\src\hotspot\share\interpreter\linkResolver.cpp, line 826]
Event: 2.404 Thread 0x000002277716b320 Exception <a 'java/lang/NoSuchMethodError'{0x00000000eab31380}: 'void java.lang.invoke.DirectMethodHandle$Holder.invokeStatic(java.lang.Object, java.lang.Object)'> (0x00000000eab31380) 
thrown [s\src\hotspot\share\interpreter\linkResolver.cpp, line 759]
Event: 2.406 Thread 0x000002277716b320 Exception <a 'java/lang/NoSuchMethodError'{0x00000000eab34b80}: 'void java.lang.invoke.DirectMethodHandle$Holder.invokeStaticInit(java.lang.Object, java.lang.Object)'> (0x00000000eab34b80) 
thrown [s\src\hotspot\share\interpreter\linkResolver.cpp, line 759]
Event: 2.409 Thread 0x000002277716b320 Exception <a 'java/lang/NoSuchMethodError'{0x00000000eab3c118}: 'int java.lang.invoke.DirectMethodHandle$Holder.invokeStaticInit(java.lang.Object, java.lang.Object)'> (0x00000000eab3c118) 
thrown [s\src\hotspot\share\interpreter\linkResolver.cpp, line 759]
Event: 3.933 Thread 0x000002277716b320 Exception <a 'java/lang/NoSuchMethodError'{0x00000000eaca2400}: 'void java.lang.invoke.DirectMethodHandle$Holder.invokeSpecial(java.lang.Object, java.lang.Object, java.lang.Object)'> (0x00000000eaca2400) 
thrown [s\src\hotspot\share\interpreter\linkResolver.cpp, line 759]
Event: 4.489 Thread 0x000002277716b320 Exception <a 'java/lang/NoSuchMethodError'{0x00000000eb835298}: 'java.lang.Object java.lang.invoke.DirectMethodHandle$Holder.newInvokeSpecial(java.lang.Object, int, java.lang.Object)'> (0x00000000eb835298) 
thrown [s\src\hotspot\share\interpreter\linkResolver.cpp, line 759]
Event: 4.783 Thread 0x000002277716b320 Exception <a 'java/lang/UnsatisfiedLinkError'{0x00000000ebdad090}: 'void org.eclipse.equinox.launcher.JNIBridge._update_splash()'> (0x00000000ebdad090) 
thrown [s\src\hotspot\share\prims\nativeLookup.cpp, line 543]
Event: 6.177 Thread 0x000002277dfcc120 Exception <a 'java/lang/NoSuchMethodError'{0x00000000ec056f58}: 'java.lang.Object java.lang.invoke.DirectMethodHandle$Holder.invokeStaticInit(java.lang.Object)'> (0x00000000ec056f58) 
thrown [s\src\hotspot\share\interpreter\linkResolver.cpp, line 759]
Event: 7.315 Thread 0x000002277dfcc120 Exception <a 'java/io/FileNotFoundException'{0x00000000eb30d3e0}> (0x00000000eb30d3e0) 
thrown [s\src\hotspot\share\prims\jni.cpp, line 516]
Event: 7.338 Thread 0x000002277dfcc120 Exception <a 'java/lang/NullPointerException'{0x00000000eb35f1b8}> (0x00000000eb35f1b8) 
thrown [s\src\hotspot\share\interpreter\linkResolver.cpp, line 1350]
Event: 7.338 Thread 0x000002277dfcc120 Exception <a 'java/lang/NullPointerException'{0x00000000eb35f9e0}> (0x00000000eb35f9e0) 
thrown [s\src\hotspot\share\interpreter\linkResolver.cpp, line 1350]
Event: 7.499 Thread 0x000002277dfcc120 Exception <a 'java/lang/NoSuchMethodError'{0x00000000eb4aa478}: 'java.lang.Object java.lang.invoke.Invokers$Holder.invokeExact_MT(java.lang.Object, java.lang.Object, java.lang.Object, java.lang.Object, java.lang.Object, java.lang.Object)'> (0x00000000eb4aa478) 
thrown [s\src\hotspot\share\interpreter\linkResolver.cpp, line 759]

VM Operations (20 events):
Event: 2.342 Executing VM operation: ParallelGCFailedAllocation
Event: 2.357 Executing VM operation: ParallelGCFailedAllocation done
Event: 3.363 Executing VM operation: Cleanup
Event: 3.363 Executing VM operation: Cleanup done
Event: 4.370 Executing VM operation: Cleanup
Event: 4.371 Executing VM operation: Cleanup done
Event: 4.451 Executing VM operation: HandshakeAllThreads
Event: 4.451 Executing VM operation: HandshakeAllThreads done
Event: 4.452 Executing VM operation: HandshakeAllThreads
Event: 4.452 Executing VM operation: HandshakeAllThreads done
Event: 4.461 Executing VM operation: HandshakeAllThreads
Event: 4.461 Executing VM operation: HandshakeAllThreads done
Event: 5.468 Executing VM operation: Cleanup
Event: 6.138 Executing VM operation: Cleanup done
Event: 6.194 Executing VM operation: HandshakeAllThreads
Event: 6.194 Executing VM operation: HandshakeAllThreads done
Event: 6.262 Executing VM operation: ParallelGCFailedAllocation
Event: 6.268 Executing VM operation: ParallelGCFailedAllocation done
Event: 7.281 Executing VM operation: Cleanup
Event: 7.297 Executing VM operation: Cleanup done

Events (20 events):
Event: 6.366 loading class javax/xml/parsers/ParserConfigurationException
Event: 6.366 loading class javax/xml/parsers/ParserConfigurationException done
Event: 6.383 loading class java/lang/CloneNotSupportedException
Event: 6.383 loading class java/lang/CloneNotSupportedException done
Event: 7.252 loading class java/util/TreeMap$Values
Event: 7.252 loading class java/util/TreeMap$Values done
Event: 7.252 loading class java/util/TreeMap$ValueIterator
Event: 7.253 loading class java/util/TreeMap$ValueIterator done
Event: 7.316 loading class java/util/function/IntFunction
Event: 7.316 loading class java/util/function/IntFunction done
Event: 7.338 loading class java/util/ImmutableCollections$Map1
Event: 7.338 loading class java/util/ImmutableCollections$Map1 done
Event: 7.373 loading class java/util/AbstractMap$1
Event: 7.373 loading class java/util/AbstractMap$1 done
Event: 7.373 loading class java/util/AbstractMap$1$1
Event: 7.373 loading class java/util/AbstractMap$1$1 done
Event: 7.500 loading class java/util/Comparators$NaturalOrderComparator
Event: 7.500 loading class java/util/Comparators$NaturalOrderComparator done
Event: 7.501 loading class java/util/Collections$ReverseComparator2
Event: 7.501 loading class java/util/Collections$ReverseComparator2 done


Dynamic libraries:
0x00007ff6fc0a0000 - 0x00007ff6fc0ae000 	c:\Users\mathesh.n\.vscode\extensions\redhat.java-1.14.0-win32-x64\jre\17.0.5-win32-x86_64\bin\java.exe
0x00007ff89d090000 - 0x00007ff89d288000 	C:\WINDOWS\SYSTEM32\ntdll.dll
0x00007ff89c850000 - 0x00007ff89c90f000 	C:\WINDOWS\System32\KERNEL32.DLL
0x00007ff89adf0000 - 0x00007ff89b0c2000 	C:\WINDOWS\System32\KERNELBASE.dll
0x00007ff89abc0000 - 0x00007ff89acc0000 	C:\WINDOWS\System32\ucrtbase.dll
0x00007ff874fe0000 - 0x00007ff874ff7000 	c:\Users\mathesh.n\.vscode\extensions\redhat.java-1.14.0-win32-x64\jre\17.0.5-win32-x86_64\bin\jli.dll
0x00007ff89b830000 - 0x00007ff89b9d1000 	C:\WINDOWS\System32\USER32.dll
0x00007ff89a780000 - 0x00007ff89a7a2000 	C:\WINDOWS\System32\win32u.dll
0x00007ff89bab0000 - 0x00007ff89badb000 	C:\WINDOWS\System32\GDI32.dll
0x00007ff89a910000 - 0x00007ff89aa1f000 	C:\WINDOWS\System32\gdi32full.dll
0x00007ff89aa90000 - 0x00007ff89ab2d000 	C:\WINDOWS\System32\msvcp_win.dll
0x00007ff8742d0000 - 0x00007ff8742e9000 	c:\Users\mathesh.n\.vscode\extensions\redhat.java-1.14.0-win32-x64\jre\17.0.5-win32-x86_64\bin\VCRUNTIME140.dll
0x00007ff87af40000 - 0x00007ff87b1da000 	C:\WINDOWS\WinSxS\amd64_microsoft.windows.common-controls_6595b64144ccf1df_6.0.19041.1110_none_60b5254171f9507e\COMCTL32.dll
0x00007ff89b260000 - 0x00007ff89b2fe000 	C:\WINDOWS\System32\msvcrt.dll
0x00007ff89c7b0000 - 0x00007ff89c7e2000 	C:\WINDOWS\System32\IMM32.DLL
0x00007ff895450000 - 0x00007ff89545c000 	c:\Users\mathesh.n\.vscode\extensions\redhat.java-1.14.0-win32-x64\jre\17.0.5-win32-x86_64\bin\vcruntime140_1.dll
0x00007ff868ae0000 - 0x00007ff868b71000 	c:\Users\mathesh.n\.vscode\extensions\redhat.java-1.14.0-win32-x64\jre\17.0.5-win32-x86_64\bin\msvcp140.dll
0x00007ff860ac0000 - 0x00007ff861704000 	c:\Users\mathesh.n\.vscode\extensions\redhat.java-1.14.0-win32-x64\jre\17.0.5-win32-x86_64\bin\server\jvm.dll
0x00007ff89b0d0000 - 0x00007ff89b17e000 	C:\WINDOWS\System32\ADVAPI32.dll
0x00007ff89b430000 - 0x00007ff89b4cc000 	C:\WINDOWS\System32\sechost.dll
0x00007ff89cf20000 - 0x00007ff89d045000 	C:\WINDOWS\System32\RPCRT4.dll
0x00007ff8787f0000 - 0x00007ff8787f9000 	C:\WINDOWS\SYSTEM32\WSOCK32.dll
0x00007ff89c730000 - 0x00007ff89c79b000 	C:\WINDOWS\System32\WS2_32.dll
0x00007ff87ca70000 - 0x00007ff87ca97000 	C:\WINDOWS\SYSTEM32\WINMM.dll
0x00007ff894960000 - 0x00007ff89496a000 	C:\WINDOWS\SYSTEM32\VERSION.dll
0x00007ff898660000 - 0x00007ff898672000 	C:\WINDOWS\SYSTEM32\kernel.appcore.dll
0x00007ff894550000 - 0x00007ff89455a000 	c:\Users\mathesh.n\.vscode\extensions\redhat.java-1.14.0-win32-x64\jre\17.0.5-win32-x86_64\bin\jimage.dll
0x00007ff890a20000 - 0x00007ff890c04000 	C:\WINDOWS\SYSTEM32\DBGHELP.DLL
0x00007ff890590000 - 0x00007ff8905c5000 	C:\WINDOWS\SYSTEM32\dbgcore.DLL
0x00007ff89ab30000 - 0x00007ff89abb2000 	C:\WINDOWS\System32\bcryptPrimitives.dll
0x00007ff893e30000 - 0x00007ff893e3e000 	c:\Users\mathesh.n\.vscode\extensions\redhat.java-1.14.0-win32-x64\jre\17.0.5-win32-x86_64\bin\instrument.dll
0x00007ff86e4b0000 - 0x00007ff86e4d5000 	c:\Users\mathesh.n\.vscode\extensions\redhat.java-1.14.0-win32-x64\jre\17.0.5-win32-x86_64\bin\java.dll
0x00007ff8731c0000 - 0x00007ff8731d8000 	c:\Users\mathesh.n\.vscode\extensions\redhat.java-1.14.0-win32-x64\jre\17.0.5-win32-x86_64\bin\zip.dll
0x00007ff89bd40000 - 0x00007ff89c484000 	C:\WINDOWS\System32\SHELL32.dll
0x00007ff898860000 - 0x00007ff898ff2000 	C:\WINDOWS\SYSTEM32\windows.storage.dll
0x00007ff89b4d0000 - 0x00007ff89b825000 	C:\WINDOWS\System32\combase.dll
0x00007ff89a100000 - 0x00007ff89a130000 	C:\WINDOWS\SYSTEM32\Wldp.dll
0x00007ff89bc90000 - 0x00007ff89bd3d000 	C:\WINDOWS\System32\SHCORE.dll
0x00007ff89c490000 - 0x00007ff89c4e5000 	C:\WINDOWS\System32\shlwapi.dll
0x00007ff89a670000 - 0x00007ff89a68f000 	C:\WINDOWS\SYSTEM32\profapi.dll
0x00007ff8730d0000 - 0x00007ff8730e9000 	C:\Users\mathesh.n\.vscode\extensions\redhat.java-1.14.0-win32-x64\jre\17.0.5-win32-x86_64\bin\net.dll
0x00007ff890070000 - 0x00007ff89017c000 	C:\WINDOWS\SYSTEM32\WINHTTP.dll
0x00007ff899e60000 - 0x00007ff899eca000 	C:\WINDOWS\system32\mswsock.dll
0x00007ff872d10000 - 0x00007ff872d25000 	C:\Users\mathesh.n\.vscode\extensions\redhat.java-1.14.0-win32-x64\jre\17.0.5-win32-x86_64\bin\nio.dll
0x00007ff88f0d0000 - 0x00007ff88f0e0000 	c:\Users\mathesh.n\.vscode\extensions\redhat.java-1.14.0-win32-x64\jre\17.0.5-win32-x86_64\bin\verify.dll
0x00007ff86b3c0000 - 0x00007ff86b3fe000 	C:\Users\mathesh.n\AppData\Roaming\Code\User\globalStorage\redhat.java\1.14.0\config_ss_win\org.eclipse.equinox.launcher\org.eclipse.equinox.launcher.win32.win32.x86_64_1.2.700.v20221108-1024\eclipse_11801.dll
0x00007ff89c910000 - 0x00007ff89ca3a000 	C:\WINDOWS\System32\ole32.dll

dbghelp: loaded successfully - version: 4.0.5 - missing functions: none
symbol engine: initialized successfully - sym options: 0x614 - pdb path: .;c:\Users\mathesh.n\.vscode\extensions\redhat.java-1.14.0-win32-x64\jre\17.0.5-win32-x86_64\bin;C:\WINDOWS\SYSTEM32;C:\WINDOWS\WinSxS\amd64_microsoft.windows.common-controls_6595b64144ccf1df_6.0.19041.1110_none_60b5254171f9507e;c:\Users\mathesh.n\.vscode\extensions\redhat.java-1.14.0-win32-x64\jre\17.0.5-win32-x86_64\bin\server;C:\Users\mathesh.n\AppData\Roaming\Code\User\globalStorage\redhat.java\1.14.0\config_ss_win\org.eclipse.equinox.launcher\org.eclipse.equinox.launcher.win32.win32.x86_64_1.2.700.v20221108-1024

VM Arguments:
jvm_args: --add-modules=ALL-SYSTEM --add-opens=java.base/java.util=ALL-UNNAMED --add-opens=java.base/java.lang=ALL-UNNAMED --add-opens=java.base/sun.nio.fs=ALL-UNNAMED -Declipse.application=org.eclipse.jdt.ls.core.id1 -Dosgi.bundles.defaultStartLevel=4 -Declipse.product=org.eclipse.jdt.ls.core.product -Djava.import.generatesMetadataFilesAtProjectRoot=false -Dfile.encoding=utf8 -XX:+UseParallelGC -XX:GCTimeRatio=4 -XX:AdaptiveSizePolicyWeight=90 -Dsun.zip.disableMemoryMapping=true -Xmx1G -Xms100m -Xlog:disable -javaagent:c:\Users\mathesh.n\.vscode\extensions\redhat.java-1.14.0-win32-x64\lombok\lombok-1.18.24.jar 
java_command: c:\Users\mathesh.n\.vscode\extensions\redhat.java-1.14.0-win32-x64\server\plugins\org.eclipse.equinox.launcher_1.6.400.v20210924-0641.jar -configuration c:\Users\mathesh.n\AppData\Roaming\Code\User\globalStorage\redhat.java\1.14.0\config_ss_win -data c:\Users\mathesh.n\AppData\Roaming\Code\User\workspaceStorage\f280073a7c3544646ebc500b0612ce92\redhat.java\ss_ws
java_class_path (initial): c:\Users\mathesh.n\.vscode\extensions\redhat.java-1.14.0-win32-x64\server\plugins\org.eclipse.equinox.launcher_1.6.400.v20210924-0641.jar
Launcher Type: SUN_STANDARD

[Global flags]
    uintx AdaptiveSizePolicyWeight                 = 90                                        {product} {command line}
     intx CICompilerCount                          = 3                                         {product} {ergonomic}
    uintx GCTimeRatio                              = 4                                         {product} {command line}
   size_t InitialHeapSize                          = 104857600                                 {product} {command line}
   size_t MaxHeapSize                              = 1073741824                                {product} {command line}
   size_t MaxNewSize                               = 357564416                                 {product} {ergonomic}
   size_t MinHeapDeltaBytes                        = 524288                                    {product} {ergonomic}
   size_t MinHeapSize                              = 104857600                                 {product} {command line}
   size_t NewSize                                  = 34603008                                  {product} {ergonomic}
    uintx NonNMethodCodeHeapSize                   = 5832780                                {pd product} {ergonomic}
    uintx NonProfiledCodeHeapSize                  = 122912730                              {pd product} {ergonomic}
   size_t OldSize                                  = 70254592                                  {product} {ergonomic}
    uintx ProfiledCodeHeapSize                     = 122912730                              {pd product} {ergonomic}
    uintx ReservedCodeCacheSize                    = 251658240                              {pd product} {ergonomic}
     bool SegmentedCodeCache                       = true                                      {product} {ergonomic}
   size_t SoftMaxHeapSize                          = 1073741824                             {manageable} {ergonomic}
     bool UseCompressedClassPointers               = true                           {product lp64_product} {ergonomic}
     bool UseCompressedOops                        = true                           {product lp64_product} {ergonomic}
     bool UseLargePagesIndividualAllocation        = false                                  {pd product} {ergonomic}
     bool UseParallelGC                            = true                                      {product} {command line}

Logging:
Log output configuration:
 #0: stdout all=off uptime,level,tags
 #1: stderr all=off uptime,level,tags

Environment Variables:
PATH=C:\Program Files\Common Files\Oracle\Java\javapath;C:\WINDOWS\system32;C:\WINDOWS;C:\WINDOWS\System32\Wbem;C:\WINDOWS\System32\WindowsPowerShell\v1.0\;C:\Program Files (x86)\ATI Technologies\ATI.ACE\Core-Static;C:\WINDOWS\System32\OpenSSH\;C:\Program Files\PuTTY\;C:\Program Files\Microsoft VS Code\bin;C:\Users\mathesh.n\AppData\Local\Microsoft\WindowsApps;C:\Users\mathesh.n\AppData\Local\Programs\Git\cmd;C:\Users\mathesh.n\AppData\Local\GitHubDesktop\bin
USERNAME=mathesh.n
OS=Windows_NT
PROCESSOR_IDENTIFIER=Intel64 Family 6 Model 58 Stepping 9, GenuineIntel
TMP=C:\Users\mathesh.n\AppData\Local\Temp
TEMP=C:\Users\mathesh.n\AppData\Local\Temp



---------------  S Y S T E M  ---------------

OS:
 Windows 10 , 64 bit Build 19041 (10.0.19041.2364)
OS uptime: 11 days 21:31 hours

CPU: total 4 (initial active 4) (2 cores per cpu, 2 threads per core) family 6 model 58 stepping 9 microcode 0x21, cx8, cmov, fxsr, ht, mmx, sse, sse2, sse3, ssse3, sse4.1, sse4.2, popcnt, tsc, tscinvbit, avx, erms, clmul, vzeroupper, clflush

Memory: 4k page, system-wide physical 7866M (1377M free)
TotalPageFile size 20297M (AvailPageFile size 110M)
current process WorkingSet (physical memory assigned to process): 91M, peak: 91M
current process commit charge ("private bytes"): 194M, peak: 195M

vm_info: OpenJDK 64-Bit Server VM (17.0.5+8) for windows-amd64 JRE (17.0.5+8), built on Oct 19 2022 04:48:13 by "temurin" with MS VC++ 16.7 (VS2019)

END.
