#
# A fatal error has been detected by the Java Runtime Environment:
#
#  EXCEPTION_ACCESS_VIOLATION (0xc0000005) at pc=0x00007ff895451be1, pid=19380, tid=18516
#
# JRE version:  (17.0.5+8) (build )
# Java VM: OpenJDK 64-Bit Server VM (17.0.5+8, mixed mode, sharing, tiered, unknown gc, windows-amd64)
# Problematic frame:
# C  [jimage.dll+0x1be1]
#
# No core dump will be written. Minidumps are not enabled by default on client versions of Windows
#
#

---------------  S U M M A R Y ------------

Command Line: 

Host: Intel(R) Core(TM) i3-3210 CPU @ 3.20GHz, 4 cores, 7G,  Windows 10 , 64 bit Build 19041 (10.0.19041.2364)
Time: Tue Jan 31 10:18:50 2023 India Standard Time elapsed time: 1.395892 seconds (0d 0h 0m 1s)

---------------  T H R E A D  ---------------

Current thread is native thread

Stack: [0x0000003a1d000000,0x0000003a1d100000],  sp=0x0000003a1d0fd6d0,  free space=1013k
Native frames: (J=compiled Java code, j=interpreted, Vv=VM code, C=native code)
C  [jimage.dll+0x1be1]
C  [jimage.dll+0x1d6f]
C  [jimage.dll+0x264d]
V  [jvm.dll+0x1f0cfa]
V  [jvm.dll+0xb017e]
V  [jvm.dll+0x7e211c]
V  [jvm.dll+0x3eb17f]
V  [jvm.dll+0x3eccc1]
C  [jli.dll+0x5267]
C  [ucrtbase.dll+0x21bb2]
C  [KERNEL32.DLL+0x17614]
C  [ntdll.dll+0x526a1]


siginfo: EXCEPTION_ACCESS_VIOLATION (0xc0000005), reading address 0x000000000001373c


Registers:
RAX=0x0000000000004dc8, RBX=0x0000003a1d0fd7c1, RCX=0x00007ff895456000, RDX=0x0000000000004dc8
RSP=0x0000003a1d0fd6d0, RBP=0x0000003a1d0fd7c0, RSI=0x000000000000718d, RDI=0x0000003a1d0fd7c0
R8 =0x00007ff895454288, R9 =0x000000000000001c, R10=0x00007ff85a1f3900, R11=0x00007ff895456000
R12=0x0000000000000002, R13=0x0000017d85fb8600, R14=0x0000003a1d0fe830, R15=0x00007ff85a1f39b8
RIP=0x00007ff895451be1, EFLAGS=0x0000000000010246

Top of Stack: (sp=0x0000003a1d0fd6d0)
0x0000003a1d0fd6d0:   0000003a1cbad000 0000000000000003
0x0000003a1d0fd6e0:   0000017d85e11788 0000003a1d0fd840
0x0000003a1d0fd6f0:   0000017d85fcf330 00007ff895451d6f
0x0000003a1d0fd700:   000000000000000b 0000017d85fcf330
0x0000003a1d0fd710:   0000003a1d0fd761 0000003a1d0fd840
0x0000003a1d0fd720:   00000000000006f5 0000017d85fb0150
0x0000003a1d0fd730:   00000000000006f5 00000000000006f5
0x0000003a1d0fd740:   00000000000006f5 0000017de10005e4
0x0000003a1d0fd750:   0000017d85fb94f0 00007ff89d0ae249
0x0000003a1d0fd760:   0000a928185c1c47 00000003e10005e4
0x0000003a1d0fd770:   00007ff85a1d24a0 0000000000000017
0x0000003a1d0fd780:   0000017d85fcf330 0000003a1d0fe830
0x0000003a1d0fd790:   000000000000000b 00007ff89545264d
0x0000003a1d0fd7a0:   0000000000000743 0000000000000743
0x0000003a1d0fd7b0:   0000000000000743 0000017de10005e4
0x0000003a1d0fd7c0:   61622e6176616a2f 692f6b646a2f6573 

Instructions: (pc=0x00007ff895451be1)
0x00007ff895451ae1:   48 85 c9 74 1d 80 3d 23 45 00 00 00 74 06 48 8b
0x00007ff895451af1:   53 18 eb 04 48 8b 53 40 e8 ae 0e 00 00 48 83 63
0x00007ff895451b01:   48 00 8b 4b 0c 83 f9 ff 74 09 e8 e4 0c 00 00 83
0x00007ff895451b11:   4b 0c ff 48 8b 4b 70 48 85 c9 74 0f ba 10 00 00
0x00007ff895451b21:   00 e8 fd 0e 00 00 48 83 63 70 00 48 83 c4 20 5b
0x00007ff895451b31:   c3 cc cc 40 53 48 83 ec 20 48 8b d9 48 8d 0d dc
0x00007ff895451b41:   46 00 00 e8 b3 0c 00 00 83 6b 08 01 75 24 48 8b
0x00007ff895451b51:   d3 48 8d 0d bf 44 00 00 e8 22 08 00 00 48 8b cb
0x00007ff895451b61:   e8 de fe ff ff ba 78 00 00 00 48 8b cb e8 b1 0e
0x00007ff895451b71:   00 00 48 8d 0d a6 46 00 00 48 83 c4 20 5b e9 80
0x00007ff895451b81:   0c 00 00 48 89 5c 24 08 48 89 74 24 10 57 48 83
0x00007ff895451b91:   ec 20 41 8b f1 4d 8b c8 48 8b fa 4c 8b d9 4d 85
0x00007ff895451ba1:   c0 74 78 85 f6 74 74 44 8a 12 48 8d 5a 01 48 8b
0x00007ff895451bb1:   d3 b8 93 01 00 01 eb 12 69 c0 93 01 00 01 41 0f
0x00007ff895451bc1:   b6 ca 44 8a 12 33 c1 48 ff c2 45 84 d2 75 e9 4d
0x00007ff895451bd1:   8b 03 0f ba f0 1f 33 d2 49 8b cb f7 f6 48 63 c2
0x00007ff895451be1:   41 8b 14 81 41 ff 50 08 85 c0 7e 24 8a 0f eb 10
0x00007ff895451bf1:   69 c0 93 01 00 01 0f b6 c9 33 c1 8a 0b 48 ff c3
0x00007ff895451c01:   84 c9 75 ec 0f ba f0 1f 33 d2 f7 f6 8b c2 eb 0e
0x00007ff895451c11:   79 09 83 c9 ff 2b c8 8b c1 eb 03 83 c8 ff 48 8b
0x00007ff895451c21:   5c 24 30 48 8b 74 24 38 48 83 c4 20 5f c3 cc 48
0x00007ff895451c31:   89 5c 24 08 48 89 74 24 10 57 48 83 ec 20 48 8b
0x00007ff895451c41:   f1 48 8d 0d d7 45 00 00 e8 ae 0b 00 00 33 ff 39
0x00007ff895451c51:   3d c2 43 00 00 76 24 48 8b 05 c1 43 00 00 48 8b
0x00007ff895451c61:   d6 48 8b 1c f8 48 8b 0b e8 72 1e 00 00 85 c0 74
0x00007ff895451c71:   2b ff c7 3b 3d 9e 43 00 00 72 dc 33 db 48 8d 0d
0x00007ff895451c81:   9b 45 00 00 e8 7a 0b 00 00 48 8b 74 24 38 48 8b
0x00007ff895451c91:   c3 48 8b 5c 24 30 48 83 c4 20 5f c3 ff 43 08 eb
0x00007ff895451ca1:   dc cc cc 48 89 5c 24 08 48 89 74 24 10 57 48 83
0x00007ff895451cb1:   ec 20 48 8b d9 48 8b f2 48 8b 49 10 49 8b f8 8b
0x00007ff895451cc1:   53 30 48 8b 01 ff 50 20 4c 8b 43 50 48 8b d6 48
0x00007ff895451cd1:   8b 4b 10 44 8b c8 e8 a8 fe ff ff 83 f8 ff 74 38 



---------------  P R O C E S S  ---------------

VM state: not at safepoint (not fully initialized)

VM Mutex/Monitor currently owned by a thread: None

GC Precious Log:
<Not initialized>


Dynamic libraries:
0x00007ff6fc0a0000 - 0x00007ff6fc0ae000 	c:\Users\mathesh.n\.vscode\extensions\redhat.java-1.14.0-win32-x64\jre\17.0.5-win32-x86_64\bin\java.exe
0x00007ff89d090000 - 0x00007ff89d288000 	C:\WINDOWS\SYSTEM32\ntdll.dll
0x00007ff89c850000 - 0x00007ff89c90f000 	C:\WINDOWS\System32\KERNEL32.DLL
0x00007ff89adf0000 - 0x00007ff89b0c2000 	C:\WINDOWS\System32\KERNELBASE.dll
0x00007ff89abc0000 - 0x00007ff89acc0000 	C:\WINDOWS\System32\ucrtbase.dll
0x00007ff872d10000 - 0x00007ff872d27000 	c:\Users\mathesh.n\.vscode\extensions\redhat.java-1.14.0-win32-x64\jre\17.0.5-win32-x86_64\bin\jli.dll
0x00007ff89b830000 - 0x00007ff89b9d1000 	C:\WINDOWS\System32\USER32.dll
0x00007ff8730d0000 - 0x00007ff8730e9000 	c:\Users\mathesh.n\.vscode\extensions\redhat.java-1.14.0-win32-x64\jre\17.0.5-win32-x86_64\bin\VCRUNTIME140.dll
0x00007ff89a780000 - 0x00007ff89a7a2000 	C:\WINDOWS\System32\win32u.dll
0x00007ff89bab0000 - 0x00007ff89badb000 	C:\WINDOWS\System32\GDI32.dll
0x00007ff89a910000 - 0x00007ff89aa1f000 	C:\WINDOWS\System32\gdi32full.dll
0x00007ff89aa90000 - 0x00007ff89ab2d000 	C:\WINDOWS\System32\msvcp_win.dll
0x00007ff87af40000 - 0x00007ff87b1da000 	C:\WINDOWS\WinSxS\amd64_microsoft.windows.common-controls_6595b64144ccf1df_6.0.19041.1110_none_60b5254171f9507e\COMCTL32.dll
0x00007ff89b260000 - 0x00007ff89b2fe000 	C:\WINDOWS\System32\msvcrt.dll
0x00007ff89c7b0000 - 0x00007ff89c7e2000 	C:\WINDOWS\System32\IMM32.DLL
0x00007ff894480000 - 0x00007ff89448c000 	c:\Users\mathesh.n\.vscode\extensions\redhat.java-1.14.0-win32-x64\jre\17.0.5-win32-x86_64\bin\vcruntime140_1.dll
0x00007ff85b370000 - 0x00007ff85b401000 	c:\Users\mathesh.n\.vscode\extensions\redhat.java-1.14.0-win32-x64\jre\17.0.5-win32-x86_64\bin\msvcp140.dll
0x00007ff8598c0000 - 0x00007ff85a504000 	c:\Users\mathesh.n\.vscode\extensions\redhat.java-1.14.0-win32-x64\jre\17.0.5-win32-x86_64\bin\server\jvm.dll
0x00007ff89b0d0000 - 0x00007ff89b17e000 	C:\WINDOWS\System32\ADVAPI32.dll
0x00007ff89b430000 - 0x00007ff89b4cc000 	C:\WINDOWS\System32\sechost.dll
0x00007ff89cf20000 - 0x00007ff89d045000 	C:\WINDOWS\System32\RPCRT4.dll
0x00007ff8787f0000 - 0x00007ff8787f9000 	C:\WINDOWS\SYSTEM32\WSOCK32.dll
0x00007ff89c730000 - 0x00007ff89c79b000 	C:\WINDOWS\System32\WS2_32.dll
0x00007ff87ca70000 - 0x00007ff87ca97000 	C:\WINDOWS\SYSTEM32\WINMM.dll
0x00007ff894960000 - 0x00007ff89496a000 	C:\WINDOWS\SYSTEM32\VERSION.dll
0x00007ff898660000 - 0x00007ff898672000 	C:\WINDOWS\SYSTEM32\kernel.appcore.dll
0x00007ff895450000 - 0x00007ff89545a000 	c:\Users\mathesh.n\.vscode\extensions\redhat.java-1.14.0-win32-x64\jre\17.0.5-win32-x86_64\bin\jimage.dll
0x00007ff890a20000 - 0x00007ff890c04000 	C:\WINDOWS\SYSTEM32\DBGHELP.DLL
0x00007ff890590000 - 0x00007ff8905c5000 	C:\WINDOWS\SYSTEM32\dbgcore.DLL
0x00007ff89ab30000 - 0x00007ff89abb2000 	C:\WINDOWS\System32\bcryptPrimitives.dll

dbghelp: loaded successfully - version: 4.0.5 - missing functions: none
symbol engine: initialized successfully - sym options: 0x614 - pdb path: .;c:\Users\mathesh.n\.vscode\extensions\redhat.java-1.14.0-win32-x64\jre\17.0.5-win32-x86_64\bin;C:\WINDOWS\SYSTEM32;C:\WINDOWS\WinSxS\amd64_microsoft.windows.common-controls_6595b64144ccf1df_6.0.19041.1110_none_60b5254171f9507e;c:\Users\mathesh.n\.vscode\extensions\redhat.java-1.14.0-win32-x64\jre\17.0.5-win32-x86_64\bin\server

VM Arguments:
java_command: <unknown>
java_class_path (initial): <not set>
Launcher Type: SUN_STANDARD

[Global flags]
     bool UseLargePagesIndividualAllocation        = false                                  {pd product} {ergonomic}

Logging:
Log output configuration:
 #0: stdout all=warning uptime,level,tags
 #1: stderr all=off uptime,level,tags

Environment Variables:
PATH=C:\Program Files\Common Files\Oracle\Java\javapath;C:\WINDOWS\system32;C:\WINDOWS;C:\WINDOWS\System32\Wbem;C:\WINDOWS\System32\WindowsPowerShell\v1.0\;C:\Program Files (x86)\ATI Technologies\ATI.ACE\Core-Static;C:\WINDOWS\System32\OpenSSH\;C:\Program Files\PuTTY\;C:\Program Files\Microsoft VS Code\bin;C:\Users\mathesh.n\AppData\Local\Microsoft\WindowsApps;C:\Users\mathesh.n\AppData\Local\Programs\Git\cmd;C:\Users\mathesh.n\AppData\Local\GitHubDesktop\bin
USERNAME=mathesh.n
OS=Windows_NT
PROCESSOR_IDENTIFIER=Intel64 Family 6 Model 58 Stepping 9, GenuineIntel
TMP=C:\Users\mathesh.n\AppData\Local\Temp
TEMP=C:\Users\mathesh.n\AppData\Local\Temp



---------------  S Y S T E M  ---------------

OS:
 Windows 10 , 64 bit Build 19041 (10.0.19041.2364)
OS uptime: 11 days 21:13 hours

CPU: total 4 (initial active 0) 

Memory: 4k page, system-wide physical 7866M (1229M free)
TotalPageFile size 20297M (AvailPageFile size 5M)
current process WorkingSet (physical memory assigned to process): 7M, peak: 7M
current process commit charge ("private bytes"): 3M, peak: 3M

vm_info: OpenJDK 64-Bit Server VM (17.0.5+8) for windows-amd64 JRE (17.0.5+8), built on Oct 19 2022 04:48:13 by "temurin" with MS VC++ 16.7 (VS2019)

END.
