#
# There is insufficient memory for the Java Runtime Environment to continue.
# Native memory allocation (malloc) failed to allocate 32744 bytes for ChunkPool::allocate
# Possible reasons:
#   The system is out of physical RAM or swap space
#   The process is running with CompressedOops enabled, and the Java Heap may be blocking the growth of the native heap
# Possible solutions:
#   Reduce memory load on the system
#   Increase physical memory or swap space
#   Check if swap backing store is full
#   Decrease Java heap size (-Xmx/-Xms)
#   Decrease number of Java threads
#   Decrease Java thread stack sizes (-Xss)
#   Set larger code cache with -XX:ReservedCodeCacheSize=
#   JVM is running with Unscaled Compressed Oops mode in which the Java heap is
#     placed in the first 4GB address space. The Java Heap base address is the
#     maximum limit for the native heap growth. Please use -XX:HeapBaseMinAddress
#     to set the Java Heap base and to place the Java Heap above 4GB virtual address.
# This output file may be truncated or incomplete.
#
#  Out of Memory Error (arena.cpp:78), pid=17032, tid=15932
#
# JRE version: OpenJDK Runtime Environment Temurin-17.0.5+8 (17.0.5+8) (build 17.0.5+8)
# Java VM: OpenJDK 64-Bit Server VM Temurin-17.0.5+8 (17.0.5+8, mixed mode, tiered, compressed oops, compressed class ptrs, parallel gc, windows-amd64)
# No core dump will be written. Minidumps are not enabled by default on client versions of Windows
#

---------------  S U M M A R Y ------------

Command Line: --add-modules=ALL-SYSTEM --add-opens=java.base/java.util=ALL-UNNAMED --add-opens=java.base/java.lang=ALL-UNNAMED --add-opens=java.base/sun.nio.fs=ALL-UNNAMED -Declipse.application=org.eclipse.jdt.ls.core.id1 -Dosgi.bundles.defaultStartLevel=4 -Declipse.product=org.eclipse.jdt.ls.core.product -Djava.import.generatesMetadataFilesAtProjectRoot=false -Dfile.encoding=utf8 -XX:+UseParallelGC -XX:GCTimeRatio=4 -XX:AdaptiveSizePolicyWeight=90 -Dsun.zip.disableMemoryMapping=true -Xmx1G -Xms100m -Xlog:disable -javaagent:c:\Users\mathesh.n\.vscode\extensions\redhat.java-1.14.0-win32-x64\lombok\lombok-1.18.24.jar c:\Users\mathesh.n\.vscode\extensions\redhat.java-1.14.0-win32-x64\server\plugins\org.eclipse.equinox.launcher_1.6.400.v20210924-0641.jar -configuration c:\Users\mathesh.n\AppData\Roaming\Code\User\globalStorage\redhat.java\1.14.0\config_ss_win -data c:\Users\mathesh.n\AppData\Roaming\Code\User\workspaceStorage\f280073a7c3544646ebc500b0612ce92\redhat.java\ss_ws

Host: Intel(R) Core(TM) i3-3210 CPU @ 3.20GHz, 4 cores, 7G,  Windows 10 , 64 bit Build 19041 (10.0.19041.2364)
Time: Tue Jan 31 10:37:18 2023 India Standard Time elapsed time: 8.588948 seconds (0d 0h 0m 8s)

---------------  T H R E A D  ---------------

Current thread (0x000001c2e1670980):  JavaThread "C2 CompilerThread0" daemon [_thread_in_native, id=15932, stack(0x00000009bfa00000,0x00000009bfb00000)]


Current CompileTask:
C2:   8589 2276       4       org.objectweb.asm.ClassReader::readMethod (1066 bytes)

Stack: [0x00000009bfa00000,0x00000009bfb00000]
Native frames: (J=compiled Java code, j=interpreted, Vv=VM code, C=native code)
V  [jvm.dll+0x676b3a]
V  [jvm.dll+0x831444]
V  [jvm.dll+0x832bee]
V  [jvm.dll+0x833253]
V  [jvm.dll+0x244ce5]
V  [jvm.dll+0xabdcc]
V  [jvm.dll+0xac17c]
V  [jvm.dll+0x653e8f]
V  [jvm.dll+0x652854]
V  [jvm.dll+0x6c3889]
V  [jvm.dll+0x1bb3a1]
V  [jvm.dll+0x217ca9]
V  [jvm.dll+0x216f71]
V  [jvm.dll+0x1a343d]
V  [jvm.dll+0x22698a]
V  [jvm.dll+0x224ac5]
V  [jvm.dll+0x7e727b]
V  [jvm.dll+0x7e17ea]
V  [jvm.dll+0x6759e5]
C  [ucrtbase.dll+0x21bb2]
C  [KERNEL32.DLL+0x17614]
C  [ntdll.dll+0x526a1]


---------------  P R O C E S S  ---------------

Threads class SMR info:
_java_thread_list=0x000001c2e4b74960, length=21, elements={
0x000001c2cd81bd50, 0x000001c2e1637730, 0x000001c2e1638560, 0x000001c2e1664270,
0x000001c2e1664e20, 0x000001c2e1668080, 0x000001c2e166cf80, 0x000001c2e1670980,
0x000001c2e1674450, 0x000001c2e1684d30, 0x000001c2e30c7ad0, 0x000001c2e329b650,
0x000001c2e3a5b860, 0x000001c2e33c8a10, 0x000001c2e495c2b0, 0x000001c2e38fe050,
0x000001c2e3a888b0, 0x000001c2e46b7330, 0x000001c2e4a19850, 0x000001c2e3451240,
0x000001c2e3452f20
}

Java Threads: ( => current thread )
  0x000001c2cd81bd50 JavaThread "main" [_thread_blocked, id=18028, stack(0x00000009bf100000,0x00000009bf200000)]
  0x000001c2e1637730 JavaThread "Reference Handler" daemon [_thread_blocked, id=18316, stack(0x00000009bf400000,0x00000009bf500000)]
  0x000001c2e1638560 JavaThread "Finalizer" daemon [_thread_blocked, id=18336, stack(0x00000009bf500000,0x00000009bf600000)]
  0x000001c2e1664270 JavaThread "Signal Dispatcher" daemon [_thread_blocked, id=18304, stack(0x00000009bf600000,0x00000009bf700000)]
  0x000001c2e1664e20 JavaThread "Attach Listener" daemon [_thread_blocked, id=7632, stack(0x00000009bf700000,0x00000009bf800000)]
  0x000001c2e1668080 JavaThread "Service Thread" daemon [_thread_blocked, id=7984, stack(0x00000009bf800000,0x00000009bf900000)]
  0x000001c2e166cf80 JavaThread "Monitor Deflation Thread" daemon [_thread_blocked, id=11072, stack(0x00000009bf900000,0x00000009bfa00000)]
=>0x000001c2e1670980 JavaThread "C2 CompilerThread0" daemon [_thread_in_native, id=15932, stack(0x00000009bfa00000,0x00000009bfb00000)]
  0x000001c2e1674450 JavaThread "C1 CompilerThread0" daemon [_thread_blocked, id=18452, stack(0x00000009bfb00000,0x00000009bfc00000)]
  0x000001c2e1684d30 JavaThread "Sweeper thread" daemon [_thread_blocked, id=828, stack(0x00000009bfc00000,0x00000009bfd00000)]
  0x000001c2e30c7ad0 JavaThread "Common-Cleaner" daemon [_thread_blocked, id=18764, stack(0x00000009bfd00000,0x00000009bfe00000)]
  0x000001c2e329b650 JavaThread "Notification Thread" daemon [_thread_blocked, id=19028, stack(0x00000009bfe00000,0x00000009bff00000)]
  0x000001c2e3a5b860 JavaThread "Active Thread: Equinox Container: 97a29f33-785e-462d-8e81-e2db2f595431" [_thread_blocked, id=18232, stack(0x00000009c0300000,0x00000009c0400000)]
  0x000001c2e33c8a10 JavaThread "Framework Event Dispatcher: Equinox Container: 97a29f33-785e-462d-8e81-e2db2f595431" daemon [_thread_blocked, id=17996, stack(0x00000009c0400000,0x00000009c0500000)]
  0x000001c2e495c2b0 JavaThread "Start Level: Equinox Container: 97a29f33-785e-462d-8e81-e2db2f595431" daemon [_thread_blocked, id=19132, stack(0x00000009c0500000,0x00000009c0600000)]
  0x000001c2e38fe050 JavaThread "SCR Component Actor" daemon [_thread_blocked, id=18804, stack(0x00000009c0600000,0x00000009c0700000)]
  0x000001c2e3a888b0 JavaThread "SCR Component Registry" daemon [_thread_blocked, id=16212, stack(0x00000009c0700000,0x00000009c0800000)]
  0x000001c2e46b7330 JavaThread "Worker-JM" [_thread_blocked, id=17864, stack(0x00000009c0800000,0x00000009c0900000)]
  0x000001c2e4a19850 JavaThread "Worker-0" [_thread_blocked, id=18788, stack(0x00000009c0900000,0x00000009c0a00000)]
  0x000001c2e3451240 JavaThread "Worker-1" [_thread_blocked, id=17560, stack(0x00000009c0a00000,0x00000009c0b00000)]
  0x000001c2e3452f20 JavaThread "Java indexing" daemon [_thread_new, id=18480, stack(0x0000000000000000,0x0000000000000000)]

Other Threads:
  0x000001c2e16219d0 VMThread "VM Thread" [stack: 0x00000009bf300000,0x00000009bf400000] [id=16980] _threads_hazard_ptr=0x000001c2e4b74960
  0x000001c2e329c390 WatcherThread [stack: 0x00000009bff00000,0x00000009c0000000] [id=16416]
  0x000001c2cd8308c0 GCTaskThread "GC Thread#0" [stack: 0x00000009bf200000,0x00000009bf300000] [id=18644]
  0x000001c2e3815810 GCTaskThread "GC Thread#1" [stack: 0x00000009c0000000,0x00000009c0100000] [id=14720]
  0x000001c2e3bace10 GCTaskThread "GC Thread#2" [stack: 0x00000009c0100000,0x00000009c0200000] [id=11136]
  0x000001c2e3bad0c0 GCTaskThread "GC Thread#3" [stack: 0x00000009c0200000,0x00000009c0300000] [id=5840]

Threads with active compile tasks:
C2 CompilerThread0     8722 2276       4       org.objectweb.asm.ClassReader::readMethod (1066 bytes)

VM state: not at safepoint (normal execution)

VM Mutex/Monitor currently owned by a thread:  ([mutex/lock_event])
[0x000001c2cd8175e0] Compile_lock - owner thread: 0x000001c2e495c2b0

Heap address: 0x00000000c0000000, size: 1024 MB, Compressed Oops mode: 32-bit

CDS archive(s) not mapped
Compressed class space mapped at: 0x0000000100000000-0x0000000140000000, reserved size: 1073741824
Narrow klass base: 0x0000000000000000, Narrow klass shift: 3, Narrow klass range: 0x140000000

GC Precious Log:
 CPUs: 4 total, 4 available
 Memory: 7866M
 Large Page Support: Disabled
 NUMA Support: Disabled
 Compressed Oops: Enabled (32-bit)
 Alignments: Space 512K, Generation 512K, Heap 2M
 Heap Min Capacity: 100M
 Heap Initial Capacity: 100M
 Heap Max Capacity: 1G
 Pre-touch: Disabled
 Parallel Workers: 4

Heap:
 PSYoungGen      total 25600K, used 23368K [0x00000000eab00000, 0x00000000ec880000, 0x0000000100000000)
  eden space 25088K, 91% used [0x00000000eab00000,0x00000000ec167608,0x00000000ec380000)
  from space 512K, 83% used [0x00000000ec400000,0x00000000ec46aba8,0x00000000ec480000)
  to   space 2048K, 0% used [0x00000000ec680000,0x00000000ec680000,0x00000000ec880000)
 ParOldGen       total 68608K, used 7256K [0x00000000c0000000, 0x00000000c4300000, 0x00000000eab00000)
  object space 68608K, 10% used [0x00000000c0000000,0x00000000c0716268,0x00000000c4300000)
 Metaspace       used 27088K, committed 27584K, reserved 1081344K
  class space    used 2615K, committed 2880K, reserved 1048576K

Card table byte_map: [0x000001c2cd1d0000,0x000001c2cd3e0000] _byte_map_base: 0x000001c2ccbd0000

Marking Bits: (ParMarkBitMap*) 0x00007ff861640dd0
 Begin Bits: [0x000001c2df4b0000, 0x000001c2e04b0000)
 End Bits:   [0x000001c2e04b0000, 0x000001c2e14b0000)

Polling page: 0x000001c2cb660000

Metaspace:

Usage:
  Non-class:     23.90 MB used.
      Class:      2.55 MB used.
       Both:     26.45 MB used.

Virtual space:
  Non-class space:       32.00 MB reserved,      24.12 MB ( 75%) committed,  4 nodes.
      Class space:        1.00 GB reserved,       2.81 MB ( <1%) committed,  1 nodes.
             Both:        1.03 GB reserved,      26.94 MB (  3%) committed. 

Chunk freelists:
   Non-Class:  3.52 MB
       Class:  1.04 MB
        Both:  4.56 MB

MaxMetaspaceSize: unlimited
CompressedClassSpaceSize: 1.00 GB
Initial GC threshold: 21.00 MB
Current GC threshold: 35.00 MB
CDS: off
MetaspaceReclaimPolicy: balanced
 - commit_granule_bytes: 65536.
 - commit_granule_words: 8192.
 - virtual_space_node_default_size: 1048576.
 - enlarge_chunks_in_place: 1.
 - new_chunks_are_fully_committed: 0.
 - uncommit_free_chunks: 1.
 - use_allocation_guard: 0.
 - handle_deallocations: 1.


Internal statistics:

num_allocs_failed_limit: 3.
num_arena_births: 214.
num_arena_deaths: 14.
num_vsnodes_births: 5.
num_vsnodes_deaths: 0.
num_space_committed: 431.
num_space_uncommitted: 0.
num_chunks_returned_to_freelist: 17.
num_chunks_taken_from_freelist: 928.
num_chunk_merges: 7.
num_chunk_splits: 629.
num_chunks_enlarged: 443.
num_purges: 2.
num_inconsistent_stats: 0.

CodeHeap 'non-profiled nmethods': size=120000Kb used=908Kb max_used=908Kb free=119091Kb
 bounds [0x000001c2d7f80000, 0x000001c2d81f0000, 0x000001c2df4b0000]
CodeHeap 'profiled nmethods': size=120000Kb used=4820Kb max_used=4820Kb free=115179Kb
 bounds [0x000001c2d0a50000, 0x000001c2d0f10000, 0x000001c2d7f80000]
CodeHeap 'non-nmethods': size=5760Kb used=1229Kb max_used=1230Kb free=4530Kb
 bounds [0x000001c2d04b0000, 0x000001c2d0720000, 0x000001c2d0a50000]
 total_blobs=2895 nmethods=2358 adapters=451
 compilation: enabled
              stopped_count=0, restarted_count=0
 full_count=0

Compilation events (20 events):
Event: 8.419 Thread 0x000001c2e1674450 2349       3       jdk.internal.org.objectweb.asm.Type::getTypeInternal (199 bytes)
Event: 8.421 Thread 0x000001c2e1674450 nmethod 2349 0x000001c2d0eff710 code [0x000001c2d0eff9c0, 0x000001c2d0f007a8]
Event: 8.421 Thread 0x000001c2e1674450 2351       3       java.lang.invoke.InvokerBytecodeGenerator::emitStoreResult (27 bytes)
Event: 8.421 Thread 0x000001c2e1674450 nmethod 2351 0x000001c2d0f00c10 code [0x000001c2d0f00dc0, 0x000001c2d0f00fa8]
Event: 8.422 Thread 0x000001c2e1674450 2353       3       java.lang.reflect.Modifier::isPrivate (12 bytes)
Event: 8.422 Thread 0x000001c2e1674450 nmethod 2353 0x000001c2d0f01090 code [0x000001c2d0f01220, 0x000001c2d0f01378]
Event: 8.422 Thread 0x000001c2e1674450 2352       3       java.lang.invoke.LambdaForm$NamedFunction::intrinsicName (21 bytes)
Event: 8.422 Thread 0x000001c2e1674450 nmethod 2352 0x000001c2d0f01410 code [0x000001c2d0f015c0, 0x000001c2d0f01808]
Event: 8.422 Thread 0x000001c2e1674450 2354       3       java.lang.invoke.LambdaFormBuffer::ownedCount (7 bytes)
Event: 8.422 Thread 0x000001c2e1674450 nmethod 2354 0x000001c2d0f01910 code [0x000001c2d0f01aa0, 0x000001c2d0f01bb8]
Event: 8.423 Thread 0x000001c2e1674450 2355       3       java.lang.invoke.LambdaForm$Name::replaceNames (175 bytes)
Event: 8.424 Thread 0x000001c2e1674450 nmethod 2355 0x000001c2d0f01c90 code [0x000001c2d0f01ec0, 0x000001c2d0f02a38]
Event: 8.424 Thread 0x000001c2e1674450 2356       3       java.lang.invoke.LambdaForm::useCount (61 bytes)
Event: 8.425 Thread 0x000001c2e1674450 nmethod 2356 0x000001c2d0f02d90 code [0x000001c2d0f02f60, 0x000001c2d0f032c8]
Event: 8.425 Thread 0x000001c2e1674450 2357       3       java.lang.invoke.DirectMethodHandle::internalMemberName (8 bytes)
Event: 8.425 Thread 0x000001c2e1674450 nmethod 2357 0x000001c2d0f03490 code [0x000001c2d0f03620, 0x000001c2d0f037f8]
Event: 8.482 Thread 0x000001c2e1674450 2358       1       org.eclipse.core.internal.jobs.InternalJob::previous (5 bytes)
Event: 8.482 Thread 0x000001c2e1674450 nmethod 2358 0x000001c2d8062d90 code [0x000001c2d8062f20, 0x000001c2d8062ff8]
Event: 8.486 Thread 0x000001c2e1674450 2359       1       sun.nio.fs.WindowsFileSystem::provider (5 bytes)
Event: 8.486 Thread 0x000001c2e1674450 nmethod 2359 0x000001c2d8063090 code [0x000001c2d8063220, 0x000001c2d80632f8]

GC Heap History (12 events):
Event: 2.943 GC heap before
{Heap before GC invocations=1 (full 0):
 PSYoungGen      total 29696K, used 25600K [0x00000000eab00000, 0x00000000ecc00000, 0x0000000100000000)
  eden space 25600K, 100% used [0x00000000eab00000,0x00000000ec400000,0x00000000ec400000)
  from space 4096K, 0% used [0x00000000ec800000,0x00000000ec800000,0x00000000ecc00000)
  to   space 4096K, 0% used [0x00000000ec400000,0x00000000ec400000,0x00000000ec800000)
 ParOldGen       total 68608K, used 0K [0x00000000c0000000, 0x00000000c4300000, 0x00000000eab00000)
  object space 68608K, 0% used [0x00000000c0000000,0x00000000c0000000,0x00000000c4300000)
 Metaspace       used 10989K, committed 11200K, reserved 1064960K
  class space    used 1091K, committed 1216K, reserved 1048576K
}
Event: 2.979 GC heap after
{Heap after GC invocations=1 (full 0):
 PSYoungGen      total 29696K, used 3704K [0x00000000eab00000, 0x00000000ecc00000, 0x0000000100000000)
  eden space 25600K, 0% used [0x00000000eab00000,0x00000000eab00000,0x00000000ec400000)
  from space 4096K, 90% used [0x00000000ec400000,0x00000000ec79e218,0x00000000ec800000)
  to   space 4096K, 0% used [0x00000000ec800000,0x00000000ec800000,0x00000000ecc00000)
 ParOldGen       total 68608K, used 0K [0x00000000c0000000, 0x00000000c4300000, 0x00000000eab00000)
  object space 68608K, 0% used [0x00000000c0000000,0x00000000c0000000,0x00000000c4300000)
 Metaspace       used 10989K, committed 11200K, reserved 1064960K
  class space    used 1091K, committed 1216K, reserved 1048576K
}
Event: 5.293 GC heap before
{Heap before GC invocations=2 (full 0):
 PSYoungGen      total 29696K, used 29304K [0x00000000eab00000, 0x00000000ecc00000, 0x0000000100000000)
  eden space 25600K, 100% used [0x00000000eab00000,0x00000000ec400000,0x00000000ec400000)
  from space 4096K, 90% used [0x00000000ec400000,0x00000000ec79e218,0x00000000ec800000)
  to   space 4096K, 0% used [0x00000000ec800000,0x00000000ec800000,0x00000000ecc00000)
 ParOldGen       total 68608K, used 0K [0x00000000c0000000, 0x00000000c4300000, 0x00000000eab00000)
  object space 68608K, 0% used [0x00000000c0000000,0x00000000c0000000,0x00000000c4300000)
 Metaspace       used 15310K, committed 15616K, reserved 1064960K
  class space    used 1554K, committed 1728K, reserved 1048576K
}
Event: 5.301 GC heap after
{Heap after GC invocations=2 (full 0):
 PSYoungGen      total 29696K, used 4077K [0x00000000eab00000, 0x00000000ecc00000, 0x0000000100000000)
  eden space 25600K, 0% used [0x00000000eab00000,0x00000000eab00000,0x00000000ec400000)
  from space 4096K, 99% used [0x00000000ec800000,0x00000000ecbfb708,0x00000000ecc00000)
  to   space 4096K, 0% used [0x00000000ec400000,0x00000000ec400000,0x00000000ec800000)
 ParOldGen       total 68608K, used 1311K [0x00000000c0000000, 0x00000000c4300000, 0x00000000eab00000)
  object space 68608K, 1% used [0x00000000c0000000,0x00000000c0147ee8,0x00000000c4300000)
 Metaspace       used 15310K, committed 15616K, reserved 1064960K
  class space    used 1554K, committed 1728K, reserved 1048576K
}
Event: 7.161 GC heap before
{Heap before GC invocations=3 (full 0):
 PSYoungGen      total 29696K, used 29677K [0x00000000eab00000, 0x00000000ecc00000, 0x0000000100000000)
  eden space 25600K, 100% used [0x00000000eab00000,0x00000000ec400000,0x00000000ec400000)
  from space 4096K, 99% used [0x00000000ec800000,0x00000000ecbfb708,0x00000000ecc00000)
  to   space 4096K, 0% used [0x00000000ec400000,0x00000000ec400000,0x00000000ec800000)
 ParOldGen       total 68608K, used 1311K [0x00000000c0000000, 0x00000000c4300000, 0x00000000eab00000)
  object space 68608K, 1% used [0x00000000c0000000,0x00000000c0147ee8,0x00000000c4300000)
 Metaspace       used 20359K, committed 20800K, reserved 1073152K
  class space    used 2076K, committed 2240K, reserved 1048576K
}
Event: 7.169 GC heap after
{Heap after GC invocations=3 (full 0):
 PSYoungGen      total 29696K, used 4094K [0x00000000eab00000, 0x00000000ecc00000, 0x0000000100000000)
  eden space 25600K, 0% used [0x00000000eab00000,0x00000000eab00000,0x00000000ec400000)
  from space 4096K, 99% used [0x00000000ec400000,0x00000000ec7ff968,0x00000000ec800000)
  to   space 4096K, 0% used [0x00000000ec800000,0x00000000ec800000,0x00000000ecc00000)
 ParOldGen       total 68608K, used 2822K [0x00000000c0000000, 0x00000000c4300000, 0x00000000eab00000)
  object space 68608K, 4% used [0x00000000c0000000,0x00000000c02c1ab8,0x00000000c4300000)
 Metaspace       used 20359K, committed 20800K, reserved 1073152K
  class space    used 2076K, committed 2240K, reserved 1048576K
}
Event: 7.445 GC heap before
{Heap before GC invocations=4 (full 0):
 PSYoungGen      total 29696K, used 8686K [0x00000000eab00000, 0x00000000ecc00000, 0x0000000100000000)
  eden space 25600K, 17% used [0x00000000eab00000,0x00000000eaf7c030,0x00000000ec400000)
  from space 4096K, 99% used [0x00000000ec400000,0x00000000ec7ff968,0x00000000ec800000)
  to   space 4096K, 0% used [0x00000000ec800000,0x00000000ec800000,0x00000000ecc00000)
 ParOldGen       total 68608K, used 2822K [0x00000000c0000000, 0x00000000c4300000, 0x00000000eab00000)
  object space 68608K, 4% used [0x00000000c0000000,0x00000000c02c1ab8,0x00000000c4300000)
 Metaspace       used 21061K, committed 21504K, reserved 1073152K
  class space    used 2149K, committed 2368K, reserved 1048576K
}
Event: 7.452 GC heap after
{Heap after GC invocations=4 (full 0):
 PSYoungGen      total 29696K, used 4088K [0x00000000eab00000, 0x00000000ecc00000, 0x0000000100000000)
  eden space 25600K, 0% used [0x00000000eab00000,0x00000000eab00000,0x00000000ec400000)
  from space 4096K, 99% used [0x00000000ec800000,0x00000000ecbfe2e8,0x00000000ecc00000)
  to   space 4096K, 0% used [0x00000000ec400000,0x00000000ec400000,0x00000000ec800000)
 ParOldGen       total 68608K, used 3314K [0x00000000c0000000, 0x00000000c4300000, 0x00000000eab00000)
  object space 68608K, 4% used [0x00000000c0000000,0x00000000c033cab0,0x00000000c4300000)
 Metaspace       used 21061K, committed 21504K, reserved 1073152K
  class space    used 2149K, committed 2368K, reserved 1048576K
}
Event: 7.452 GC heap before
{Heap before GC invocations=5 (full 1):
 PSYoungGen      total 29696K, used 4088K [0x00000000eab00000, 0x00000000ecc00000, 0x0000000100000000)
  eden space 25600K, 0% used [0x00000000eab00000,0x00000000eab00000,0x00000000ec400000)
  from space 4096K, 99% used [0x00000000ec800000,0x00000000ecbfe2e8,0x00000000ecc00000)
  to   space 4096K, 0% used [0x00000000ec400000,0x00000000ec400000,0x00000000ec800000)
 ParOldGen       total 68608K, used 3314K [0x00000000c0000000, 0x00000000c4300000, 0x00000000eab00000)
  object space 68608K, 4% used [0x00000000c0000000,0x00000000c033cab0,0x00000000c4300000)
 Metaspace       used 21061K, committed 21504K, reserved 1073152K
  class space    used 2149K, committed 2368K, reserved 1048576K
}
Event: 7.485 GC heap after
{Heap after GC invocations=5 (full 1):
 PSYoungGen      total 29696K, used 0K [0x00000000eab00000, 0x00000000ecc00000, 0x0000000100000000)
  eden space 25600K, 0% used [0x00000000eab00000,0x00000000eab00000,0x00000000ec400000)
  from space 4096K, 0% used [0x00000000ec800000,0x00000000ec800000,0x00000000ecc00000)
  to   space 4096K, 0% used [0x00000000ec400000,0x00000000ec400000,0x00000000ec800000)
 ParOldGen       total 68608K, used 7248K [0x00000000c0000000, 0x00000000c4300000, 0x00000000eab00000)
  object space 68608K, 10% used [0x00000000c0000000,0x00000000c0714268,0x00000000c4300000)
 Metaspace       used 21048K, committed 21504K, reserved 1073152K
  class space    used 2146K, committed 2368K, reserved 1048576K
}
Event: 7.961 GC heap before
{Heap before GC invocations=6 (full 1):
 PSYoungGen      total 29696K, used 25600K [0x00000000eab00000, 0x00000000ecc00000, 0x0000000100000000)
  eden space 25600K, 100% used [0x00000000eab00000,0x00000000ec400000,0x00000000ec400000)
  from space 4096K, 0% used [0x00000000ec800000,0x00000000ec800000,0x00000000ecc00000)
  to   space 4096K, 0% used [0x00000000ec400000,0x00000000ec400000,0x00000000ec800000)
 ParOldGen       total 68608K, used 7248K [0x00000000c0000000, 0x00000000c4300000, 0x00000000eab00000)
  object space 68608K, 10% used [0x00000000c0000000,0x00000000c0714268,0x00000000c4300000)
 Metaspace       used 24493K, committed 24960K, reserved 1073152K
  class space    used 2395K, committed 2624K, reserved 1048576K
}
Event: 7.962 GC heap after
{Heap after GC invocations=6 (full 1):
 PSYoungGen      total 25600K, used 426K [0x00000000eab00000, 0x00000000ec880000, 0x0000000100000000)
  eden space 25088K, 0% used [0x00000000eab00000,0x00000000eab00000,0x00000000ec380000)
  from space 512K, 83% used [0x00000000ec400000,0x00000000ec46aba8,0x00000000ec480000)
  to   space 2048K, 0% used [0x00000000ec680000,0x00000000ec680000,0x00000000ec880000)
 ParOldGen       total 68608K, used 7256K [0x00000000c0000000, 0x00000000c4300000, 0x00000000eab00000)
  object space 68608K, 10% used [0x00000000c0000000,0x00000000c0716268,0x00000000c4300000)
 Metaspace       used 24493K, committed 24960K, reserved 1073152K
  class space    used 2395K, committed 2624K, reserved 1048576K
}

Dll operation events (9 events):
Event: 0.014 Loaded shared library c:\Users\mathesh.n\.vscode\extensions\redhat.java-1.14.0-win32-x64\jre\17.0.5-win32-x86_64\bin\java.dll
Event: 0.331 Loaded shared library c:\Users\mathesh.n\.vscode\extensions\redhat.java-1.14.0-win32-x64\jre\17.0.5-win32-x86_64\bin\zip.dll
Event: 0.336 Loaded shared library C:\Users\mathesh.n\.vscode\extensions\redhat.java-1.14.0-win32-x64\jre\17.0.5-win32-x86_64\bin\instrument.dll
Event: 0.389 Loaded shared library C:\Users\mathesh.n\.vscode\extensions\redhat.java-1.14.0-win32-x64\jre\17.0.5-win32-x86_64\bin\net.dll
Event: 0.393 Loaded shared library C:\Users\mathesh.n\.vscode\extensions\redhat.java-1.14.0-win32-x64\jre\17.0.5-win32-x86_64\bin\nio.dll
Event: 0.407 Loaded shared library C:\Users\mathesh.n\.vscode\extensions\redhat.java-1.14.0-win32-x64\jre\17.0.5-win32-x86_64\bin\zip.dll
Event: 0.456 Loaded shared library C:\Users\mathesh.n\.vscode\extensions\redhat.java-1.14.0-win32-x64\jre\17.0.5-win32-x86_64\bin\jimage.dll
Event: 0.564 Loaded shared library c:\Users\mathesh.n\.vscode\extensions\redhat.java-1.14.0-win32-x64\jre\17.0.5-win32-x86_64\bin\verify.dll
Event: 4.865 Loaded shared library C:\Users\mathesh.n\AppData\Roaming\Code\User\globalStorage\redhat.java\1.14.0\config_ss_win\org.eclipse.equinox.launcher\org.eclipse.equinox.launcher.win32.win32.x86_64_1.2.700.v20221108-1024\eclipse_11801.dll

Deoptimization events (20 events):
Event: 6.989 Thread 0x000001c2e495c2b0 Uncommon trap: trap_request=0xffffffc6 fr.pc=0x000001c2d8035e64 relative=0x00000000000021a4
Event: 6.989 Thread 0x000001c2e495c2b0 Uncommon trap: reason=bimorphic_or_optimized_type_check action=maybe_recompile pc=0x000001c2d8035e64 method=java.io.DataInputStream.readUnsignedShort()I @ 4 c2
Event: 6.989 Thread 0x000001c2e495c2b0 DEOPT PACKING pc=0x000001c2d8035e64 sp=0x00000009c05f92e0
Event: 6.989 Thread 0x000001c2e495c2b0 DEOPT UNPACKING pc=0x000001c2d05020a3 sp=0x00000009c05f9258 mode 2
Event: 6.989 Thread 0x000001c2e495c2b0 Uncommon trap: trap_request=0xffffffc6 fr.pc=0x000001c2d8035e64 relative=0x00000000000021a4
Event: 6.989 Thread 0x000001c2e495c2b0 Uncommon trap: reason=bimorphic_or_optimized_type_check action=maybe_recompile pc=0x000001c2d8035e64 method=java.io.DataInputStream.readUnsignedShort()I @ 4 c2
Event: 6.989 Thread 0x000001c2e495c2b0 DEOPT PACKING pc=0x000001c2d8035e64 sp=0x00000009c05f9230
Event: 6.989 Thread 0x000001c2e495c2b0 DEOPT UNPACKING pc=0x000001c2d05020a3 sp=0x00000009c05f91a8 mode 2
Event: 7.112 Thread 0x000001c2e495c2b0 Uncommon trap: trap_request=0xffffff45 fr.pc=0x000001c2d8013740 relative=0x0000000000000040
Event: 7.112 Thread 0x000001c2e495c2b0 Uncommon trap: reason=unstable_if action=reinterpret pc=0x000001c2d8013740 method=sun.nio.fs.WindowsPathParser.isSlash(C)Z @ 9 c2
Event: 7.112 Thread 0x000001c2e495c2b0 DEOPT PACKING pc=0x000001c2d8013740 sp=0x00000009c05f90c0
Event: 7.112 Thread 0x000001c2e495c2b0 DEOPT UNPACKING pc=0x000001c2d05020a3 sp=0x00000009c05f9048 mode 2
Event: 8.290 Thread 0x000001c2e495c2b0 Uncommon trap: trap_request=0xffffff45 fr.pc=0x000001c2d80460d0 relative=0x0000000000000f10
Event: 8.290 Thread 0x000001c2e495c2b0 Uncommon trap: reason=unstable_if action=reinterpret pc=0x000001c2d80460d0 method=java.util.Properties.loadConvert([CIILjava/lang/StringBuilder;)Ljava/lang/String; @ 463 c2
Event: 8.290 Thread 0x000001c2e495c2b0 DEOPT PACKING pc=0x000001c2d80460d0 sp=0x00000009c05f7e10
Event: 8.290 Thread 0x000001c2e495c2b0 DEOPT UNPACKING pc=0x000001c2d05020a3 sp=0x00000009c05f7e00 mode 2
Event: 8.337 Thread 0x000001c2e495c2b0 Uncommon trap: trap_request=0xffffff45 fr.pc=0x000001c2d7fca374 relative=0x0000000000000074
Event: 8.337 Thread 0x000001c2e495c2b0 Uncommon trap: reason=unstable_if action=reinterpret pc=0x000001c2d7fca374 method=jdk.internal.misc.Unsafe.convEndian(ZJ)J @ 4 c2
Event: 8.337 Thread 0x000001c2e495c2b0 DEOPT PACKING pc=0x000001c2d7fca374 sp=0x00000009c05f8680
Event: 8.407 Thread 0x000001c2e495c2b0 DEOPT UNPACKING pc=0x000001c2d05020a3 sp=0x00000009c05f85a8 mode 2

Classes unloaded (7 events):
Event: 7.458 Thread 0x000001c2e16219d0 Unloading class 0x0000000100216400 'java/lang/invoke/LambdaForm$MH+0x0000000100216400'
Event: 7.458 Thread 0x000001c2e16219d0 Unloading class 0x0000000100216000 'java/lang/invoke/LambdaForm$MH+0x0000000100216000'
Event: 7.458 Thread 0x000001c2e16219d0 Unloading class 0x0000000100215c00 'java/lang/invoke/LambdaForm$MH+0x0000000100215c00'
Event: 7.458 Thread 0x000001c2e16219d0 Unloading class 0x0000000100215800 'java/lang/invoke/LambdaForm$MH+0x0000000100215800'
Event: 7.458 Thread 0x000001c2e16219d0 Unloading class 0x0000000100215000 'java/lang/invoke/LambdaForm$BMH+0x0000000100215000'
Event: 7.458 Thread 0x000001c2e16219d0 Unloading class 0x0000000100214c00 'java/lang/invoke/LambdaForm$DMH+0x0000000100214c00'
Event: 7.458 Thread 0x000001c2e16219d0 Unloading class 0x0000000100212000 'java/lang/invoke/LambdaForm$DMH+0x0000000100212000'

Classes redefined (0 events):
No events

Internal exceptions (20 events):
Event: 6.569 Thread 0x000001c2e495c2b0 Exception <a 'java/lang/NoSuchMethodError'{0x00000000ebc9d508}: 'int java.lang.invoke.DirectMethodHandle$Holder.invokeSpecial(java.lang.Object, java.lang.Object, java.lang.Object, int)'> (0x00000000ebc9d508) 
thrown [s\src\hotspot\share\interpreter\linkResolver.cpp, line 759]
Event: 6.573 Thread 0x000001c2e495c2b0 Exception <a 'java/lang/NoSuchMethodError'{0x00000000ebcb7f88}: 'java.lang.Object java.lang.invoke.DirectMethodHandle$Holder.invokeStatic(java.lang.Object, java.lang.Object, java.lang.Object, java.lang.Object, int)'> (0x00000000ebcb7f88) 
thrown [s\src\hotspot\share\interpreter\linkResolver.cpp, line 759]
Event: 6.575 Thread 0x000001c2e495c2b0 Exception <a 'java/lang/NoSuchMethodError'{0x00000000ebcc4350}: 'java.lang.Object java.lang.invoke.DelegatingMethodHandle$Holder.reinvoke_L(java.lang.Object, java.lang.Object, java.lang.Object, java.lang.Object, int, int)'> (0x00000000ebcc4350) 
thrown [s\src\hotspot\share\interpreter\linkResolver.cpp, line 759]
Event: 6.579 Thread 0x000001c2e495c2b0 Exception <a 'java/lang/NoSuchMethodError'{0x00000000ebcdc038}: 'java.lang.Object java.lang.invoke.Invokers$Holder.invokeExact_MT(java.lang.Object, java.lang.Object, java.lang.Object, java.lang.Object)'> (0x00000000ebcdc038) 
thrown [s\src\hotspot\share\interpreter\linkResolver.cpp, line 759]
Event: 6.992 Thread 0x000001c2e495c2b0 Exception <a 'java/lang/NoSuchMethodError'{0x00000000ec0eb828}: 'java.lang.Object java.lang.invoke.DirectMethodHandle$Holder.newInvokeSpecial(java.lang.Object, java.lang.Object, java.lang.Object, java.lang.Object, java.lang.Object)'> (0x00000000ec0eb828) 
thrown [s\src\hotspot\share\interpreter\linkResolver.cpp, line 759]
Event: 7.157 Thread 0x000001c2e495c2b0 Exception <a 'java/lang/NoSuchMethodError'{0x00000000ec3de268}: 'java.lang.Object java.lang.invoke.DirectMethodHandle$Holder.invokeSpecial(java.lang.Object, java.lang.Object, java.lang.Object, long, java.lang.Object)'> (0x00000000ec3de268) 
thrown [s\src\hotspot\share\interpreter\linkResolver.cpp, line 759]
Event: 7.158 Thread 0x000001c2e495c2b0 Exception <a 'java/lang/NoSuchMethodError'{0x00000000ec3e6420}: 'java.lang.Object java.lang.invoke.DirectMethodHandle$Holder.newInvokeSpecial(java.lang.Object, java.lang.Object, java.lang.Object, long)'> (0x00000000ec3e6420) 
thrown [s\src\hotspot\share\interpreter\linkResolver.cpp, line 759]
Event: 7.158 Thread 0x000001c2e495c2b0 Exception <a 'java/lang/NoSuchMethodError'{0x00000000ec3ea9c0}: 'java.lang.Object java.lang.invoke.DirectMethodHandle$Holder.invokeSpecial(java.lang.Object, java.lang.Object, java.lang.Object, java.lang.Object, long)'> (0x00000000ec3ea9c0) 
thrown [s\src\hotspot\share\interpreter\linkResolver.cpp, line 759]
Event: 7.322 Thread 0x000001c2e495c2b0 Exception <a 'java/lang/NoSuchMethodError'{0x00000000eab3e5c8}: 'int java.lang.invoke.DirectMethodHandle$Holder.invokeStaticInit(java.lang.Object, java.lang.Object, java.lang.Object)'> (0x00000000eab3e5c8) 
thrown [s\src\hotspot\share\interpreter\linkResolver.cpp, line 759]
Event: 7.329 Thread 0x000001c2e495c2b0 Exception <a 'java/lang/IncompatibleClassChangeError'{0x00000000eac350e0}: Found class java.lang.Object, but interface was expected> (0x00000000eac350e0) 
thrown [s\src\hotspot\share\interpreter\linkResolver.cpp, line 826]
Event: 7.351 Thread 0x000001c2e495c2b0 Exception <a 'java/lang/NoSuchMethodError'{0x00000000eac4fbe8}: 'java.lang.Object java.lang.invoke.DirectMethodHandle$Holder.invokeSpecial(java.lang.Object, java.lang.Object, java.lang.Object, int, java.lang.Object, java.lang.Object)'> (0x00000000eac4fbe8) 
thrown [s\src\hotspot\share\interpreter\linkResolver.cpp, line 759]
Event: 7.352 Thread 0x000001c2e495c2b0 Exception <a 'java/lang/NoSuchMethodError'{0x00000000eac58370}: 'java.lang.Object java.lang.invoke.DirectMethodHandle$Holder.newInvokeSpecial(java.lang.Object, java.lang.Object, java.lang.Object, int, java.lang.Object)'> (0x00000000eac58370) 
thrown [s\src\hotspot\share\interpreter\linkResolver.cpp, line 759]
Event: 7.353 Thread 0x000001c2e495c2b0 Exception <a 'java/lang/NoSuchMethodError'{0x00000000eac5c7c8}: 'java.lang.Object java.lang.invoke.DirectMethodHandle$Holder.invokeSpecial(java.lang.Object, java.lang.Object, java.lang.Object, java.lang.Object, int, java.lang.Object)'> (0x00000000eac5c7c8) 
thrown [s\src\hotspot\share\interpreter\linkResolver.cpp, line 759]
Event: 7.354 Thread 0x000001c2e4a19850 Exception <a 'java/lang/NoSuchMethodError'{0x00000000eab94838}: 'java.lang.Object java.lang.invoke.DirectMethodHandle$Holder.invokeSpecial(java.lang.Object, java.lang.Object, int, java.lang.Object, java.lang.Object)'> (0x00000000eab94838) 
thrown [s\src\hotspot\share\interpreter\linkResolver.cpp, line 759]
Event: 7.355 Thread 0x000001c2e4a19850 Exception <a 'java/lang/NoSuchMethodError'{0x00000000eab9bf08}: 'java.lang.Object java.lang.invoke.DirectMethodHandle$Holder.newInvokeSpecial(java.lang.Object, java.lang.Object, int, java.lang.Object)'> (0x00000000eab9bf08) 
thrown [s\src\hotspot\share\interpreter\linkResolver.cpp, line 759]
Event: 7.356 Thread 0x000001c2e4a19850 Exception <a 'java/lang/NoSuchMethodError'{0x00000000eab9fa18}: 'java.lang.Object java.lang.invoke.DirectMethodHandle$Holder.invokeSpecial(java.lang.Object, java.lang.Object, java.lang.Object, int, java.lang.Object)'> (0x00000000eab9fa18) 
thrown [s\src\hotspot\share\interpreter\linkResolver.cpp, line 759]
Event: 7.418 Thread 0x000001c2e4a19850 Exception <a 'java/io/FileNotFoundException'{0x00000000eadd4ad8}> (0x00000000eadd4ad8) 
thrown [s\src\hotspot\share\prims\jni.cpp, line 516]
Event: 8.336 Thread 0x000001c2e495c2b0 Exception <a 'java/lang/ClassNotFoundException'{0x00000000ebf97f98}: com/sun/org/apache/xerces/internal/impl/msg/spi/DOMMessagesProvider> (0x00000000ebf97f98) 
thrown [s\src\hotspot\share\classfile\systemDictionary.cpp, line 256]
Event: 8.410 Thread 0x000001c2e495c2b0 Exception <a 'java/lang/ClassNotFoundException'{0x00000000ebfbea18}: com/sun/org/apache/xerces/internal/impl/msg/spi/XMLSerializerMessagesProvider> (0x00000000ebfbea18) 
thrown [s\src\hotspot\share\classfile\systemDictionary.cpp, line 256]
Event: 8.411 Thread 0x000001c2e495c2b0 Exception <a 'java/lang/ClassNotFoundException'{0x00000000ebfcbef0}: com/sun/org/apache/xerces/internal/impl/msg/spi/XMLMessagesProvider> (0x00000000ebfcbef0) 
thrown [s\src\hotspot\share\classfile\systemDictionary.cpp, line 256]

VM Operations (20 events):
Event: 5.293 Executing VM operation: ParallelGCFailedAllocation
Event: 5.301 Executing VM operation: ParallelGCFailedAllocation done
Event: 6.251 Executing VM operation: HandshakeAllThreads
Event: 6.251 Executing VM operation: HandshakeAllThreads done
Event: 6.280 Executing VM operation: HandshakeAllThreads
Event: 6.280 Executing VM operation: HandshakeAllThreads done
Event: 6.288 Executing VM operation: HandshakeAllThreads
Event: 6.288 Executing VM operation: HandshakeAllThreads done
Event: 6.557 Executing VM operation: HandshakeAllThreads
Event: 6.557 Executing VM operation: HandshakeAllThreads done
Event: 6.557 Executing VM operation: Cleanup
Event: 6.557 Executing VM operation: Cleanup done
Event: 7.161 Executing VM operation: ParallelGCFailedAllocation
Event: 7.169 Executing VM operation: ParallelGCFailedAllocation done
Event: 7.403 Executing VM operation: HandshakeAllThreads
Event: 7.403 Executing VM operation: HandshakeAllThreads done
Event: 7.445 Executing VM operation: CollectForMetadataAllocation
Event: 7.486 Executing VM operation: CollectForMetadataAllocation done
Event: 7.961 Executing VM operation: ParallelGCFailedAllocation
Event: 7.962 Executing VM operation: ParallelGCFailedAllocation done

Events (20 events):
Event: 8.410 loading class com/sun/org/apache/xerces/internal/impl/msg/XMLSerializerMessages_en done
Event: 8.410 loading class com/sun/org/apache/xerces/internal/impl/msg/XMLSerializerMessages_en
Event: 8.410 loading class com/sun/org/apache/xerces/internal/impl/msg/XMLSerializerMessages_en done
Event: 8.410 loading class com/sun/org/apache/xerces/internal/impl/msg/XMLSerializerMessages_en_US
Event: 8.410 loading class com/sun/org/apache/xerces/internal/impl/msg/XMLSerializerMessages_en_US done
Event: 8.410 loading class com/sun/org/apache/xerces/internal/impl/msg/XMLSerializerMessages_en_US
Event: 8.410 loading class com/sun/org/apache/xerces/internal/impl/msg/XMLSerializerMessages_en_US done
Event: 8.411 loading class com/sun/org/apache/xerces/internal/impl/msg/XMLMessages
Event: 8.411 loading class com/sun/org/apache/xerces/internal/impl/msg/XMLMessages done
Event: 8.411 loading class com/sun/org/apache/xerces/internal/impl/msg/XMLMessages
Event: 8.411 loading class com/sun/org/apache/xerces/internal/impl/msg/XMLMessages done
Event: 8.418 loading class com/sun/org/apache/xerces/internal/impl/msg/XMLMessages_en
Event: 8.418 loading class com/sun/org/apache/xerces/internal/impl/msg/XMLMessages_en done
Event: 8.418 loading class com/sun/org/apache/xerces/internal/impl/msg/XMLMessages_en
Event: 8.418 loading class com/sun/org/apache/xerces/internal/impl/msg/XMLMessages_en done
Event: 8.418 loading class com/sun/org/apache/xerces/internal/impl/msg/XMLMessages_en_US
Event: 8.418 loading class com/sun/org/apache/xerces/internal/impl/msg/XMLMessages_en_US done
Event: 8.419 loading class com/sun/org/apache/xerces/internal/impl/msg/XMLMessages_en_US
Event: 8.419 loading class com/sun/org/apache/xerces/internal/impl/msg/XMLMessages_en_US done
Event: 8.482 Thread 0x000001c2e3452f20 Thread added: 0x000001c2e3452f20


Dynamic libraries:
0x00007ff6fc0a0000 - 0x00007ff6fc0ae000 	c:\Users\mathesh.n\.vscode\extensions\redhat.java-1.14.0-win32-x64\jre\17.0.5-win32-x86_64\bin\java.exe
0x00007ff89d090000 - 0x00007ff89d288000 	C:\WINDOWS\SYSTEM32\ntdll.dll
0x00007ff89c850000 - 0x00007ff89c90f000 	C:\WINDOWS\System32\KERNEL32.DLL
0x00007ff89adf0000 - 0x00007ff89b0c2000 	C:\WINDOWS\System32\KERNELBASE.dll
0x00007ff89abc0000 - 0x00007ff89acc0000 	C:\WINDOWS\System32\ucrtbase.dll
0x00007ff874fe0000 - 0x00007ff874ff7000 	c:\Users\mathesh.n\.vscode\extensions\redhat.java-1.14.0-win32-x64\jre\17.0.5-win32-x86_64\bin\jli.dll
0x00007ff89b830000 - 0x00007ff89b9d1000 	C:\WINDOWS\System32\USER32.dll
0x00007ff89a780000 - 0x00007ff89a7a2000 	C:\WINDOWS\System32\win32u.dll
0x00007ff89bab0000 - 0x00007ff89badb000 	C:\WINDOWS\System32\GDI32.dll
0x00007ff89a910000 - 0x00007ff89aa1f000 	C:\WINDOWS\System32\gdi32full.dll
0x00007ff89aa90000 - 0x00007ff89ab2d000 	C:\WINDOWS\System32\msvcp_win.dll
0x00007ff8742d0000 - 0x00007ff8742e9000 	c:\Users\mathesh.n\.vscode\extensions\redhat.java-1.14.0-win32-x64\jre\17.0.5-win32-x86_64\bin\VCRUNTIME140.dll
0x00007ff87af40000 - 0x00007ff87b1da000 	C:\WINDOWS\WinSxS\amd64_microsoft.windows.common-controls_6595b64144ccf1df_6.0.19041.1110_none_60b5254171f9507e\COMCTL32.dll
0x00007ff89b260000 - 0x00007ff89b2fe000 	C:\WINDOWS\System32\msvcrt.dll
0x00007ff89c7b0000 - 0x00007ff89c7e2000 	C:\WINDOWS\System32\IMM32.DLL
0x00007ff895450000 - 0x00007ff89545c000 	c:\Users\mathesh.n\.vscode\extensions\redhat.java-1.14.0-win32-x64\jre\17.0.5-win32-x86_64\bin\vcruntime140_1.dll
0x00007ff868ae0000 - 0x00007ff868b71000 	c:\Users\mathesh.n\.vscode\extensions\redhat.java-1.14.0-win32-x64\jre\17.0.5-win32-x86_64\bin\msvcp140.dll
0x00007ff860ac0000 - 0x00007ff861704000 	c:\Users\mathesh.n\.vscode\extensions\redhat.java-1.14.0-win32-x64\jre\17.0.5-win32-x86_64\bin\server\jvm.dll
0x00007ff89b0d0000 - 0x00007ff89b17e000 	C:\WINDOWS\System32\ADVAPI32.dll
0x00007ff89b430000 - 0x00007ff89b4cc000 	C:\WINDOWS\System32\sechost.dll
0x00007ff89cf20000 - 0x00007ff89d045000 	C:\WINDOWS\System32\RPCRT4.dll
0x00007ff8787f0000 - 0x00007ff8787f9000 	C:\WINDOWS\SYSTEM32\WSOCK32.dll
0x00007ff89c730000 - 0x00007ff89c79b000 	C:\WINDOWS\System32\WS2_32.dll
0x00007ff87ca70000 - 0x00007ff87ca97000 	C:\WINDOWS\SYSTEM32\WINMM.dll
0x00007ff894960000 - 0x00007ff89496a000 	C:\WINDOWS\SYSTEM32\VERSION.dll
0x00007ff898660000 - 0x00007ff898672000 	C:\WINDOWS\SYSTEM32\kernel.appcore.dll
0x00007ff894550000 - 0x00007ff89455a000 	c:\Users\mathesh.n\.vscode\extensions\redhat.java-1.14.0-win32-x64\jre\17.0.5-win32-x86_64\bin\jimage.dll
0x00007ff890a20000 - 0x00007ff890c04000 	C:\WINDOWS\SYSTEM32\DBGHELP.DLL
0x00007ff890590000 - 0x00007ff8905c5000 	C:\WINDOWS\SYSTEM32\dbgcore.DLL
0x00007ff89ab30000 - 0x00007ff89abb2000 	C:\WINDOWS\System32\bcryptPrimitives.dll
0x00007ff893e30000 - 0x00007ff893e3e000 	c:\Users\mathesh.n\.vscode\extensions\redhat.java-1.14.0-win32-x64\jre\17.0.5-win32-x86_64\bin\instrument.dll
0x00007ff86e4b0000 - 0x00007ff86e4d5000 	c:\Users\mathesh.n\.vscode\extensions\redhat.java-1.14.0-win32-x64\jre\17.0.5-win32-x86_64\bin\java.dll
0x00007ff8731c0000 - 0x00007ff8731d8000 	c:\Users\mathesh.n\.vscode\extensions\redhat.java-1.14.0-win32-x64\jre\17.0.5-win32-x86_64\bin\zip.dll
0x00007ff89bd40000 - 0x00007ff89c484000 	C:\WINDOWS\System32\SHELL32.dll
0x00007ff898860000 - 0x00007ff898ff2000 	C:\WINDOWS\SYSTEM32\windows.storage.dll
0x00007ff89b4d0000 - 0x00007ff89b825000 	C:\WINDOWS\System32\combase.dll
0x00007ff89a100000 - 0x00007ff89a130000 	C:\WINDOWS\SYSTEM32\Wldp.dll
0x00007ff89bc90000 - 0x00007ff89bd3d000 	C:\WINDOWS\System32\SHCORE.dll
0x00007ff89c490000 - 0x00007ff89c4e5000 	C:\WINDOWS\System32\shlwapi.dll
0x00007ff89a670000 - 0x00007ff89a68f000 	C:\WINDOWS\SYSTEM32\profapi.dll
0x00007ff8730d0000 - 0x00007ff8730e9000 	C:\Users\mathesh.n\.vscode\extensions\redhat.java-1.14.0-win32-x64\jre\17.0.5-win32-x86_64\bin\net.dll
0x00007ff890070000 - 0x00007ff89017c000 	C:\WINDOWS\SYSTEM32\WINHTTP.dll
0x00007ff899e60000 - 0x00007ff899eca000 	C:\WINDOWS\system32\mswsock.dll
0x00007ff872d10000 - 0x00007ff872d25000 	C:\Users\mathesh.n\.vscode\extensions\redhat.java-1.14.0-win32-x64\jre\17.0.5-win32-x86_64\bin\nio.dll
0x00007ff88f0d0000 - 0x00007ff88f0e0000 	c:\Users\mathesh.n\.vscode\extensions\redhat.java-1.14.0-win32-x64\jre\17.0.5-win32-x86_64\bin\verify.dll
0x00007ff86a2d0000 - 0x00007ff86a30e000 	C:\Users\mathesh.n\AppData\Roaming\Code\User\globalStorage\redhat.java\1.14.0\config_ss_win\org.eclipse.equinox.launcher\org.eclipse.equinox.launcher.win32.win32.x86_64_1.2.700.v20221108-1024\eclipse_11801.dll
0x00007ff89c910000 - 0x00007ff89ca3a000 	C:\WINDOWS\System32\ole32.dll

dbghelp: loaded successfully - version: 4.0.5 - missing functions: none
symbol engine: initialized successfully - sym options: 0x614 - pdb path: .;c:\Users\mathesh.n\.vscode\extensions\redhat.java-1.14.0-win32-x64\jre\17.0.5-win32-x86_64\bin;C:\WINDOWS\SYSTEM32;C:\WINDOWS\WinSxS\amd64_microsoft.windows.common-controls_6595b64144ccf1df_6.0.19041.1110_none_60b5254171f9507e;c:\Users\mathesh.n\.vscode\extensions\redhat.java-1.14.0-win32-x64\jre\17.0.5-win32-x86_64\bin\server;C:\Users\mathesh.n\AppData\Roaming\Code\User\globalStorage\redhat.java\1.14.0\config_ss_win\org.eclipse.equinox.launcher\org.eclipse.equinox.launcher.win32.win32.x86_64_1.2.700.v20221108-1024

VM Arguments:
jvm_args: --add-modules=ALL-SYSTEM --add-opens=java.base/java.util=ALL-UNNAMED --add-opens=java.base/java.lang=ALL-UNNAMED --add-opens=java.base/sun.nio.fs=ALL-UNNAMED -Declipse.application=org.eclipse.jdt.ls.core.id1 -Dosgi.bundles.defaultStartLevel=4 -Declipse.product=org.eclipse.jdt.ls.core.product -Djava.import.generatesMetadataFilesAtProjectRoot=false -Dfile.encoding=utf8 -XX:+UseParallelGC -XX:GCTimeRatio=4 -XX:AdaptiveSizePolicyWeight=90 -Dsun.zip.disableMemoryMapping=true -Xmx1G -Xms100m -Xlog:disable -javaagent:c:\Users\mathesh.n\.vscode\extensions\redhat.java-1.14.0-win32-x64\lombok\lombok-1.18.24.jar 
java_command: c:\Users\mathesh.n\.vscode\extensions\redhat.java-1.14.0-win32-x64\server\plugins\org.eclipse.equinox.launcher_1.6.400.v20210924-0641.jar -configuration c:\Users\mathesh.n\AppData\Roaming\Code\User\globalStorage\redhat.java\1.14.0\config_ss_win -data c:\Users\mathesh.n\AppData\Roaming\Code\User\workspaceStorage\f280073a7c3544646ebc500b0612ce92\redhat.java\ss_ws
java_class_path (initial): c:\Users\mathesh.n\.vscode\extensions\redhat.java-1.14.0-win32-x64\server\plugins\org.eclipse.equinox.launcher_1.6.400.v20210924-0641.jar
Launcher Type: SUN_STANDARD

[Global flags]
    uintx AdaptiveSizePolicyWeight                 = 90                                        {product} {command line}
     intx CICompilerCount                          = 3                                         {product} {ergonomic}
    uintx GCTimeRatio                              = 4                                         {product} {command line}
   size_t InitialHeapSize                          = 104857600                                 {product} {command line}
   size_t MaxHeapSize                              = 1073741824                                {product} {command line}
   size_t MaxNewSize                               = 357564416                                 {product} {ergonomic}
   size_t MinHeapDeltaBytes                        = 524288                                    {product} {ergonomic}
   size_t MinHeapSize                              = 104857600                                 {product} {command line}
   size_t NewSize                                  = 34603008                                  {product} {ergonomic}
    uintx NonNMethodCodeHeapSize                   = 5832780                                {pd product} {ergonomic}
    uintx NonProfiledCodeHeapSize                  = 122912730                              {pd product} {ergonomic}
   size_t OldSize                                  = 70254592                                  {product} {ergonomic}
    uintx ProfiledCodeHeapSize                     = 122912730                              {pd product} {ergonomic}
    uintx ReservedCodeCacheSize                    = 251658240                              {pd product} {ergonomic}
     bool SegmentedCodeCache                       = true                                      {product} {ergonomic}
   size_t SoftMaxHeapSize                          = 1073741824                             {manageable} {ergonomic}
     bool UseCompressedClassPointers               = true                           {product lp64_product} {ergonomic}
     bool UseCompressedOops                        = true                           {product lp64_product} {ergonomic}
     bool UseLargePagesIndividualAllocation        = false                                  {pd product} {ergonomic}
     bool UseParallelGC                            = true                                      {product} {command line}

Logging:
Log output configuration:
 #0: stdout all=off uptime,level,tags
 #1: stderr all=off uptime,level,tags

Environment Variables:
PATH=C:\Program Files\Common Files\Oracle\Java\javapath;C:\WINDOWS\system32;C:\WINDOWS;C:\WINDOWS\System32\Wbem;C:\WINDOWS\System32\WindowsPowerShell\v1.0\;C:\Program Files (x86)\ATI Technologies\ATI.ACE\Core-Static;C:\WINDOWS\System32\OpenSSH\;C:\Program Files\PuTTY\;C:\Program Files\Microsoft VS Code\bin;C:\Users\mathesh.n\AppData\Local\Microsoft\WindowsApps;C:\Users\mathesh.n\AppData\Local\Programs\Git\cmd;C:\Users\mathesh.n\AppData\Local\GitHubDesktop\bin
USERNAME=mathesh.n
OS=Windows_NT
PROCESSOR_IDENTIFIER=Intel64 Family 6 Model 58 Stepping 9, GenuineIntel
TMP=C:\Users\mathesh.n\AppData\Local\Temp
TEMP=C:\Users\mathesh.n\AppData\Local\Temp



---------------  S Y S T E M  ---------------

OS:
 Windows 10 , 64 bit Build 19041 (10.0.19041.2364)
OS uptime: 11 days 21:31 hours

CPU: total 4 (initial active 4) (2 cores per cpu, 2 threads per core) family 6 model 58 stepping 9 microcode 0x21, cx8, cmov, fxsr, ht, mmx, sse, sse2, sse3, ssse3, sse4.1, sse4.2, popcnt, tsc, tscinvbit, avx, erms, clmul, vzeroupper, clflush

Memory: 4k page, system-wide physical 7866M (1258M free)
TotalPageFile size 20297M (AvailPageFile size 19M)
current process WorkingSet (physical memory assigned to process): 132M, peak: 132M
current process commit charge ("private bytes"): 229M, peak: 229M

vm_info: OpenJDK 64-Bit Server VM (17.0.5+8) for windows-amd64 JRE (17.0.5+8), built on Oct 19 2022 04:48:13 by "temurin" with MS VC++ 16.7 (VS2019)

END.
