#
# There is insufficient memory for the Java Runtime Environment to continue.
# Native memory allocation (mmap) failed to map 65536 bytes for Failed to commit metaspace.
# Possible reasons:
#   The system is out of physical RAM or swap space
#   The process is running with CompressedOops enabled, and the Java Heap may be blocking the growth of the native heap
# Possible solutions:
#   Reduce memory load on the system
#   Increase physical memory or swap space
#   Check if swap backing store is full
#   Decrease Java heap size (-Xmx/-Xms)
#   Decrease number of Java threads
#   Decrease Java thread stack sizes (-Xss)
#   Set larger code cache with -XX:ReservedCodeCacheSize=
#   JVM is running with Unscaled Compressed Oops mode in which the Java heap is
#     placed in the first 4GB address space. The Java Heap base address is the
#     maximum limit for the native heap growth. Please use -XX:HeapBaseMinAddress
#     to set the Java Heap base and to place the Java Heap above 4GB virtual address.
# This output file may be truncated or incomplete.
#
#  Out of Memory Error (virtualSpaceNode.cpp:110), pid=15512, tid=3980
#
# JRE version: OpenJDK Runtime Environment Temurin-17.0.5+8 (17.0.5+8) (build 17.0.5+8)
# Java VM: OpenJDK 64-Bit Server VM Temurin-17.0.5+8 (17.0.5+8, mixed mode, tiered, compressed oops, compressed class ptrs, parallel gc, windows-amd64)
# No core dump will be written. Minidumps are not enabled by default on client versions of Windows
#

---------------  S U M M A R Y ------------

Command Line: --add-modules=ALL-SYSTEM --add-opens=java.base/java.util=ALL-UNNAMED --add-opens=java.base/java.lang=ALL-UNNAMED --add-opens=java.base/sun.nio.fs=ALL-UNNAMED -Declipse.application=org.eclipse.jdt.ls.core.id1 -Dosgi.bundles.defaultStartLevel=4 -Declipse.product=org.eclipse.jdt.ls.core.product -Djava.import.generatesMetadataFilesAtProjectRoot=false -Dfile.encoding=utf8 -XX:+UseParallelGC -XX:GCTimeRatio=4 -XX:AdaptiveSizePolicyWeight=90 -Dsun.zip.disableMemoryMapping=true -Xmx1G -Xms100m -Xlog:disable -javaagent:c:\Users\mathesh.n\.vscode\extensions\redhat.java-1.14.0-win32-x64\lombok\lombok-1.18.24.jar c:\Users\mathesh.n\.vscode\extensions\redhat.java-1.14.0-win32-x64\server\plugins\org.eclipse.equinox.launcher_1.6.400.v20210924-0641.jar -configuration c:\Users\mathesh.n\AppData\Roaming\Code\User\globalStorage\redhat.java\1.14.0\config_ss_win -data c:\Users\mathesh.n\AppData\Roaming\Code\User\workspaceStorage\f280073a7c3544646ebc500b0612ce92\redhat.java\ss_ws

Host: Intel(R) Core(TM) i3-3210 CPU @ 3.20GHz, 4 cores, 7G,  Windows 10 , 64 bit Build 19041 (10.0.19041.2364)
Time: Tue Jan 31 10:21:02 2023 India Standard Time elapsed time: 1.848600 seconds (0d 0h 0m 1s)

---------------  T H R E A D  ---------------

Current thread (0x00000252282f9f90):  JavaThread "main" [_thread_in_vm, id=3980, stack(0x000000760d300000,0x000000760d400000)]

Stack: [0x000000760d300000,0x000000760d400000]
Native frames: (J=compiled Java code, j=interpreted, Vv=VM code, C=native code)
V  [jvm.dll+0x676b3a]
V  [jvm.dll+0x831444]
V  [jvm.dll+0x832bee]
V  [jvm.dll+0x833253]
V  [jvm.dll+0x244ce5]
V  [jvm.dll+0x82d4db]
V  [jvm.dll+0x61b2f6]
V  [jvm.dll+0x1bfd2e]
V  [jvm.dll+0x61dc41]
V  [jvm.dll+0x61bc96]
V  [jvm.dll+0x36ace2]
V  [jvm.dll+0x1e165b]
V  [jvm.dll+0x53be59]
V  [jvm.dll+0x1f05a7]
V  [jvm.dll+0x7ab9db]
V  [jvm.dll+0x7acd82]
V  [jvm.dll+0x7ad0b8]
V  [jvm.dll+0x23d0ee]
V  [jvm.dll+0x37e55e]
C  0x000002522afaaeae

Java frames: (J=compiled Java code, j=interpreted, Vv=VM code)
j  java.util.concurrent.CopyOnWriteArrayList.iterator()Ljava/util/Iterator;+0 java.base@17.0.5
j  java.util.ServiceLoader$ModuleServicesLookupIterator.iteratorFor(Ljava/lang/ClassLoader;)Ljava/util/Iterator;+55 java.base@17.0.5
j  java.util.ServiceLoader$ModuleServicesLookupIterator.<init>(Ljava/util/ServiceLoader;)V+23 java.base@17.0.5
j  java.util.ServiceLoader.newLookupIterator()Ljava/util/Iterator;+49 java.base@17.0.5
j  java.util.ServiceLoader.iterator()Ljava/util/Iterator;+9 java.base@17.0.5
j  sun.util.cldr.CLDRLocaleProviderAdapter.lambda$new$0()Lsun/util/locale/provider/LocaleDataMetaInfo;+5 java.base@17.0.5
j  sun.util.cldr.CLDRLocaleProviderAdapter$$Lambda$27+0x00000001000bf828.run()Ljava/lang/Object;+0 java.base@17.0.5
j  java.security.AccessController.executePrivileged(Ljava/security/PrivilegedExceptionAction;Ljava/security/AccessControlContext;Ljava/lang/Class;)Ljava/lang/Object;+29 java.base@17.0.5
j  java.security.AccessController.doPrivileged(Ljava/security/PrivilegedExceptionAction;)Ljava/lang/Object;+9 java.base@17.0.5
j  sun.util.cldr.CLDRLocaleProviderAdapter.<init>()V+9 java.base@17.0.5
v  ~StubRoutines::call_stub
j  jdk.internal.reflect.NativeConstructorAccessorImpl.newInstance0(Ljava/lang/reflect/Constructor;[Ljava/lang/Object;)Ljava/lang/Object;+0 java.base@17.0.5
j  jdk.internal.reflect.NativeConstructorAccessorImpl.newInstance([Ljava/lang/Object;)Ljava/lang/Object;+118 java.base@17.0.5
j  jdk.internal.reflect.DelegatingConstructorAccessorImpl.newInstance([Ljava/lang/Object;)Ljava/lang/Object;+5 java.base@17.0.5
j  java.lang.reflect.Constructor.newInstanceWithCaller([Ljava/lang/Object;ZLjava/lang/Class;)Ljava/lang/Object;+66 java.base@17.0.5
j  java.lang.reflect.Constructor.newInstance([Ljava/lang/Object;)Ljava/lang/Object;+30 java.base@17.0.5
j  sun.util.locale.provider.LocaleProviderAdapter.forType(Lsun/util/locale/provider/LocaleProviderAdapter$Type;)Lsun/util/locale/provider/LocaleProviderAdapter;+79 java.base@17.0.5
j  sun.util.locale.provider.LocaleServiceProviderPool.findProviders(Ljava/util/Locale;Z)Ljava/util/List;+52 java.base@17.0.5
j  sun.util.locale.provider.LocaleServiceProviderPool.getLocalizedObjectImpl(Lsun/util/locale/provider/LocaleServiceProviderPool$LocalizedObjectGetter;Ljava/util/Locale;ZLjava/lang/String;[Ljava/lang/Object;)Ljava/lang/Object;+53 java.base@17.0.5
j  sun.util.locale.provider.LocaleServiceProviderPool.getLocalizedObject(Lsun/util/locale/provider/LocaleServiceProviderPool$LocalizedObjectGetter;Ljava/util/Locale;Ljava/lang/Boolean;Ljava/lang/String;[Ljava/lang/Object;)Ljava/lang/Object;+11 java.base@17.0.5
j  sun.util.locale.provider.CalendarDataUtility.retrieveFirstDayOfWeek(Ljava/util/Locale;)I+280 java.base@17.0.5
j  java.util.Calendar.setWeekCountData(Ljava/util/Locale;)V+24 java.base@17.0.5
j  java.util.Calendar.<init>(Ljava/util/TimeZone;Ljava/util/Locale;)V+55 java.base@17.0.5
j  java.util.GregorianCalendar.<init>(Ljava/util/TimeZone;Ljava/util/Locale;Z)V+3 java.base@17.0.5
j  java.util.Calendar$Builder.build()Ljava/util/Calendar;+249 java.base@17.0.5
j  sun.security.util.DisabledAlgorithmConstraints$DenyAfterConstraint.<init>(Ljava/lang/String;III)V+83 java.base@17.0.5
j  sun.security.util.DisabledAlgorithmConstraints$Constraints.<init>(Ljava/lang/String;Ljava/util/Set;)V+624 java.base@17.0.5
j  sun.security.util.DisabledAlgorithmConstraints.<init>(Ljava/lang/String;Lsun/security/util/AlgorithmDecomposer;)V+119 java.base@17.0.5
j  sun.security.util.DisabledAlgorithmConstraints.<init>(Ljava/lang/String;)V+9 java.base@17.0.5
j  sun.security.util.DisabledAlgorithmConstraints$JarHolder.<clinit>()V+6 java.base@17.0.5
v  ~StubRoutines::call_stub
j  sun.security.util.DisabledAlgorithmConstraints.jarConstraints()Lsun/security/util/DisabledAlgorithmConstraints;+0 java.base@17.0.5
j  sun.security.pkcs.SignerInfo.<clinit>()V+0 java.base@17.0.5
v  ~StubRoutines::call_stub
j  sun.security.pkcs.PKCS7.parseSignedData(Lsun/security/util/DerValue;)V+619 java.base@17.0.5
j  sun.security.pkcs.PKCS7.parse(Lsun/security/util/DerInputStream;Z)V+40 java.base@17.0.5
j  sun.security.pkcs.PKCS7.parse(Lsun/security/util/DerInputStream;)V+11 java.base@17.0.5
j  sun.security.pkcs.PKCS7.<init>([B)V+50 java.base@17.0.5
j  sun.security.util.SignatureFileVerifier.<init>(Ljava/util/ArrayList;Lsun/security/util/ManifestDigester;Ljava/lang/String;[B)V+40 java.base@17.0.5
j  java.util.jar.JarVerifier.processEntry(Lsun/security/util/ManifestEntryVerifier;)V+322 java.base@17.0.5
j  java.util.jar.JarVerifier.update(I[BIILsun/security/util/ManifestEntryVerifier;)V+39 java.base@17.0.5
j  java.util.jar.JarFile.initializeVerifier()V+163 java.base@17.0.5
j  java.util.jar.JarFile.ensureInitialization()V+41 java.base@17.0.5
j  java.util.jar.JavaUtilJarAccessImpl.ensureInitialization(Ljava/util/jar/JarFile;)V+1 java.base@17.0.5
j  jdk.internal.loader.URLClassPath$JarLoader$2.getManifest()Ljava/util/jar/Manifest;+10 java.base@17.0.5
j  jdk.internal.loader.BuiltinClassLoader.defineClass(Ljava/lang/String;Ljdk/internal/loader/Resource;)Ljava/lang/Class;+29 java.base@17.0.5
j  jdk.internal.loader.BuiltinClassLoader.findClassOnClassPathOrNull(Ljava/lang/String;)Ljava/lang/Class;+37 java.base@17.0.5
j  jdk.internal.loader.BuiltinClassLoader.loadClassOrNull(Ljava/lang/String;Z)Ljava/lang/Class;+111 java.base@17.0.5
j  jdk.internal.loader.BuiltinClassLoader.loadClass(Ljava/lang/String;Z)Ljava/lang/Class;+3 java.base@17.0.5
j  jdk.internal.loader.ClassLoaders$AppClassLoader.loadClass(Ljava/lang/String;Z)Ljava/lang/Class;+36 java.base@17.0.5
j  java.lang.ClassLoader.loadClass(Ljava/lang/String;)Ljava/lang/Class;+3 java.base@17.0.5
v  ~StubRoutines::call_stub
j  java.lang.Class.forName0(Ljava/lang/String;ZLjava/lang/ClassLoader;Ljava/lang/Class;)Ljava/lang/Class;+0 java.base@17.0.5
j  java.lang.Class.forName(Ljava/lang/String;ZLjava/lang/ClassLoader;)Ljava/lang/Class;+43 java.base@17.0.5
j  sun.launcher.LauncherHelper.loadMainClass(ILjava/lang/String;)Ljava/lang/Class;+95 java.base@17.0.5
j  sun.launcher.LauncherHelper.checkAndLoadMain(ZILjava/lang/String;)Ljava/lang/Class;+42 java.base@17.0.5
v  ~StubRoutines::call_stub

---------------  P R O C E S S  ---------------

Threads class SMR info:
_java_thread_list=0x000002523dd809a0, length=12, elements={
0x00000252282f9f90, 0x000002523c118730, 0x000002523c119f80, 0x000002523c144270,
0x000002523c144e20, 0x000002523c1459d0, 0x000002523c148390, 0x000002523c14a040,
0x000002523c18ea00, 0x000002523daf4380, 0x000002523dbec980, 0x000002523dd50f50
}

Java Threads: ( => current thread )
=>0x00000252282f9f90 JavaThread "main" [_thread_in_vm, id=3980, stack(0x000000760d300000,0x000000760d400000)]
  0x000002523c118730 JavaThread "Reference Handler" daemon [_thread_blocked, id=1352, stack(0x000000760d600000,0x000000760d700000)]
  0x000002523c119f80 JavaThread "Finalizer" daemon [_thread_blocked, id=18944, stack(0x000000760d700000,0x000000760d800000)]
  0x000002523c144270 JavaThread "Signal Dispatcher" daemon [_thread_blocked, id=17476, stack(0x000000760d800000,0x000000760d900000)]
  0x000002523c144e20 JavaThread "Attach Listener" daemon [_thread_blocked, id=15456, stack(0x000000760d900000,0x000000760da00000)]
  0x000002523c1459d0 JavaThread "Service Thread" daemon [_thread_blocked, id=16108, stack(0x000000760da00000,0x000000760db00000)]
  0x000002523c148390 JavaThread "Monitor Deflation Thread" daemon [_thread_blocked, id=17464, stack(0x000000760db00000,0x000000760dc00000)]
  0x000002523c14a040 JavaThread "C2 CompilerThread0" daemon [_thread_in_native, id=18576, stack(0x000000760dc00000,0x000000760dd00000)]
  0x000002523c18ea00 JavaThread "C1 CompilerThread0" daemon [_thread_blocked, id=18372, stack(0x000000760dd00000,0x000000760de00000)]
  0x000002523daf4380 JavaThread "Sweeper thread" daemon [_thread_blocked, id=19068, stack(0x000000760de00000,0x000000760df00000)]
  0x000002523dbec980 JavaThread "Common-Cleaner" daemon [_thread_blocked, id=15596, stack(0x000000760df00000,0x000000760e000000)]
  0x000002523dd50f50 JavaThread "Notification Thread" daemon [_thread_blocked, id=10592, stack(0x000000760e000000,0x000000760e100000)]

Other Threads:
  0x000002523c102de0 VMThread "VM Thread" [stack: 0x000000760d500000,0x000000760d600000] [id=4212]
  0x000002523dd4c840 WatcherThread [stack: 0x000000760e100000,0x000000760e200000] [id=4972]
  0x0000025228310d00 GCTaskThread "GC Thread#0" [stack: 0x000000760d400000,0x000000760d500000] [id=19108]

Threads with active compile tasks:
C2 CompilerThread0     2394  490       4       lombok.patcher.PatchScript::classMatches (41 bytes)

VM state: not at safepoint (normal execution)

VM Mutex/Monitor currently owned by a thread:  ([mutex/lock_event])
[0x00000252282f6a80] Metaspace_lock - owner thread: 0x00000252282f9f90

Heap address: 0x00000000c0000000, size: 1024 MB, Compressed Oops mode: 32-bit

CDS archive(s) not mapped
Compressed class space mapped at: 0x0000000100000000-0x0000000140000000, reserved size: 1073741824
Narrow klass base: 0x0000000000000000, Narrow klass shift: 3, Narrow klass range: 0x140000000

GC Precious Log:
 CPUs: 4 total, 4 available
 Memory: 7866M
 Large Page Support: Disabled
 NUMA Support: Disabled
 Compressed Oops: Enabled (32-bit)
 Alignments: Space 512K, Generation 512K, Heap 2M
 Heap Min Capacity: 100M
 Heap Initial Capacity: 100M
 Heap Max Capacity: 1G
 Pre-touch: Disabled
 Parallel Workers: 4

Heap:
 PSYoungGen      total 29696K, used 10874K [0x00000000eab00000, 0x00000000ecc00000, 0x0000000100000000)
  eden space 25600K, 42% used [0x00000000eab00000,0x00000000eb59ebe8,0x00000000ec400000)
  from space 4096K, 0% used [0x00000000ec800000,0x00000000ec800000,0x00000000ecc00000)
  to   space 4096K, 0% used [0x00000000ec400000,0x00000000ec400000,0x00000000ec800000)
 ParOldGen       total 68608K, used 0K [0x00000000c0000000, 0x00000000c4300000, 0x00000000eab00000)
  object space 68608K, 0% used [0x00000000c0000000,0x00000000c0000000,0x00000000c4300000)
 Metaspace       used 8128K, committed 8192K, reserved 1056768K
  class space    used 795K, committed 832K, reserved 1048576K

Card table byte_map: [0x0000025227cd0000,0x0000025227ee0000] _byte_map_base: 0x00000252276d0000

Marking Bits: (ParMarkBitMap*) 0x00007ff8566e0dd0
 Begin Bits: [0x0000025239f90000, 0x000002523af90000)
 End Bits:   [0x000002523af90000, 0x000002523bf90000)

Polling page: 0x00000252264a0000

Metaspace:

Usage:
  Non-class:      7.16 MB used.
      Class:    795.60 KB used.
       Both:      7.94 MB used.

Virtual space:
  Non-class space:        8.00 MB reserved,       7.19 MB ( 90%) committed,  1 nodes.
      Class space:        1.00 GB reserved,     832.00 KB ( <1%) committed,  1 nodes.
             Both:        1.01 GB reserved,       8.00 MB ( <1%) committed. 

Chunk freelists:
   Non-Class:  0 bytes
       Class:  3.09 MB
        Both:  3.09 MB

MaxMetaspaceSize: unlimited
CompressedClassSpaceSize: 1.00 GB
Initial GC threshold: 21.00 MB
Current GC threshold: 21.00 MB
CDS: off
MetaspaceReclaimPolicy: balanced
 - commit_granule_bytes: 65536.
 - commit_granule_words: 8192.
 - virtual_space_node_default_size: 1048576.
 - enlarge_chunks_in_place: 1.
 - new_chunks_are_fully_committed: 0.
 - uncommit_free_chunks: 1.
 - use_allocation_guard: 0.
 - handle_deallocations: 1.


Internal statistics:

num_allocs_failed_limit: 0.
num_arena_births: 10.
num_arena_deaths: 0.
num_vsnodes_births: 2.
num_vsnodes_deaths: 0.
num_space_committed: 128.
num_space_uncommitted: 0.
num_chunks_returned_to_freelist: 0.
num_chunks_taken_from_freelist: 37.
num_chunk_merges: 0.
num_chunk_splits: 20.
num_chunks_enlarged: 17.
num_purges: 0.
num_inconsistent_stats: 0.

CodeHeap 'non-profiled nmethods': size=120000Kb used=152Kb max_used=152Kb free=119848Kb
 bounds [0x0000025232a60000, 0x0000025232cd0000, 0x0000025239f90000]
CodeHeap 'profiled nmethods': size=120000Kb used=710Kb max_used=710Kb free=119289Kb
 bounds [0x000002522b530000, 0x000002522b7a0000, 0x0000025232a60000]
CodeHeap 'non-nmethods': size=5760Kb used=1124Kb max_used=1137Kb free=4635Kb
 bounds [0x000002522af90000, 0x000002522b200000, 0x000002522b530000]
 total_blobs=905 nmethods=494 adapters=326
 compilation: enabled
              stopped_count=0, restarted_count=0
 full_count=0

Compilation events (20 events):
Event: 1.268 Thread 0x000002523c18ea00 nmethod 483 0x000002522b5dd710 code [0x000002522b5dd8c0, 0x000002522b5dd9e8]
Event: 1.805 Thread 0x000002523c18ea00  484       3       java.io.BufferedInputStream::read1 (108 bytes)
Event: 1.805 Thread 0x000002523c18ea00 nmethod 484 0x000002522b5dda90 code [0x000002522b5ddce0, 0x000002522b5de5f8]
Event: 1.805 Thread 0x000002523c18ea00  488       3       java.io.DataInputStream::readFully (59 bytes)
Event: 1.806 Thread 0x000002523c18ea00 nmethod 488 0x000002522b5de910 code [0x000002522b5deb00, 0x000002522b5df028]
Event: 1.806 Thread 0x000002523c18ea00  485  s    3       java.io.BufferedInputStream::read (113 bytes)
Event: 1.806 Thread 0x000002523c18ea00 nmethod 485 0x000002522b5df290 code [0x000002522b5df4c0, 0x000002522b5dfd38]
Event: 1.806 Thread 0x000002523c18ea00  486       3       java.io.DataInputStream::readUTF (5 bytes)
Event: 1.806 Thread 0x000002523c18ea00 nmethod 486 0x000002522b5dff90 code [0x000002522b5e0120, 0x000002522b5e0248]
Event: 1.806 Thread 0x000002523c18ea00  489       3       java.io.DataInputStream::readShort (40 bytes)
Event: 1.806 Thread 0x000002523c18ea00 nmethod 489 0x000002522b5e0310 code [0x000002522b5e04e0, 0x000002522b5e0848]
Event: 1.806 Thread 0x000002523c18ea00  487       3       java.io.DataInputStream::readUnsignedShort (39 bytes)
Event: 1.806 Thread 0x000002523c18ea00 nmethod 487 0x000002522b5e0990 code [0x000002522b5e0b60, 0x000002522b5e0ec8]
Event: 1.808 Thread 0x000002523c14a040  490       4       lombok.patcher.PatchScript::classMatches (41 bytes)
Event: 1.818 Thread 0x000002523c18ea00  494       3       sun.util.locale.LocaleUtils::isUpper (18 bytes)
Event: 1.818 Thread 0x000002523c18ea00 nmethod 494 0x000002522b5e1010 code [0x000002522b5e11a0, 0x000002522b5e1318]
Event: 1.820 Thread 0x000002523c18ea00  497       3       java.lang.reflect.Modifier::isPublic (12 bytes)
Event: 1.820 Thread 0x000002523c18ea00 nmethod 497 0x000002522b5e1390 code [0x000002522b5e1520, 0x000002522b5e1678]
Event: 1.820 Thread 0x000002523c18ea00  498       3       java.lang.Enum::equals (11 bytes)
Event: 1.820 Thread 0x000002523c18ea00 nmethod 498 0x000002522b5e1710 code [0x000002522b5e18a0, 0x000002522b5e1a18]

GC Heap History (0 events):
No events

Dll operation events (8 events):
Event: 0.020 Loaded shared library c:\Users\mathesh.n\.vscode\extensions\redhat.java-1.14.0-win32-x64\jre\17.0.5-win32-x86_64\bin\java.dll
Event: 0.325 Loaded shared library c:\Users\mathesh.n\.vscode\extensions\redhat.java-1.14.0-win32-x64\jre\17.0.5-win32-x86_64\bin\zip.dll
Event: 0.330 Loaded shared library C:\Users\mathesh.n\.vscode\extensions\redhat.java-1.14.0-win32-x64\jre\17.0.5-win32-x86_64\bin\instrument.dll
Event: 0.362 Loaded shared library C:\Users\mathesh.n\.vscode\extensions\redhat.java-1.14.0-win32-x64\jre\17.0.5-win32-x86_64\bin\net.dll
Event: 0.366 Loaded shared library C:\Users\mathesh.n\.vscode\extensions\redhat.java-1.14.0-win32-x64\jre\17.0.5-win32-x86_64\bin\nio.dll
Event: 0.378 Loaded shared library C:\Users\mathesh.n\.vscode\extensions\redhat.java-1.14.0-win32-x64\jre\17.0.5-win32-x86_64\bin\zip.dll
Event: 0.419 Loaded shared library C:\Users\mathesh.n\.vscode\extensions\redhat.java-1.14.0-win32-x64\jre\17.0.5-win32-x86_64\bin\jimage.dll
Event: 0.527 Loaded shared library c:\Users\mathesh.n\.vscode\extensions\redhat.java-1.14.0-win32-x64\jre\17.0.5-win32-x86_64\bin\verify.dll

Deoptimization events (20 events):
Event: 0.611 Thread 0x00000252282f9f90 DEOPT PACKING pc=0x0000025232a6cc3c sp=0x000000760d3fd6a0
Event: 0.611 Thread 0x00000252282f9f90 DEOPT UNPACKING pc=0x000002522afe20a3 sp=0x000000760d3fd620 mode 2
Event: 0.619 Thread 0x00000252282f9f90 DEOPT PACKING pc=0x000002522b54a313 sp=0x000000760d3f78d0
Event: 0.619 Thread 0x00000252282f9f90 DEOPT UNPACKING pc=0x000002522afe2843 sp=0x000000760d3f6d90 mode 0
Event: 0.626 Thread 0x00000252282f9f90 Uncommon trap: trap_request=0xffffff45 fr.pc=0x0000025232a768dc relative=0x000000000000005c
Event: 0.626 Thread 0x00000252282f9f90 Uncommon trap: reason=unstable_if action=reinterpret pc=0x0000025232a768dc method=java.lang.String.isLatin1()Z @ 10 c2
Event: 0.626 Thread 0x00000252282f9f90 DEOPT PACKING pc=0x0000025232a768dc sp=0x000000760d3fe7d0
Event: 0.626 Thread 0x00000252282f9f90 DEOPT UNPACKING pc=0x000002522afe20a3 sp=0x000000760d3fe760 mode 2
Event: 0.626 Thread 0x00000252282f9f90 Uncommon trap: trap_request=0xffffff45 fr.pc=0x0000025232a6f174 relative=0x0000000000000074
Event: 0.626 Thread 0x00000252282f9f90 Uncommon trap: reason=unstable_if action=reinterpret pc=0x0000025232a6f174 method=java.lang.String.isLatin1()Z @ 10 c2
Event: 0.626 Thread 0x00000252282f9f90 DEOPT PACKING pc=0x0000025232a6f174 sp=0x000000760d3ff1d0
Event: 0.626 Thread 0x00000252282f9f90 DEOPT UNPACKING pc=0x000002522afe20a3 sp=0x000000760d3ff110 mode 2
Event: 1.008 Thread 0x00000252282f9f90 Uncommon trap: trap_request=0xffffff45 fr.pc=0x0000025232a73dc0 relative=0x00000000000000c0
Event: 1.008 Thread 0x00000252282f9f90 Uncommon trap: reason=unstable_if action=reinterpret pc=0x0000025232a73dc0 method=java.net.URI.match(CJJ)Z @ 45 c2
Event: 1.008 Thread 0x00000252282f9f90 DEOPT PACKING pc=0x0000025232a73dc0 sp=0x000000760d3fcca0
Event: 1.008 Thread 0x00000252282f9f90 DEOPT UNPACKING pc=0x000002522afe20a3 sp=0x000000760d3fcc28 mode 2
Event: 1.032 Thread 0x00000252282f9f90 Uncommon trap: trap_request=0xffffff45 fr.pc=0x0000025232a828fc relative=0x000000000000061c
Event: 1.032 Thread 0x00000252282f9f90 Uncommon trap: reason=unstable_if action=reinterpret pc=0x0000025232a828fc method=java.lang.String.replace(Ljava/lang/CharSequence;Ljava/lang/CharSequence;)Ljava/lang/String; @ 48 c2
Event: 1.032 Thread 0x00000252282f9f90 DEOPT PACKING pc=0x0000025232a828fc sp=0x000000760d3fcc20
Event: 1.032 Thread 0x00000252282f9f90 DEOPT UNPACKING pc=0x000002522afe20a3 sp=0x000000760d3fcba0 mode 2

Classes unloaded (0 events):
No events

Classes redefined (0 events):
No events

Internal exceptions (2 events):
Event: 0.267 Thread 0x00000252282f9f90 Exception <a 'java/lang/NoSuchMethodError'{0x00000000eacb2100}: 'void java.lang.invoke.DirectMethodHandle$Holder.invokeStatic(java.lang.Object, java.lang.Object, java.lang.Object)'> (0x00000000eacb2100) 
thrown [s\src\hotspot\share\interpreter\linkResolver.cpp, line 759]
Event: 0.554 Thread 0x00000252282f9f90 Exception <a 'java/lang/reflect/InvocationTargetException'{0x00000000eaf78da0}> (0x00000000eaf78da0) 
thrown [s\src\hotspot\share\runtime\reflection.cpp, line 1121]

VM Operations (6 events):
Event: 0.276 Executing VM operation: HandshakeAllThreads
Event: 0.276 Executing VM operation: HandshakeAllThreads done
Event: 0.462 Executing VM operation: HandshakeAllThreads
Event: 0.462 Executing VM operation: HandshakeAllThreads done
Event: 1.473 Executing VM operation: Cleanup
Event: 1.473 Executing VM operation: Cleanup done

Events (20 events):
Event: 1.815 loading class sun/util/locale/provider/LocaleDataMetaInfo
Event: 1.815 loading class sun/util/locale/provider/LocaleDataMetaInfo done
Event: 1.816 loading class sun/util/cldr/CLDRBaseLocaleDataMetaInfo done
Event: 1.816 loading class sun/util/locale/LanguageTag
Event: 1.816 loading class sun/util/locale/LanguageTag done
Event: 1.816 loading class sun/util/locale/ParseStatus
Event: 1.817 loading class sun/util/locale/ParseStatus done
Event: 1.817 loading class sun/util/locale/StringTokenIterator
Event: 1.817 loading class sun/util/locale/StringTokenIterator done
Event: 1.817 loading class sun/util/locale/BaseLocale$Key
Event: 1.817 loading class sun/util/locale/BaseLocale$Key done
Event: 1.817 loading class sun/util/locale/BaseLocale$Cache
Event: 1.817 loading class sun/util/locale/BaseLocale$Cache done
Event: 1.817 loading class java/util/Locale$Cache
Event: 1.818 loading class java/util/Locale$Cache done
Event: 1.821 loading class java/util/ServiceLoader
Event: 1.821 loading class java/util/ServiceLoader done
Event: 1.821 loading class java/util/ServiceLoader$ModuleServicesLookupIterator
Event: 1.822 loading class java/util/ServiceLoader$ModuleServicesLookupIterator done
Event: 1.822 loading class java/util/concurrent/CopyOnWriteArrayList$COWIterator


Dynamic libraries:
0x00007ff6fc0a0000 - 0x00007ff6fc0ae000 	c:\Users\mathesh.n\.vscode\extensions\redhat.java-1.14.0-win32-x64\jre\17.0.5-win32-x86_64\bin\java.exe
0x00007ff89d090000 - 0x00007ff89d288000 	C:\WINDOWS\SYSTEM32\ntdll.dll
0x00007ff89c850000 - 0x00007ff89c90f000 	C:\WINDOWS\System32\KERNEL32.DLL
0x00007ff89adf0000 - 0x00007ff89b0c2000 	C:\WINDOWS\System32\KERNELBASE.dll
0x00007ff89abc0000 - 0x00007ff89acc0000 	C:\WINDOWS\System32\ucrtbase.dll
0x00007ff8742d0000 - 0x00007ff8742e7000 	c:\Users\mathesh.n\.vscode\extensions\redhat.java-1.14.0-win32-x64\jre\17.0.5-win32-x86_64\bin\jli.dll
0x00007ff89b830000 - 0x00007ff89b9d1000 	C:\WINDOWS\System32\USER32.dll
0x00007ff89a780000 - 0x00007ff89a7a2000 	C:\WINDOWS\System32\win32u.dll
0x00007ff89bab0000 - 0x00007ff89badb000 	C:\WINDOWS\System32\GDI32.dll
0x00007ff89a910000 - 0x00007ff89aa1f000 	C:\WINDOWS\System32\gdi32full.dll
0x00007ff89aa90000 - 0x00007ff89ab2d000 	C:\WINDOWS\System32\msvcp_win.dll
0x00007ff8731c0000 - 0x00007ff8731d9000 	c:\Users\mathesh.n\.vscode\extensions\redhat.java-1.14.0-win32-x64\jre\17.0.5-win32-x86_64\bin\VCRUNTIME140.dll
0x00007ff87af40000 - 0x00007ff87b1da000 	C:\WINDOWS\WinSxS\amd64_microsoft.windows.common-controls_6595b64144ccf1df_6.0.19041.1110_none_60b5254171f9507e\COMCTL32.dll
0x00007ff89b260000 - 0x00007ff89b2fe000 	C:\WINDOWS\System32\msvcrt.dll
0x00007ff89c7b0000 - 0x00007ff89c7e2000 	C:\WINDOWS\System32\IMM32.DLL
0x00007ff894650000 - 0x00007ff89465c000 	c:\Users\mathesh.n\.vscode\extensions\redhat.java-1.14.0-win32-x64\jre\17.0.5-win32-x86_64\bin\vcruntime140_1.dll
0x00007ff862380000 - 0x00007ff862411000 	c:\Users\mathesh.n\.vscode\extensions\redhat.java-1.14.0-win32-x64\jre\17.0.5-win32-x86_64\bin\msvcp140.dll
0x00007ff855b60000 - 0x00007ff8567a4000 	c:\Users\mathesh.n\.vscode\extensions\redhat.java-1.14.0-win32-x64\jre\17.0.5-win32-x86_64\bin\server\jvm.dll
0x00007ff89b0d0000 - 0x00007ff89b17e000 	C:\WINDOWS\System32\ADVAPI32.dll
0x00007ff89b430000 - 0x00007ff89b4cc000 	C:\WINDOWS\System32\sechost.dll
0x00007ff89cf20000 - 0x00007ff89d045000 	C:\WINDOWS\System32\RPCRT4.dll
0x00007ff8787f0000 - 0x00007ff8787f9000 	C:\WINDOWS\SYSTEM32\WSOCK32.dll
0x00007ff89c730000 - 0x00007ff89c79b000 	C:\WINDOWS\System32\WS2_32.dll
0x00007ff87ca70000 - 0x00007ff87ca97000 	C:\WINDOWS\SYSTEM32\WINMM.dll
0x00007ff894960000 - 0x00007ff89496a000 	C:\WINDOWS\SYSTEM32\VERSION.dll
0x00007ff898660000 - 0x00007ff898672000 	C:\WINDOWS\SYSTEM32\kernel.appcore.dll
0x00007ff894480000 - 0x00007ff89448a000 	c:\Users\mathesh.n\.vscode\extensions\redhat.java-1.14.0-win32-x64\jre\17.0.5-win32-x86_64\bin\jimage.dll
0x00007ff890a20000 - 0x00007ff890c04000 	C:\WINDOWS\SYSTEM32\DBGHELP.DLL
0x00007ff890590000 - 0x00007ff8905c5000 	C:\WINDOWS\SYSTEM32\dbgcore.DLL
0x00007ff89ab30000 - 0x00007ff89abb2000 	C:\WINDOWS\System32\bcryptPrimitives.dll
0x00007ff893e30000 - 0x00007ff893e3e000 	c:\Users\mathesh.n\.vscode\extensions\redhat.java-1.14.0-win32-x64\jre\17.0.5-win32-x86_64\bin\instrument.dll
0x00007ff870df0000 - 0x00007ff870e15000 	c:\Users\mathesh.n\.vscode\extensions\redhat.java-1.14.0-win32-x64\jre\17.0.5-win32-x86_64\bin\java.dll
0x00007ff878760000 - 0x00007ff878778000 	c:\Users\mathesh.n\.vscode\extensions\redhat.java-1.14.0-win32-x64\jre\17.0.5-win32-x86_64\bin\zip.dll
0x00007ff89bd40000 - 0x00007ff89c484000 	C:\WINDOWS\System32\SHELL32.dll
0x00007ff898860000 - 0x00007ff898ff2000 	C:\WINDOWS\SYSTEM32\windows.storage.dll
0x00007ff89b4d0000 - 0x00007ff89b825000 	C:\WINDOWS\System32\combase.dll
0x00007ff89a100000 - 0x00007ff89a130000 	C:\WINDOWS\SYSTEM32\Wldp.dll
0x00007ff89bc90000 - 0x00007ff89bd3d000 	C:\WINDOWS\System32\SHCORE.dll
0x00007ff89c490000 - 0x00007ff89c4e5000 	C:\WINDOWS\System32\shlwapi.dll
0x00007ff89a670000 - 0x00007ff89a68f000 	C:\WINDOWS\SYSTEM32\profapi.dll
0x00007ff875a90000 - 0x00007ff875aa9000 	C:\Users\mathesh.n\.vscode\extensions\redhat.java-1.14.0-win32-x64\jre\17.0.5-win32-x86_64\bin\net.dll
0x00007ff890070000 - 0x00007ff89017c000 	C:\WINDOWS\SYSTEM32\WINHTTP.dll
0x00007ff899e60000 - 0x00007ff899eca000 	C:\WINDOWS\system32\mswsock.dll
0x00007ff8730d0000 - 0x00007ff8730e5000 	C:\Users\mathesh.n\.vscode\extensions\redhat.java-1.14.0-win32-x64\jre\17.0.5-win32-x86_64\bin\nio.dll
0x00007ff895880000 - 0x00007ff895890000 	c:\Users\mathesh.n\.vscode\extensions\redhat.java-1.14.0-win32-x64\jre\17.0.5-win32-x86_64\bin\verify.dll

dbghelp: loaded successfully - version: 4.0.5 - missing functions: none
symbol engine: initialized successfully - sym options: 0x614 - pdb path: .;c:\Users\mathesh.n\.vscode\extensions\redhat.java-1.14.0-win32-x64\jre\17.0.5-win32-x86_64\bin;C:\WINDOWS\SYSTEM32;C:\WINDOWS\WinSxS\amd64_microsoft.windows.common-controls_6595b64144ccf1df_6.0.19041.1110_none_60b5254171f9507e;c:\Users\mathesh.n\.vscode\extensions\redhat.java-1.14.0-win32-x64\jre\17.0.5-win32-x86_64\bin\server

VM Arguments:
jvm_args: --add-modules=ALL-SYSTEM --add-opens=java.base/java.util=ALL-UNNAMED --add-opens=java.base/java.lang=ALL-UNNAMED --add-opens=java.base/sun.nio.fs=ALL-UNNAMED -Declipse.application=org.eclipse.jdt.ls.core.id1 -Dosgi.bundles.defaultStartLevel=4 -Declipse.product=org.eclipse.jdt.ls.core.product -Djava.import.generatesMetadataFilesAtProjectRoot=false -Dfile.encoding=utf8 -XX:+UseParallelGC -XX:GCTimeRatio=4 -XX:AdaptiveSizePolicyWeight=90 -Dsun.zip.disableMemoryMapping=true -Xmx1G -Xms100m -Xlog:disable -javaagent:c:\Users\mathesh.n\.vscode\extensions\redhat.java-1.14.0-win32-x64\lombok\lombok-1.18.24.jar 
java_command: c:\Users\mathesh.n\.vscode\extensions\redhat.java-1.14.0-win32-x64\server\plugins\org.eclipse.equinox.launcher_1.6.400.v20210924-0641.jar -configuration c:\Users\mathesh.n\AppData\Roaming\Code\User\globalStorage\redhat.java\1.14.0\config_ss_win -data c:\Users\mathesh.n\AppData\Roaming\Code\User\workspaceStorage\f280073a7c3544646ebc500b0612ce92\redhat.java\ss_ws
java_class_path (initial): c:\Users\mathesh.n\.vscode\extensions\redhat.java-1.14.0-win32-x64\server\plugins\org.eclipse.equinox.launcher_1.6.400.v20210924-0641.jar
Launcher Type: SUN_STANDARD

[Global flags]
    uintx AdaptiveSizePolicyWeight                 = 90                                        {product} {command line}
     intx CICompilerCount                          = 3                                         {product} {ergonomic}
    uintx GCTimeRatio                              = 4                                         {product} {command line}
   size_t InitialHeapSize                          = 104857600                                 {product} {command line}
   size_t MaxHeapSize                              = 1073741824                                {product} {command line}
   size_t MaxNewSize                               = 357564416                                 {product} {ergonomic}
   size_t MinHeapDeltaBytes                        = 524288                                    {product} {ergonomic}
   size_t MinHeapSize                              = 104857600                                 {product} {command line}
   size_t NewSize                                  = 34603008                                  {product} {ergonomic}
    uintx NonNMethodCodeHeapSize                   = 5832780                                {pd product} {ergonomic}
    uintx NonProfiledCodeHeapSize                  = 122912730                              {pd product} {ergonomic}
   size_t OldSize                                  = 70254592                                  {product} {ergonomic}
    uintx ProfiledCodeHeapSize                     = 122912730                              {pd product} {ergonomic}
    uintx ReservedCodeCacheSize                    = 251658240                              {pd product} {ergonomic}
     bool SegmentedCodeCache                       = true                                      {product} {ergonomic}
   size_t SoftMaxHeapSize                          = 1073741824                             {manageable} {ergonomic}
     bool UseCompressedClassPointers               = true                           {product lp64_product} {ergonomic}
     bool UseCompressedOops                        = true                           {product lp64_product} {ergonomic}
     bool UseLargePagesIndividualAllocation        = false                                  {pd product} {ergonomic}
     bool UseParallelGC                            = true                                      {product} {command line}

Logging:
Log output configuration:
 #0: stdout all=off uptime,level,tags
 #1: stderr all=off uptime,level,tags

Environment Variables:
PATH=C:\Program Files\Common Files\Oracle\Java\javapath;C:\WINDOWS\system32;C:\WINDOWS;C:\WINDOWS\System32\Wbem;C:\WINDOWS\System32\WindowsPowerShell\v1.0\;C:\Program Files (x86)\ATI Technologies\ATI.ACE\Core-Static;C:\WINDOWS\System32\OpenSSH\;C:\Program Files\PuTTY\;C:\Program Files\Microsoft VS Code\bin;C:\Users\mathesh.n\AppData\Local\Microsoft\WindowsApps;C:\Users\mathesh.n\AppData\Local\Programs\Git\cmd;C:\Users\mathesh.n\AppData\Local\GitHubDesktop\bin
USERNAME=mathesh.n
OS=Windows_NT
PROCESSOR_IDENTIFIER=Intel64 Family 6 Model 58 Stepping 9, GenuineIntel
TMP=C:\Users\mathesh.n\AppData\Local\Temp
TEMP=C:\Users\mathesh.n\AppData\Local\Temp



---------------  S Y S T E M  ---------------

OS:
 Windows 10 , 64 bit Build 19041 (10.0.19041.2364)
OS uptime: 11 days 21:15 hours

CPU: total 4 (initial active 4) (2 cores per cpu, 2 threads per core) family 6 model 58 stepping 9 microcode 0x21, cx8, cmov, fxsr, ht, mmx, sse, sse2, sse3, ssse3, sse4.1, sse4.2, popcnt, tsc, tscinvbit, avx, erms, clmul, vzeroupper, clflush

Memory: 4k page, system-wide physical 7866M (1207M free)
TotalPageFile size 20297M (AvailPageFile size 7M)
current process WorkingSet (physical memory assigned to process): 46M, peak: 46M
current process commit charge ("private bytes"): 177M, peak: 177M

vm_info: OpenJDK 64-Bit Server VM (17.0.5+8) for windows-amd64 JRE (17.0.5+8), built on Oct 19 2022 04:48:13 by "temurin" with MS VC++ 16.7 (VS2019)

END.
