#
# There is insufficient memory for the Java Runtime Environment to continue.
# Native memory allocation (malloc) failed to allocate 32744 bytes for ChunkPool::allocate
# Possible reasons:
#   The system is out of physical RAM or swap space
#   The process is running with CompressedOops enabled, and the Java Heap may be blocking the growth of the native heap
# Possible solutions:
#   Reduce memory load on the system
#   Increase physical memory or swap space
#   Check if swap backing store is full
#   Decrease Java heap size (-Xmx/-Xms)
#   Decrease number of Java threads
#   Decrease Java thread stack sizes (-Xss)
#   Set larger code cache with -XX:ReservedCodeCacheSize=
#   JVM is running with Unscaled Compressed Oops mode in which the Java heap is
#     placed in the first 4GB address space. The Java Heap base address is the
#     maximum limit for the native heap growth. Please use -XX:HeapBaseMinAddress
#     to set the Java Heap base and to place the Java Heap above 4GB virtual address.
# This output file may be truncated or incomplete.
#
#  Out of Memory Error (arena.cpp:78), pid=11360, tid=17400
#
# JRE version: OpenJDK Runtime Environment Temurin-17.0.5+8 (17.0.5+8) (build 17.0.5+8)
# Java VM: OpenJDK 64-Bit Server VM Temurin-17.0.5+8 (17.0.5+8, mixed mode, tiered, compressed oops, compressed class ptrs, parallel gc, windows-amd64)
# No core dump will be written. Minidumps are not enabled by default on client versions of Windows
#

---------------  S U M M A R Y ------------

Command Line: --add-modules=ALL-SYSTEM --add-opens=java.base/java.util=ALL-UNNAMED --add-opens=java.base/java.lang=ALL-UNNAMED --add-opens=java.base/sun.nio.fs=ALL-UNNAMED -Declipse.application=org.eclipse.jdt.ls.core.id1 -Dosgi.bundles.defaultStartLevel=4 -Declipse.product=org.eclipse.jdt.ls.core.product -Djava.import.generatesMetadataFilesAtProjectRoot=false -Dfile.encoding=utf8 -XX:+UseParallelGC -XX:GCTimeRatio=4 -XX:AdaptiveSizePolicyWeight=90 -Dsun.zip.disableMemoryMapping=true -Xmx1G -Xms100m -Xlog:disable -javaagent:c:\Users\mathesh.n\.vscode\extensions\redhat.java-1.14.0-win32-x64\lombok\lombok-1.18.24.jar c:\Users\mathesh.n\.vscode\extensions\redhat.java-1.14.0-win32-x64\server\plugins\org.eclipse.equinox.launcher_1.6.400.v20210924-0641.jar -configuration c:\Users\mathesh.n\AppData\Roaming\Code\User\globalStorage\redhat.java\1.14.0\config_ss_win -data c:\Users\mathesh.n\AppData\Roaming\Code\User\workspaceStorage\f280073a7c3544646ebc500b0612ce92\redhat.java\ss_ws

Host: Intel(R) Core(TM) i3-3210 CPU @ 3.20GHz, 4 cores, 7G,  Windows 10 , 64 bit Build 19041 (10.0.19041.2364)
Time: Tue Jan 31 10:21:03 2023 India Standard Time elapsed time: 1.203867 seconds (0d 0h 0m 1s)

---------------  T H R E A D  ---------------

Current thread (0x000002657ff7bdb0):  JavaThread "C1 CompilerThread0" daemon [_thread_in_native, id=17400, stack(0x00000070e5000000,0x00000070e5100000)]


Current CompileTask:
C1:   1204  653       3       sun.security.provider.ByteArrayAccess::b2iBig64 (231 bytes)

Stack: [0x00000070e5000000,0x00000070e5100000]
Native frames: (J=compiled Java code, j=interpreted, Vv=VM code, C=native code)
V  [jvm.dll+0x676b3a]
V  [jvm.dll+0x831444]
V  [jvm.dll+0x832bee]
V  [jvm.dll+0x833253]
V  [jvm.dll+0x244ce5]
V  [jvm.dll+0xabdcc]
V  [jvm.dll+0xac17c]
V  [jvm.dll+0x11c2a5]
V  [jvm.dll+0x17912d]
V  [jvm.dll+0x179d13]
V  [jvm.dll+0x1344f3]
V  [jvm.dll+0x133def]
V  [jvm.dll+0x134026]
V  [jvm.dll+0x1334ba]
V  [jvm.dll+0x135181]
V  [jvm.dll+0x22698a]
V  [jvm.dll+0x224ac5]
V  [jvm.dll+0x7e727b]
V  [jvm.dll+0x7e17ea]
V  [jvm.dll+0x6759e5]
C  [ucrtbase.dll+0x21bb2]
C  [KERNEL32.DLL+0x17614]
C  [ntdll.dll+0x526a1]


---------------  P R O C E S S  ---------------

Threads class SMR info:
_java_thread_list=0x000002651585af30, length=12, elements={
0x000002657fcdbdf0, 0x000002657ff39730, 0x000002657ff3ac10, 0x000002657ff69950,
0x000002657ff6c320, 0x000002657ff6dd30, 0x000002657ff7a760, 0x000002657ff7b400,
0x000002657ff7bdb0, 0x000002657ff84e80, 0x000002657fd9a450, 0x0000026515822bf0
}

Java Threads: ( => current thread )
  0x000002657fcdbdf0 JavaThread "main" [_thread_in_Java, id=16252, stack(0x00000070e4600000,0x00000070e4700000)]
  0x000002657ff39730 JavaThread "Reference Handler" daemon [_thread_blocked, id=5308, stack(0x00000070e4900000,0x00000070e4a00000)]
  0x000002657ff3ac10 JavaThread "Finalizer" daemon [_thread_blocked, id=16616, stack(0x00000070e4a00000,0x00000070e4b00000)]
  0x000002657ff69950 JavaThread "Signal Dispatcher" daemon [_thread_blocked, id=5184, stack(0x00000070e4b00000,0x00000070e4c00000)]
  0x000002657ff6c320 JavaThread "Attach Listener" daemon [_thread_blocked, id=10976, stack(0x00000070e4c00000,0x00000070e4d00000)]
  0x000002657ff6dd30 JavaThread "Service Thread" daemon [_thread_blocked, id=16332, stack(0x00000070e4d00000,0x00000070e4e00000)]
  0x000002657ff7a760 JavaThread "Monitor Deflation Thread" daemon [_thread_blocked, id=14792, stack(0x00000070e4e00000,0x00000070e4f00000)]
  0x000002657ff7b400 JavaThread "C2 CompilerThread0" daemon [_thread_in_native, id=7760, stack(0x00000070e4f00000,0x00000070e5000000)]
=>0x000002657ff7bdb0 JavaThread "C1 CompilerThread0" daemon [_thread_in_native, id=17400, stack(0x00000070e5000000,0x00000070e5100000)]
  0x000002657ff84e80 JavaThread "Sweeper thread" daemon [_thread_blocked, id=17736, stack(0x00000070e5100000,0x00000070e5200000)]
  0x000002657fd9a450 JavaThread "Common-Cleaner" daemon [_thread_blocked, id=18488, stack(0x00000070e5200000,0x00000070e5300000)]
  0x0000026515822bf0 JavaThread "Notification Thread" daemon [_thread_blocked, id=1996, stack(0x00000070e5300000,0x00000070e5400000)]

Other Threads:
  0x000002657fe74040 VMThread "VM Thread" [stack: 0x00000070e4800000,0x00000070e4900000] [id=17416]
  0x00000265158f8b30 WatcherThread [stack: 0x00000070e5400000,0x00000070e5500000] [id=18368]
  0x000002657fcf1a60 GCTaskThread "GC Thread#0" [stack: 0x00000070e4700000,0x00000070e4800000] [id=3156]

Threads with active compile tasks:
C2 CompilerThread0     1713  643       4       lombok.patcher.PatchScript::classMatches (41 bytes)
C1 CompilerThread0     1713  653       3       sun.security.provider.ByteArrayAccess::b2iBig64 (231 bytes)

VM state: not at safepoint (normal execution)

VM Mutex/Monitor currently owned by a thread: None

Heap address: 0x00000000c0000000, size: 1024 MB, Compressed Oops mode: 32-bit

CDS archive(s) not mapped
Compressed class space mapped at: 0x0000000100000000-0x0000000140000000, reserved size: 1073741824
Narrow klass base: 0x0000000000000000, Narrow klass shift: 3, Narrow klass range: 0x140000000

GC Precious Log:
 CPUs: 4 total, 4 available
 Memory: 7866M
 Large Page Support: Disabled
 NUMA Support: Disabled
 Compressed Oops: Enabled (32-bit)
 Alignments: Space 512K, Generation 512K, Heap 2M
 Heap Min Capacity: 100M
 Heap Initial Capacity: 100M
 Heap Max Capacity: 1G
 Pre-touch: Disabled
 Parallel Workers: 4

Heap:
 PSYoungGen      total 29696K, used 17459K [0x00000000eab00000, 0x00000000ecc00000, 0x0000000100000000)
  eden space 25600K, 68% used [0x00000000eab00000,0x00000000ebc0cf90,0x00000000ec400000)
  from space 4096K, 0% used [0x00000000ec800000,0x00000000ec800000,0x00000000ecc00000)
  to   space 4096K, 0% used [0x00000000ec400000,0x00000000ec400000,0x00000000ec800000)
 ParOldGen       total 68608K, used 0K [0x00000000c0000000, 0x00000000c4300000, 0x00000000eab00000)
  object space 68608K, 0% used [0x00000000c0000000,0x00000000c0000000,0x00000000c4300000)
 Metaspace       used 9371K, committed 9536K, reserved 1064960K
  class space    used 935K, committed 1024K, reserved 1048576K

Card table byte_map: [0x000002657f6a0000,0x000002657f8b0000] _byte_map_base: 0x000002657f0a0000

Marking Bits: (ParMarkBitMap*) 0x00007ff8566e0dd0
 Begin Bits: [0x0000026511bc0000, 0x0000026512bc0000)
 End Bits:   [0x0000026512bc0000, 0x0000026513bc0000)

Polling page: 0x000002657dce0000

Metaspace:

Usage:
  Non-class:      8.24 MB used.
      Class:    935.46 KB used.
       Both:      9.15 MB used.

Virtual space:
  Non-class space:       16.00 MB reserved,       8.31 MB ( 52%) committed,  2 nodes.
      Class space:        1.00 GB reserved,       1.00 MB ( <1%) committed,  1 nodes.
             Both:        1.02 GB reserved,       9.31 MB ( <1%) committed. 

Chunk freelists:
   Non-Class:  2.91 MB
       Class:  3.02 MB
        Both:  5.93 MB

MaxMetaspaceSize: unlimited
CompressedClassSpaceSize: 1.00 GB
Initial GC threshold: 21.00 MB
Current GC threshold: 21.00 MB
CDS: off
MetaspaceReclaimPolicy: balanced
 - commit_granule_bytes: 65536.
 - commit_granule_words: 8192.
 - virtual_space_node_default_size: 1048576.
 - enlarge_chunks_in_place: 1.
 - new_chunks_are_fully_committed: 0.
 - uncommit_free_chunks: 1.
 - use_allocation_guard: 0.
 - handle_deallocations: 1.


Internal statistics:

num_allocs_failed_limit: 0.
num_arena_births: 12.
num_arena_deaths: 0.
num_vsnodes_births: 3.
num_vsnodes_deaths: 0.
num_space_committed: 149.
num_space_uncommitted: 0.
num_chunks_returned_to_freelist: 0.
num_chunks_taken_from_freelist: 49.
num_chunk_merges: 0.
num_chunk_splits: 24.
num_chunks_enlarged: 19.
num_purges: 0.
num_inconsistent_stats: 0.

CodeHeap 'non-profiled nmethods': size=120000Kb used=203Kb max_used=203Kb free=119796Kb
 bounds [0x000002650a690000, 0x000002650a900000, 0x0000026511bc0000]
CodeHeap 'profiled nmethods': size=120000Kb used=1044Kb max_used=1044Kb free=118955Kb
 bounds [0x0000026503160000, 0x00000265033d0000, 0x000002650a690000]
CodeHeap 'non-nmethods': size=5760Kb used=1133Kb max_used=1147Kb free=4626Kb
 bounds [0x0000026502bc0000, 0x0000026502e30000, 0x0000026503160000]
 total_blobs=1071 nmethods=651 adapters=335
 compilation: enabled
              stopped_count=0, restarted_count=0
 full_count=0

Compilation events (20 events):
Event: 1.121 Thread 0x000002657ff7bdb0  641       3       java.io.OutputStream::<init> (5 bytes)
Event: 1.121 Thread 0x000002657ff7bdb0 nmethod 641 0x0000026503262690 code [0x0000026503262820, 0x0000026503262978]
Event: 1.176 Thread 0x000002657ff7b400  642       4       java.util.HashSet::iterator (13 bytes)
Event: 1.180 Thread 0x000002657ff7bdb0  646  s    3       java.util.Properties::put (10 bytes)
Event: 1.180 Thread 0x000002657ff7bdb0 nmethod 646 0x0000026503262a10 code [0x0000026503262bc0, 0x0000026503262e28]
Event: 1.180 Thread 0x000002657ff7bdb0  647       3       java.util.HashMap::put (13 bytes)
Event: 1.181 Thread 0x000002657ff7bdb0 nmethod 647 0x0000026503262f10 code [0x00000265032630c0, 0x00000265032633b8]
Event: 1.188 Thread 0x000002657ff7bdb0  648       3       java.lang.String::valueOf (15 bytes)
Event: 1.188 Thread 0x000002657ff7bdb0 nmethod 648 0x0000026503263510 code [0x00000265032636c0, 0x00000265032638c8]
Event: 1.189 Thread 0x000002657ff7b400 nmethod 642 0x000002650a6c1710 code [0x000002650a6c18c0, 0x000002650a6c1df8]
Event: 1.189 Thread 0x000002657ff7b400  643       4       lombok.patcher.PatchScript::classMatches (41 bytes)
Event: 1.189 Thread 0x000002657ff7bdb0  649       3       java.security.Provider$ServiceKey::<init> (39 bytes)
Event: 1.190 Thread 0x000002657ff7bdb0 nmethod 649 0x0000026503263990 code [0x0000026503263b80, 0x0000026503263fc8]
Event: 1.190 Thread 0x000002657ff7bdb0  650       1       java.security.Provider$UString::toString (5 bytes)
Event: 1.190 Thread 0x000002657ff7bdb0 nmethod 650 0x000002650a6c2110 code [0x000002650a6c22a0, 0x000002650a6c2378]
Event: 1.191 Thread 0x000002657ff7bdb0  651       1       java.security.Provider$Service::getProvider (5 bytes)
Event: 1.191 Thread 0x000002657ff7bdb0 nmethod 651 0x000002650a6c2410 code [0x000002650a6c25a0, 0x000002650a6c2678]
Event: 1.192 Thread 0x000002657ff7bdb0  652       3       sun.security.provider.SHA2::implCompress0 (490 bytes)
Event: 1.193 Thread 0x000002657ff7bdb0 nmethod 652 0x0000026503264190 code [0x0000026503264380, 0x0000026503264be8]
Event: 1.194 Thread 0x000002657ff7bdb0  653       3       sun.security.provider.ByteArrayAccess::b2iBig64 (231 bytes)

GC Heap History (0 events):
No events

Dll operation events (8 events):
Event: 0.016 Loaded shared library c:\Users\mathesh.n\.vscode\extensions\redhat.java-1.14.0-win32-x64\jre\17.0.5-win32-x86_64\bin\java.dll
Event: 0.200 Loaded shared library c:\Users\mathesh.n\.vscode\extensions\redhat.java-1.14.0-win32-x64\jre\17.0.5-win32-x86_64\bin\zip.dll
Event: 0.205 Loaded shared library C:\Users\mathesh.n\.vscode\extensions\redhat.java-1.14.0-win32-x64\jre\17.0.5-win32-x86_64\bin\instrument.dll
Event: 0.231 Loaded shared library C:\Users\mathesh.n\.vscode\extensions\redhat.java-1.14.0-win32-x64\jre\17.0.5-win32-x86_64\bin\net.dll
Event: 0.233 Loaded shared library C:\Users\mathesh.n\.vscode\extensions\redhat.java-1.14.0-win32-x64\jre\17.0.5-win32-x86_64\bin\nio.dll
Event: 0.241 Loaded shared library C:\Users\mathesh.n\.vscode\extensions\redhat.java-1.14.0-win32-x64\jre\17.0.5-win32-x86_64\bin\zip.dll
Event: 0.261 Loaded shared library C:\Users\mathesh.n\.vscode\extensions\redhat.java-1.14.0-win32-x64\jre\17.0.5-win32-x86_64\bin\jimage.dll
Event: 0.344 Loaded shared library c:\Users\mathesh.n\.vscode\extensions\redhat.java-1.14.0-win32-x64\jre\17.0.5-win32-x86_64\bin\verify.dll

Deoptimization events (20 events):
Event: 0.590 Thread 0x000002657fcdbdf0 Uncommon trap: trap_request=0xffffffde fr.pc=0x000002650a6b12ac relative=0x000000000000010c
Event: 0.590 Thread 0x000002657fcdbdf0 Uncommon trap: reason=class_check action=maybe_recompile pc=0x000002650a6b12ac method=jdk.internal.misc.Unsafe.allocateUninitializedArray(Ljava/lang/Class;I)Ljava/lang/Object; @ 51 c2
Event: 0.590 Thread 0x000002657fcdbdf0 DEOPT PACKING pc=0x000002650a6b12ac sp=0x00000070e46fbf00
Event: 0.590 Thread 0x000002657fcdbdf0 DEOPT UNPACKING pc=0x0000026502c120a3 sp=0x00000070e46fbe88 mode 2
Event: 0.606 Thread 0x000002657fcdbdf0 Uncommon trap: trap_request=0xffffff45 fr.pc=0x000002650a6a3740 relative=0x00000000000000c0
Event: 0.606 Thread 0x000002657fcdbdf0 Uncommon trap: reason=unstable_if action=reinterpret pc=0x000002650a6a3740 method=java.net.URI.match(CJJ)Z @ 45 c2
Event: 0.606 Thread 0x000002657fcdbdf0 DEOPT PACKING pc=0x000002650a6a3740 sp=0x00000070e46fc820
Event: 0.606 Thread 0x000002657fcdbdf0 DEOPT UNPACKING pc=0x0000026502c120a3 sp=0x00000070e46fc7a8 mode 2
Event: 0.662 Thread 0x000002657fcdbdf0 Uncommon trap: trap_request=0xffffff45 fr.pc=0x000002650a6b292c relative=0x00000000000005ac
Event: 0.662 Thread 0x000002657fcdbdf0 Uncommon trap: reason=unstable_if action=reinterpret pc=0x000002650a6b292c method=java.lang.String.replace(Ljava/lang/CharSequence;Ljava/lang/CharSequence;)Ljava/lang/String; @ 48 c2
Event: 0.662 Thread 0x000002657fcdbdf0 DEOPT PACKING pc=0x000002650a6b292c sp=0x00000070e46fc7b0
Event: 0.662 Thread 0x000002657fcdbdf0 DEOPT UNPACKING pc=0x0000026502c120a3 sp=0x00000070e46fc720 mode 2
Event: 0.925 Thread 0x000002657fcdbdf0 Uncommon trap: trap_request=0xffffffde fr.pc=0x000002650a6b358c relative=0x00000000000001ec
Event: 0.925 Thread 0x000002657fcdbdf0 Uncommon trap: reason=class_check action=maybe_recompile pc=0x000002650a6b358c method=java.util.Collections$UnmodifiableCollection$1.next()Ljava/lang/Object; @ 4 c2
Event: 0.925 Thread 0x000002657fcdbdf0 DEOPT PACKING pc=0x000002650a6b358c sp=0x00000070e46fc360
Event: 0.925 Thread 0x000002657fcdbdf0 DEOPT UNPACKING pc=0x0000026502c120a3 sp=0x00000070e46fc310 mode 2
Event: 1.103 Thread 0x000002657fcdbdf0 Uncommon trap: trap_request=0xffffff45 fr.pc=0x000002650a6be8c8 relative=0x0000000000000928
Event: 1.103 Thread 0x000002657fcdbdf0 Uncommon trap: reason=unstable_if action=reinterpret pc=0x000002650a6be8c8 method=java.util.HashMap.putVal(ILjava/lang/Object;Ljava/lang/Object;ZZ)Ljava/lang/Object; @ 81 c2
Event: 1.103 Thread 0x000002657fcdbdf0 DEOPT PACKING pc=0x000002650a6be8c8 sp=0x00000070e46fdd90
Event: 1.103 Thread 0x000002657fcdbdf0 DEOPT UNPACKING pc=0x0000026502c120a3 sp=0x00000070e46fdca8 mode 2

Classes unloaded (0 events):
No events

Classes redefined (0 events):
No events

Internal exceptions (2 events):
Event: 0.164 Thread 0x000002657fcdbdf0 Exception <a 'java/lang/NoSuchMethodError'{0x00000000eacb2100}: 'void java.lang.invoke.DirectMethodHandle$Holder.invokeStatic(java.lang.Object, java.lang.Object, java.lang.Object)'> (0x00000000eacb2100) 
thrown [s\src\hotspot\share\interpreter\linkResolver.cpp, line 759]
Event: 0.377 Thread 0x000002657fcdbdf0 Exception <a 'java/lang/reflect/InvocationTargetException'{0x00000000eaf79040}> (0x00000000eaf79040) 
thrown [s\src\hotspot\share\runtime\reflection.cpp, line 1121]

VM Operations (8 events):
Event: 0.170 Executing VM operation: HandshakeAllThreads
Event: 0.170 Executing VM operation: HandshakeAllThreads done
Event: 0.288 Executing VM operation: HandshakeAllThreads
Event: 0.288 Executing VM operation: HandshakeAllThreads done
Event: 1.170 Executing VM operation: HandshakeAllThreads
Event: 1.170 Executing VM operation: HandshakeAllThreads done
Event: 1.170 Executing VM operation: Cleanup
Event: 1.170 Executing VM operation: Cleanup done

Events (20 events):
Event: 1.122 loading class sun/security/util/KeyUtil
Event: 1.122 loading class sun/security/util/KeyUtil done
Event: 1.123 loading class sun/security/util/Length
Event: 1.123 loading class sun/security/util/Length done
Event: 1.123 loading class javax/crypto/SecretKey
Event: 1.123 loading class javax/crypto/SecretKey done
Event: 1.123 loading class java/util/LinkedHashMap$LinkedEntrySet
Event: 1.123 loading class java/util/LinkedHashMap$LinkedEntrySet done
Event: 1.123 loading class java/util/LinkedHashMap$LinkedEntryIterator
Event: 1.123 loading class java/util/LinkedHashMap$LinkedEntryIterator done
Event: 1.175 loading class java/util/Base64
Event: 1.176 loading class java/util/Base64 done
Event: 1.176 loading class java/util/Base64$Decoder
Event: 1.176 loading class java/util/Base64$Decoder done
Event: 1.176 loading class java/util/Base64$Encoder
Event: 1.179 loading class java/util/Base64$Encoder done
Event: 1.179 loading class java/util/jar/JarVerifier$VerifierStream
Event: 1.179 loading class java/util/jar/JarVerifier$VerifierStream done
Event: 1.180 loading class sun/security/util/ManifestEntryVerifier$SunProviderHolder
Event: 1.180 loading class sun/security/util/ManifestEntryVerifier$SunProviderHolder done


Dynamic libraries:
0x00007ff6fc0a0000 - 0x00007ff6fc0ae000 	c:\Users\mathesh.n\.vscode\extensions\redhat.java-1.14.0-win32-x64\jre\17.0.5-win32-x86_64\bin\java.exe
0x00007ff89d090000 - 0x00007ff89d288000 	C:\WINDOWS\SYSTEM32\ntdll.dll
0x00007ff89c850000 - 0x00007ff89c90f000 	C:\WINDOWS\System32\KERNEL32.DLL
0x00007ff89adf0000 - 0x00007ff89b0c2000 	C:\WINDOWS\System32\KERNELBASE.dll
0x00007ff89abc0000 - 0x00007ff89acc0000 	C:\WINDOWS\System32\ucrtbase.dll
0x00007ff8731c0000 - 0x00007ff8731d9000 	c:\Users\mathesh.n\.vscode\extensions\redhat.java-1.14.0-win32-x64\jre\17.0.5-win32-x86_64\bin\VCRUNTIME140.dll
0x00007ff8742d0000 - 0x00007ff8742e7000 	c:\Users\mathesh.n\.vscode\extensions\redhat.java-1.14.0-win32-x64\jre\17.0.5-win32-x86_64\bin\jli.dll
0x00007ff89b830000 - 0x00007ff89b9d1000 	C:\WINDOWS\System32\USER32.dll
0x00007ff89a780000 - 0x00007ff89a7a2000 	C:\WINDOWS\System32\win32u.dll
0x00007ff89bab0000 - 0x00007ff89badb000 	C:\WINDOWS\System32\GDI32.dll
0x00007ff87af40000 - 0x00007ff87b1da000 	C:\WINDOWS\WinSxS\amd64_microsoft.windows.common-controls_6595b64144ccf1df_6.0.19041.1110_none_60b5254171f9507e\COMCTL32.dll
0x00007ff89a910000 - 0x00007ff89aa1f000 	C:\WINDOWS\System32\gdi32full.dll
0x00007ff89b260000 - 0x00007ff89b2fe000 	C:\WINDOWS\System32\msvcrt.dll
0x00007ff89aa90000 - 0x00007ff89ab2d000 	C:\WINDOWS\System32\msvcp_win.dll
0x00007ff89c7b0000 - 0x00007ff89c7e2000 	C:\WINDOWS\System32\IMM32.DLL
0x00007ff894650000 - 0x00007ff89465c000 	c:\Users\mathesh.n\.vscode\extensions\redhat.java-1.14.0-win32-x64\jre\17.0.5-win32-x86_64\bin\vcruntime140_1.dll
0x00007ff862380000 - 0x00007ff862411000 	c:\Users\mathesh.n\.vscode\extensions\redhat.java-1.14.0-win32-x64\jre\17.0.5-win32-x86_64\bin\msvcp140.dll
0x00007ff855b60000 - 0x00007ff8567a4000 	c:\Users\mathesh.n\.vscode\extensions\redhat.java-1.14.0-win32-x64\jre\17.0.5-win32-x86_64\bin\server\jvm.dll
0x00007ff89b0d0000 - 0x00007ff89b17e000 	C:\WINDOWS\System32\ADVAPI32.dll
0x00007ff89b430000 - 0x00007ff89b4cc000 	C:\WINDOWS\System32\sechost.dll
0x00007ff89cf20000 - 0x00007ff89d045000 	C:\WINDOWS\System32\RPCRT4.dll
0x00007ff87ca70000 - 0x00007ff87ca97000 	C:\WINDOWS\SYSTEM32\WINMM.dll
0x00007ff8787f0000 - 0x00007ff8787f9000 	C:\WINDOWS\SYSTEM32\WSOCK32.dll
0x00007ff89c730000 - 0x00007ff89c79b000 	C:\WINDOWS\System32\WS2_32.dll
0x00007ff894960000 - 0x00007ff89496a000 	C:\WINDOWS\SYSTEM32\VERSION.dll
0x00007ff898660000 - 0x00007ff898672000 	C:\WINDOWS\SYSTEM32\kernel.appcore.dll
0x00007ff894480000 - 0x00007ff89448a000 	c:\Users\mathesh.n\.vscode\extensions\redhat.java-1.14.0-win32-x64\jre\17.0.5-win32-x86_64\bin\jimage.dll
0x00007ff890a20000 - 0x00007ff890c04000 	C:\WINDOWS\SYSTEM32\DBGHELP.DLL
0x00007ff890590000 - 0x00007ff8905c5000 	C:\WINDOWS\SYSTEM32\dbgcore.DLL
0x00007ff89ab30000 - 0x00007ff89abb2000 	C:\WINDOWS\System32\bcryptPrimitives.dll
0x00007ff893e30000 - 0x00007ff893e3e000 	c:\Users\mathesh.n\.vscode\extensions\redhat.java-1.14.0-win32-x64\jre\17.0.5-win32-x86_64\bin\instrument.dll
0x00007ff870df0000 - 0x00007ff870e15000 	c:\Users\mathesh.n\.vscode\extensions\redhat.java-1.14.0-win32-x64\jre\17.0.5-win32-x86_64\bin\java.dll
0x00007ff878760000 - 0x00007ff878778000 	c:\Users\mathesh.n\.vscode\extensions\redhat.java-1.14.0-win32-x64\jre\17.0.5-win32-x86_64\bin\zip.dll
0x00007ff89bd40000 - 0x00007ff89c484000 	C:\WINDOWS\System32\SHELL32.dll
0x00007ff898860000 - 0x00007ff898ff2000 	C:\WINDOWS\SYSTEM32\windows.storage.dll
0x00007ff89b4d0000 - 0x00007ff89b825000 	C:\WINDOWS\System32\combase.dll
0x00007ff89a100000 - 0x00007ff89a130000 	C:\WINDOWS\SYSTEM32\Wldp.dll
0x00007ff89bc90000 - 0x00007ff89bd3d000 	C:\WINDOWS\System32\SHCORE.dll
0x00007ff89c490000 - 0x00007ff89c4e5000 	C:\WINDOWS\System32\shlwapi.dll
0x00007ff89a670000 - 0x00007ff89a68f000 	C:\WINDOWS\SYSTEM32\profapi.dll
0x00007ff875a90000 - 0x00007ff875aa9000 	C:\Users\mathesh.n\.vscode\extensions\redhat.java-1.14.0-win32-x64\jre\17.0.5-win32-x86_64\bin\net.dll
0x00007ff890070000 - 0x00007ff89017c000 	C:\WINDOWS\SYSTEM32\WINHTTP.dll
0x00007ff899e60000 - 0x00007ff899eca000 	C:\WINDOWS\system32\mswsock.dll
0x00007ff8730d0000 - 0x00007ff8730e5000 	C:\Users\mathesh.n\.vscode\extensions\redhat.java-1.14.0-win32-x64\jre\17.0.5-win32-x86_64\bin\nio.dll
0x00007ff895880000 - 0x00007ff895890000 	c:\Users\mathesh.n\.vscode\extensions\redhat.java-1.14.0-win32-x64\jre\17.0.5-win32-x86_64\bin\verify.dll

dbghelp: loaded successfully - version: 4.0.5 - missing functions: none
symbol engine: initialized successfully - sym options: 0x614 - pdb path: .;c:\Users\mathesh.n\.vscode\extensions\redhat.java-1.14.0-win32-x64\jre\17.0.5-win32-x86_64\bin;C:\WINDOWS\SYSTEM32;C:\WINDOWS\WinSxS\amd64_microsoft.windows.common-controls_6595b64144ccf1df_6.0.19041.1110_none_60b5254171f9507e;c:\Users\mathesh.n\.vscode\extensions\redhat.java-1.14.0-win32-x64\jre\17.0.5-win32-x86_64\bin\server

VM Arguments:
jvm_args: --add-modules=ALL-SYSTEM --add-opens=java.base/java.util=ALL-UNNAMED --add-opens=java.base/java.lang=ALL-UNNAMED --add-opens=java.base/sun.nio.fs=ALL-UNNAMED -Declipse.application=org.eclipse.jdt.ls.core.id1 -Dosgi.bundles.defaultStartLevel=4 -Declipse.product=org.eclipse.jdt.ls.core.product -Djava.import.generatesMetadataFilesAtProjectRoot=false -Dfile.encoding=utf8 -XX:+UseParallelGC -XX:GCTimeRatio=4 -XX:AdaptiveSizePolicyWeight=90 -Dsun.zip.disableMemoryMapping=true -Xmx1G -Xms100m -Xlog:disable -javaagent:c:\Users\mathesh.n\.vscode\extensions\redhat.java-1.14.0-win32-x64\lombok\lombok-1.18.24.jar 
java_command: c:\Users\mathesh.n\.vscode\extensions\redhat.java-1.14.0-win32-x64\server\plugins\org.eclipse.equinox.launcher_1.6.400.v20210924-0641.jar -configuration c:\Users\mathesh.n\AppData\Roaming\Code\User\globalStorage\redhat.java\1.14.0\config_ss_win -data c:\Users\mathesh.n\AppData\Roaming\Code\User\workspaceStorage\f280073a7c3544646ebc500b0612ce92\redhat.java\ss_ws
java_class_path (initial): c:\Users\mathesh.n\.vscode\extensions\redhat.java-1.14.0-win32-x64\server\plugins\org.eclipse.equinox.launcher_1.6.400.v20210924-0641.jar
Launcher Type: SUN_STANDARD

[Global flags]
    uintx AdaptiveSizePolicyWeight                 = 90                                        {product} {command line}
     intx CICompilerCount                          = 3                                         {product} {ergonomic}
    uintx GCTimeRatio                              = 4                                         {product} {command line}
   size_t InitialHeapSize                          = 104857600                                 {product} {command line}
   size_t MaxHeapSize                              = 1073741824                                {product} {command line}
   size_t MaxNewSize                               = 357564416                                 {product} {ergonomic}
   size_t MinHeapDeltaBytes                        = 524288                                    {product} {ergonomic}
   size_t MinHeapSize                              = 104857600                                 {product} {command line}
   size_t NewSize                                  = 34603008                                  {product} {ergonomic}
    uintx NonNMethodCodeHeapSize                   = 5832780                                {pd product} {ergonomic}
    uintx NonProfiledCodeHeapSize                  = 122912730                              {pd product} {ergonomic}
   size_t OldSize                                  = 70254592                                  {product} {ergonomic}
    uintx ProfiledCodeHeapSize                     = 122912730                              {pd product} {ergonomic}
    uintx ReservedCodeCacheSize                    = 251658240                              {pd product} {ergonomic}
     bool SegmentedCodeCache                       = true                                      {product} {ergonomic}
   size_t SoftMaxHeapSize                          = 1073741824                             {manageable} {ergonomic}
     bool UseCompressedClassPointers               = true                           {product lp64_product} {ergonomic}
     bool UseCompressedOops                        = true                           {product lp64_product} {ergonomic}
     bool UseLargePagesIndividualAllocation        = false                                  {pd product} {ergonomic}
     bool UseParallelGC                            = true                                      {product} {command line}

Logging:
Log output configuration:
 #0: stdout all=off uptime,level,tags
 #1: stderr all=off uptime,level,tags

Environment Variables:
PATH=C:\Program Files\Common Files\Oracle\Java\javapath;C:\WINDOWS\system32;C:\WINDOWS;C:\WINDOWS\System32\Wbem;C:\WINDOWS\System32\WindowsPowerShell\v1.0\;C:\Program Files (x86)\ATI Technologies\ATI.ACE\Core-Static;C:\WINDOWS\System32\OpenSSH\;C:\Program Files\PuTTY\;C:\Program Files\Microsoft VS Code\bin;C:\Users\mathesh.n\AppData\Local\Microsoft\WindowsApps;C:\Users\mathesh.n\AppData\Local\Programs\Git\cmd;C:\Users\mathesh.n\AppData\Local\GitHubDesktop\bin
USERNAME=mathesh.n
OS=Windows_NT
PROCESSOR_IDENTIFIER=Intel64 Family 6 Model 58 Stepping 9, GenuineIntel
TMP=C:\Users\mathesh.n\AppData\Local\Temp
TEMP=C:\Users\mathesh.n\AppData\Local\Temp



---------------  S Y S T E M  ---------------

OS:
 Windows 10 , 64 bit Build 19041 (10.0.19041.2364)
OS uptime: 11 days 21:15 hours

CPU: total 4 (initial active 4) (2 cores per cpu, 2 threads per core) family 6 model 58 stepping 9 microcode 0x21, cx8, cmov, fxsr, ht, mmx, sse, sse2, sse3, ssse3, sse4.1, sse4.2, popcnt, tsc, tscinvbit, avx, erms, clmul, vzeroupper, clflush

Memory: 4k page, system-wide physical 7866M (1259M free)
TotalPageFile size 20297M (AvailPageFile size 61M)
current process WorkingSet (physical memory assigned to process): 57M, peak: 57M
current process commit charge ("private bytes"): 181M, peak: 181M

vm_info: OpenJDK 64-Bit Server VM (17.0.5+8) for windows-amd64 JRE (17.0.5+8), built on Oct 19 2022 04:48:13 by "temurin" with MS VC++ 16.7 (VS2019)

END.
