#
# There is insufficient memory for the Java Runtime Environment to continue.
# Native memory allocation (malloc) failed to allocate 383296 bytes for Chunk::new
# Possible reasons:
#   The system is out of physical RAM or swap space
#   The process is running with CompressedOops enabled, and the Java Heap may be blocking the growth of the native heap
# Possible solutions:
#   Reduce memory load on the system
#   Increase physical memory or swap space
#   Check if swap backing store is full
#   Decrease Java heap size (-Xmx/-Xms)
#   Decrease number of Java threads
#   Decrease Java thread stack sizes (-Xss)
#   Set larger code cache with -XX:ReservedCodeCacheSize=
#   JVM is running with Unscaled Compressed Oops mode in which the Java heap is
#     placed in the first 4GB address space. The Java Heap base address is the
#     maximum limit for the native heap growth. Please use -XX:HeapBaseMinAddress
#     to set the Java Heap base and to place the Java Heap above 4GB virtual address.
# This output file may be truncated or incomplete.
#
#  Out of Memory Error (arena.cpp:189), pid=18172, tid=14688
#
# JRE version: OpenJDK Runtime Environment Temurin-17.0.5+8 (17.0.5+8) (build 17.0.5+8)
# Java VM: OpenJDK 64-Bit Server VM Temurin-17.0.5+8 (17.0.5+8, mixed mode, tiered, compressed oops, compressed class ptrs, parallel gc, windows-amd64)
# No core dump will be written. Minidumps are not enabled by default on client versions of Windows
#

---------------  S U M M A R Y ------------

Command Line: --add-modules=ALL-SYSTEM --add-opens=java.base/java.util=ALL-UNNAMED --add-opens=java.base/java.lang=ALL-UNNAMED --add-opens=java.base/sun.nio.fs=ALL-UNNAMED -Declipse.application=org.eclipse.jdt.ls.core.id1 -Dosgi.bundles.defaultStartLevel=4 -Declipse.product=org.eclipse.jdt.ls.core.product -Djava.import.generatesMetadataFilesAtProjectRoot=false -Dfile.encoding=utf8 -XX:+UseParallelGC -XX:GCTimeRatio=4 -XX:AdaptiveSizePolicyWeight=90 -Dsun.zip.disableMemoryMapping=true -Xmx1G -Xms100m -Xlog:disable -javaagent:c:\Users\mathesh.n\.vscode\extensions\redhat.java-1.14.0-win32-x64\lombok\lombok-1.18.24.jar -XX:+HeapDumpOnOutOfMemoryError -XX:HeapDumpPath=c:\Users\mathesh.n\AppData\Roaming\Code\User\workspaceStorage\f280073a7c3544646ebc500b0612ce92\redhat.java c:\Users\mathesh.n\.vscode\extensions\redhat.java-1.14.0-win32-x64\server\plugins\org.eclipse.equinox.launcher_1.6.400.v20210924-0641.jar -configuration c:\Users\mathesh.n\AppData\Roaming\Code\User\globalStorage\redhat.java\1.14.0\config_win -data c:\Users\mathesh.n\AppData\Roaming\Code\User\workspaceStorage\f280073a7c3544646ebc500b0612ce92\redhat.java\jdt_ws

Host: Intel(R) Core(TM) i3-3210 CPU @ 3.20GHz, 4 cores, 7G,  Windows 10 , 64 bit Build 19041 (10.0.19041.2364)
Time: Tue Jan 31 10:21:04 2023 India Standard Time elapsed time: 1.473191 seconds (0d 0h 0m 1s)

---------------  T H R E A D  ---------------

Current thread (0x000001f49e3dc450):  JavaThread "C2 CompilerThread1" daemon [_thread_in_native, id=14688, stack(0x0000003a93e00000,0x0000003a93f00000)]


Current CompileTask:
C2:   1473  760   !   4       java.util.jar.Attributes::read (498 bytes)

Stack: [0x0000003a93e00000,0x0000003a93f00000]
Native frames: (J=compiled Java code, j=interpreted, Vv=VM code, C=native code)
V  [jvm.dll+0x676b3a]
V  [jvm.dll+0x831444]
V  [jvm.dll+0x832bee]
V  [jvm.dll+0x833253]
V  [jvm.dll+0x244ce5]
V  [jvm.dll+0xabbac]
V  [jvm.dll+0xac17c]
V  [jvm.dll+0x2abd2f]
V  [jvm.dll+0x57d517]
V  [jvm.dll+0x21fd72]
V  [jvm.dll+0x22014f]
V  [jvm.dll+0x2199a5]
V  [jvm.dll+0x216e6b]
V  [jvm.dll+0x1a343d]
V  [jvm.dll+0x22698a]
V  [jvm.dll+0x224ac5]
V  [jvm.dll+0x7e727b]
V  [jvm.dll+0x7e17ea]
V  [jvm.dll+0x6759e5]
C  [ucrtbase.dll+0x21bb2]
C  [KERNEL32.DLL+0x17614]
C  [ntdll.dll+0x526a1]


---------------  P R O C E S S  ---------------

Threads class SMR info:
_java_thread_list=0x000001f49e06a0f0, length=13, elements={
0x000001f4864bef40, 0x000001f49c2259f0, 0x000001f49c226820, 0x000001f49c238740,
0x000001f49c23b200, 0x000001f49c267010, 0x000001f49c26ce60, 0x000001f49c26e2e0,
0x000001f49c26f520, 0x000001f49c279da0, 0x000001f49dcefc10, 0x000001f49de54270,
0x000001f49e3dc450
}

Java Threads: ( => current thread )
  0x000001f4864bef40 JavaThread "main" [_thread_blocked, id=9164, stack(0x0000003a92f00000,0x0000003a93000000)]
  0x000001f49c2259f0 JavaThread "Reference Handler" daemon [_thread_blocked, id=14144, stack(0x0000003a93200000,0x0000003a93300000)]
  0x000001f49c226820 JavaThread "Finalizer" daemon [_thread_blocked, id=15336, stack(0x0000003a93300000,0x0000003a93400000)]
  0x000001f49c238740 JavaThread "Signal Dispatcher" daemon [_thread_blocked, id=5564, stack(0x0000003a93400000,0x0000003a93500000)]
  0x000001f49c23b200 JavaThread "Attach Listener" daemon [_thread_blocked, id=18016, stack(0x0000003a93500000,0x0000003a93600000)]
  0x000001f49c267010 JavaThread "Service Thread" daemon [_thread_blocked, id=15844, stack(0x0000003a93600000,0x0000003a93700000)]
  0x000001f49c26ce60 JavaThread "Monitor Deflation Thread" daemon [_thread_blocked, id=17428, stack(0x0000003a93700000,0x0000003a93800000)]
  0x000001f49c26e2e0 JavaThread "C2 CompilerThread0" daemon [_thread_blocked, id=17840, stack(0x0000003a93800000,0x0000003a93900000)]
  0x000001f49c26f520 JavaThread "C1 CompilerThread0" daemon [_thread_blocked, id=12608, stack(0x0000003a93900000,0x0000003a93a00000)]
  0x000001f49c279da0 JavaThread "Sweeper thread" daemon [_thread_blocked, id=18352, stack(0x0000003a93a00000,0x0000003a93b00000)]
  0x000001f49dcefc10 JavaThread "Common-Cleaner" daemon [_thread_blocked, id=2764, stack(0x0000003a93b00000,0x0000003a93c00000)]
  0x000001f49de54270 JavaThread "Notification Thread" daemon [_thread_blocked, id=17880, stack(0x0000003a93c00000,0x0000003a93d00000)]
=>0x000001f49e3dc450 JavaThread "C2 CompilerThread1" daemon [_thread_in_native, id=14688, stack(0x0000003a93e00000,0x0000003a93f00000)]

Other Threads:
  0x000001f49c211ec0 VMThread "VM Thread" [stack: 0x0000003a93100000,0x0000003a93200000] [id=8740]
  0x000001f49de54740 WatcherThread [stack: 0x0000003a93d00000,0x0000003a93e00000] [id=3144]
  0x000001f4864d3300 GCTaskThread "GC Thread#0" [stack: 0x0000003a93000000,0x0000003a93100000] [id=8280]
  0x000001f49e1d7130 GCTaskThread "GC Thread#1" [stack: 0x0000000000000000,0x0000000000000000] [id=4976]

Threads with active compile tasks:
C2 CompilerThread0     1742 1008   !   4       java.nio.DirectByteBuffer::get (34 bytes)
C2 CompilerThread1     1742  760   !   4       java.util.jar.Attributes::read (498 bytes)

VM state: at safepoint (normal execution)

VM Mutex/Monitor currently owned by a thread:  ([mutex/lock_event])
[0x000001f4864baf40] Threads_lock - owner thread: 0x000001f49c211ec0
[0x000001f4864bc410] Heap_lock - owner thread: 0x000001f4864bef40

Heap address: 0x00000000c0000000, size: 1024 MB, Compressed Oops mode: 32-bit

CDS archive(s) not mapped
Compressed class space mapped at: 0x0000000100000000-0x0000000140000000, reserved size: 1073741824
Narrow klass base: 0x0000000000000000, Narrow klass shift: 3, Narrow klass range: 0x140000000

GC Precious Log:
 CPUs: 4 total, 4 available
 Memory: 7866M
 Large Page Support: Disabled
 NUMA Support: Disabled
 Compressed Oops: Enabled (32-bit)
 Alignments: Space 512K, Generation 512K, Heap 2M
 Heap Min Capacity: 100M
 Heap Initial Capacity: 100M
 Heap Max Capacity: 1G
 Pre-touch: Disabled
 Parallel Workers: 4

Heap:
 PSYoungGen      total 29696K, used 25600K [0x00000000eab00000, 0x00000000ecc00000, 0x0000000100000000)
  eden space 25600K, 100% used [0x00000000eab00000,0x00000000ec400000,0x00000000ec400000)
  from space 4096K, 0% used [0x00000000ec800000,0x00000000ec800000,0x00000000ecc00000)
  to   space 4096K, 19% used [0x00000000ec400000,0x00000000ec4c4010,0x00000000ec800000)
 ParOldGen       total 68608K, used 8K [0x00000000c0000000, 0x00000000c4300000, 0x00000000eab00000)
  object space 68608K, 0% used [0x00000000c0000000,0x00000000c0002000,0x00000000c4300000)
 Metaspace       used 10949K, committed 11072K, reserved 1064960K
  class space    used 1085K, committed 1152K, reserved 1048576K

Card table byte_map: [0x000001f499b10000,0x000001f499d20000] _byte_map_base: 0x000001f499510000

Marking Bits: (ParMarkBitMap*) 0x00007ff8566e0dd0
 Begin Bits: [0x000001f499e80000, 0x000001f49ae80000)
 End Bits:   [0x000001f49ae80000, 0x000001f49be80000)

Polling page: 0x000001f48a900000

Metaspace:

Usage:
  Non-class:      9.63 MB used.
      Class:      1.06 MB used.
       Both:     10.69 MB used.

Virtual space:
  Non-class space:       16.00 MB reserved,       9.69 MB ( 61%) committed,  2 nodes.
      Class space:        1.00 GB reserved,       1.12 MB ( <1%) committed,  1 nodes.
             Both:        1.02 GB reserved,      10.81 MB (  1%) committed. 

Chunk freelists:
   Non-Class:  2.14 MB
       Class:  2.69 MB
        Both:  4.83 MB

MaxMetaspaceSize: unlimited
CompressedClassSpaceSize: 1.00 GB
Initial GC threshold: 21.00 MB
Current GC threshold: 21.00 MB
CDS: off
MetaspaceReclaimPolicy: balanced
 - commit_granule_bytes: 65536.
 - commit_granule_words: 8192.
 - virtual_space_node_default_size: 1048576.
 - enlarge_chunks_in_place: 1.
 - new_chunks_are_fully_committed: 0.
 - uncommit_free_chunks: 1.
 - use_allocation_guard: 0.
 - handle_deallocations: 1.


Internal statistics:

num_allocs_failed_limit: 0.
num_arena_births: 18.
num_arena_deaths: 0.
num_vsnodes_births: 3.
num_vsnodes_deaths: 0.
num_space_committed: 173.
num_space_uncommitted: 0.
num_chunks_returned_to_freelist: 0.
num_chunks_taken_from_freelist: 88.
num_chunk_merges: 0.
num_chunk_splits: 57.
num_chunks_enlarged: 51.
num_purges: 0.
num_inconsistent_stats: 0.

CodeHeap 'non-profiled nmethods': size=120000Kb used=355Kb max_used=355Kb free=119644Kb
 bounds [0x000001f4923f0000, 0x000001f492660000, 0x000001f499920000]
CodeHeap 'profiled nmethods': size=120000Kb used=1777Kb max_used=1777Kb free=118223Kb
 bounds [0x000001f48aec0000, 0x000001f48b130000, 0x000001f4923f0000]
CodeHeap 'non-nmethods': size=5760Kb used=1138Kb max_used=1154Kb free=4621Kb
 bounds [0x000001f48a920000, 0x000001f48ab90000, 0x000001f48aec0000]
 total_blobs=1430 nmethods=1003 adapters=342
 compilation: enabled
              stopped_count=0, restarted_count=0
 full_count=0

Compilation events (20 events):
Event: 1.425 Thread 0x000001f49c26f520  815  s    3       java.util.Hashtable::put (104 bytes)
Event: 1.426 Thread 0x000001f49c26f520 nmethod 815 0x000001f48b019490 code [0x000001f48b0196a0, 0x000001f48b019d58]
Event: 1.426 Thread 0x000001f49c26f520  816       3       java.util.Hashtable::addEntry (87 bytes)
Event: 1.426 Thread 0x000001f49c26f520 nmethod 816 0x000001f48b019f90 code [0x000001f48b01a160, 0x000001f48b01a778]
Event: 1.426 Thread 0x000001f49c26f520  817       3       java.util.Hashtable$Entry::<init> (26 bytes)
Event: 1.427 Thread 0x000001f49c26f520 nmethod 817 0x000001f48b01aa10 code [0x000001f48b01aba0, 0x000001f48b01ad58]
Event: 1.427 Thread 0x000001f49c26f520  818       3       sun.security.util.SignatureFileVerifier::updateSigners (132 bytes)
Event: 1.428 Thread 0x000001f49c26f520 nmethod 818 0x000001f48b01ae10 code [0x000001f48b01b0c0, 0x000001f48b01c018]
Event: 1.428 Thread 0x000001f49c26f520  819       3       sun.security.util.SignatureFileVerifier::matches (93 bytes)
Event: 1.428 Thread 0x000001f49c26e2e0 nmethod 805 0x000001f492437490 code [0x000001f492437660, 0x000001f492437b68]
Event: 1.428 Thread 0x000001f49c26e2e0  806       4       java.lang.invoke.VarHandleByteArrayAsLongs$ArrayHandle::get (36 bytes)
Event: 1.429 Thread 0x000001f49c26f520 nmethod 819 0x000001f48b01c690 code [0x000001f48b01c8c0, 0x000001f48b01d178]
Event: 1.429 Thread 0x000001f49c26f520  821       3       jdk.internal.reflect.ClassFileAssembler::emitShort (24 bytes)
Event: 1.429 Thread 0x000001f49c26f520 nmethod 821 0x000001f48b01d490 code [0x000001f48b01d660, 0x000001f48b01d958]
Event: 1.429 Thread 0x000001f49c26f520  820       3       java.util.zip.ZipFile$Source::getEntryNext (9 bytes)
Event: 1.429 Thread 0x000001f49c26f520 nmethod 820 0x000001f48b01db10 code [0x000001f48b01dca0, 0x000001f48b01ddd8]
Event: 1.430 Thread 0x000001f49c26e2e0 nmethod 806 0x000001f492438090 code [0x000001f492438220, 0x000001f492438358]
Event: 1.430 Thread 0x000001f49c26e2e0  795       4       java.lang.Long::reverseBytes (46 bytes)
Event: 1.430 Thread 0x000001f49c26e2e0 nmethod 795 0x000001f492438510 code [0x000001f492438680, 0x000001f492438738]
Event: 1.431 Thread 0x000001f49c26e2e0  810       4       java.math.BigInteger::addOne (77 bytes)

GC Heap History (0 events):
No events

Dll operation events (8 events):
Event: 0.011 Loaded shared library c:\Users\mathesh.n\.vscode\extensions\redhat.java-1.14.0-win32-x64\jre\17.0.5-win32-x86_64\bin\java.dll
Event: 0.197 Loaded shared library c:\Users\mathesh.n\.vscode\extensions\redhat.java-1.14.0-win32-x64\jre\17.0.5-win32-x86_64\bin\zip.dll
Event: 0.201 Loaded shared library C:\Users\mathesh.n\.vscode\extensions\redhat.java-1.14.0-win32-x64\jre\17.0.5-win32-x86_64\bin\instrument.dll
Event: 0.217 Loaded shared library C:\Users\mathesh.n\.vscode\extensions\redhat.java-1.14.0-win32-x64\jre\17.0.5-win32-x86_64\bin\net.dll
Event: 0.220 Loaded shared library C:\Users\mathesh.n\.vscode\extensions\redhat.java-1.14.0-win32-x64\jre\17.0.5-win32-x86_64\bin\nio.dll
Event: 0.230 Loaded shared library C:\Users\mathesh.n\.vscode\extensions\redhat.java-1.14.0-win32-x64\jre\17.0.5-win32-x86_64\bin\zip.dll
Event: 0.251 Loaded shared library C:\Users\mathesh.n\.vscode\extensions\redhat.java-1.14.0-win32-x64\jre\17.0.5-win32-x86_64\bin\jimage.dll
Event: 0.327 Loaded shared library c:\Users\mathesh.n\.vscode\extensions\redhat.java-1.14.0-win32-x64\jre\17.0.5-win32-x86_64\bin\verify.dll

Deoptimization events (20 events):
Event: 1.316 Thread 0x000001f4864bef40 DEOPT PACKING pc=0x000001f492424378 sp=0x0000003a92ffda30
Event: 1.316 Thread 0x000001f4864bef40 DEOPT UNPACKING pc=0x000001f48a9720a3 sp=0x0000003a92ffd9b0 mode 2
Event: 1.316 Thread 0x000001f4864bef40 Uncommon trap: trap_request=0xffffff45 fr.pc=0x000001f49242b110 relative=0x0000000000000550
Event: 1.316 Thread 0x000001f4864bef40 Uncommon trap: reason=unstable_if action=reinterpret pc=0x000001f49242b110 method=java.lang.AbstractStringBuilder.append(Ljava/lang/String;)Ljava/lang/AbstractStringBuilder; @ 1 c2
Event: 1.316 Thread 0x000001f4864bef40 DEOPT PACKING pc=0x000001f49242b110 sp=0x0000003a92ffd9c0
Event: 1.316 Thread 0x000001f4864bef40 DEOPT UNPACKING pc=0x000001f48a9720a3 sp=0x0000003a92ffd9a8 mode 2
Event: 1.334 Thread 0x000001f4864bef40 Uncommon trap: trap_request=0xffffff45 fr.pc=0x000001f49242bfa0 relative=0x00000000000002c0
Event: 1.334 Thread 0x000001f4864bef40 Uncommon trap: reason=unstable_if action=reinterpret pc=0x000001f49242bfa0 method=java.util.StringTokenizer.scanToken(I)I @ 42 c2
Event: 1.334 Thread 0x000001f4864bef40 DEOPT PACKING pc=0x000001f49242bfa0 sp=0x0000003a92ffecf0
Event: 1.334 Thread 0x000001f4864bef40 DEOPT UNPACKING pc=0x000001f48a9720a3 sp=0x0000003a92ffec80 mode 2
Event: 1.342 Thread 0x000001f4864bef40 DEOPT PACKING pc=0x000001f48afc0e5a sp=0x0000003a92ffdd70
Event: 1.342 Thread 0x000001f4864bef40 DEOPT UNPACKING pc=0x000001f48a972843 sp=0x0000003a92ffd1c8 mode 0
Event: 1.382 Thread 0x000001f4864bef40 Uncommon trap: trap_request=0xffffff45 fr.pc=0x000001f49242fe50 relative=0x0000000000000590
Event: 1.382 Thread 0x000001f4864bef40 Uncommon trap: reason=unstable_if action=reinterpret pc=0x000001f49242fe50 method=java.util.jar.Manifest$FastInputStream.readLine([BII)I @ 130 c2
Event: 1.382 Thread 0x000001f4864bef40 DEOPT PACKING pc=0x000001f49242fe50 sp=0x0000003a92ffe350
Event: 1.382 Thread 0x000001f4864bef40 DEOPT UNPACKING pc=0x000001f48a9720a3 sp=0x0000003a92ffe2e0 mode 2
Event: 1.385 Thread 0x000001f4864bef40 Uncommon trap: trap_request=0xffffffc6 fr.pc=0x000001f49241ee6c relative=0x000000000000040c
Event: 1.385 Thread 0x000001f4864bef40 Uncommon trap: reason=bimorphic_or_optimized_type_check action=maybe_recompile pc=0x000001f49241ee6c method=java.util.HashMap.getNode(Ljava/lang/Object;)Ljava/util/HashMap$Node; @ 128 c2
Event: 1.385 Thread 0x000001f4864bef40 DEOPT PACKING pc=0x000001f49241ee6c sp=0x0000003a92ffdf00
Event: 1.385 Thread 0x000001f4864bef40 DEOPT UNPACKING pc=0x000001f48a9720a3 sp=0x0000003a92ffde88 mode 2

Classes unloaded (0 events):
No events

Classes redefined (0 events):
No events

Internal exceptions (10 events):
Event: 0.161 Thread 0x000001f4864bef40 Exception <a 'java/lang/NoSuchMethodError'{0x00000000eacb2100}: 'void java.lang.invoke.DirectMethodHandle$Holder.invokeStatic(java.lang.Object, java.lang.Object, java.lang.Object)'> (0x00000000eacb2100) 
thrown [s\src\hotspot\share\interpreter\linkResolver.cpp, line 759]
Event: 0.360 Thread 0x000001f4864bef40 Exception <a 'java/lang/reflect/InvocationTargetException'{0x00000000eaf7a170}> (0x00000000eaf7a170) 
thrown [s\src\hotspot\share\runtime\reflection.cpp, line 1121]
Event: 1.137 Thread 0x000001f4864bef40 Exception <a 'java/lang/ClassNotFoundException'{0x00000000eb8df9c8}: sun/net/www/protocol/c/Handler> (0x00000000eb8df9c8) 
thrown [s\src\hotspot\share\classfile\systemDictionary.cpp, line 256]
Event: 1.304 Thread 0x000001f4864bef40 Exception <a 'java/io/FileNotFoundException'{0x00000000eb8fa580}> (0x00000000eb8fa580) 
thrown [s\src\hotspot\share\prims\jni.cpp, line 516]
Event: 1.304 Thread 0x000001f4864bef40 Exception <a 'java/io/FileNotFoundException'{0x00000000eb8fb2a8}> (0x00000000eb8fb2a8) 
thrown [s\src\hotspot\share\prims\jni.cpp, line 516]
Event: 1.305 Thread 0x000001f4864bef40 Exception <a 'java/io/FileNotFoundException'{0x00000000eb8fbfb0}> (0x00000000eb8fbfb0) 
thrown [s\src\hotspot\share\prims\jni.cpp, line 516]
Event: 1.306 Thread 0x000001f4864bef40 Exception <a 'java/io/FileNotFoundException'{0x00000000eb8fccb0}> (0x00000000eb8fccb0) 
thrown [s\src\hotspot\share\prims\jni.cpp, line 516]
Event: 1.315 Thread 0x000001f4864bef40 Implicit null exception at 0x000001f492423e72 to 0x000001f492424364
Event: 1.316 Thread 0x000001f4864bef40 Implicit null exception at 0x000001f49242abf2 to 0x000001f49242b0fc
Event: 1.321 Thread 0x000001f4864bef40 Exception <a 'java/io/FileNotFoundException'{0x00000000eb93b498}> (0x00000000eb93b498) 
thrown [s\src\hotspot\share\prims\jni.cpp, line 516]

VM Operations (6 events):
Event: 1.047 Executing VM operation: Cleanup
Event: 1.048 Executing VM operation: Cleanup done
Event: 1.071 Executing VM operation: HandshakeAllThreads
Event: 1.071 Executing VM operation: HandshakeAllThreads done
Event: 1.132 Executing VM operation: HandshakeAllThreads
Event: 1.132 Executing VM operation: HandshakeAllThreads done

Events (20 events):
Event: 1.421 loading class jdk/internal/reflect/ClassDefiner
Event: 1.421 loading class jdk/internal/reflect/ClassDefiner done
Event: 1.421 loading class jdk/internal/reflect/ClassDefiner$1
Event: 1.422 loading class jdk/internal/reflect/ClassDefiner$1 done
Event: 1.422 loading class jdk/internal/reflect/BootstrapConstructorAccessorImpl
Event: 1.423 loading class jdk/internal/reflect/BootstrapConstructorAccessorImpl done
Event: 1.429 loading class java/io/FilePermission
Event: 1.430 loading class java/io/FilePermission done
Event: 1.430 loading class java/io/FilePermission$1
Event: 1.430 loading class jdk/internal/access/JavaIOFilePermissionAccess
Event: 1.430 loading class jdk/internal/access/JavaIOFilePermissionAccess done
Event: 1.430 loading class java/io/FilePermission$1 done
Event: 1.430 loading class sun/security/util/FilePermCompat
Event: 1.430 loading class sun/security/util/FilePermCompat done
Event: 1.430 loading class sun/security/util/SecurityProperties
Event: 1.430 loading class sun/security/util/SecurityProperties done
Event: 1.431 loading class java/io/FilePermissionCollection
Event: 1.431 loading class java/io/FilePermissionCollection done
Event: 1.431 loading class java/io/FilePermissionCollection$1
Event: 1.431 loading class java/io/FilePermissionCollection$1 done


Dynamic libraries:
0x00007ff6fc0a0000 - 0x00007ff6fc0ae000 	c:\Users\mathesh.n\.vscode\extensions\redhat.java-1.14.0-win32-x64\jre\17.0.5-win32-x86_64\bin\java.exe
0x00007ff89d090000 - 0x00007ff89d288000 	C:\WINDOWS\SYSTEM32\ntdll.dll
0x00007ff89c850000 - 0x00007ff89c90f000 	C:\WINDOWS\System32\KERNEL32.DLL
0x00007ff89adf0000 - 0x00007ff89b0c2000 	C:\WINDOWS\System32\KERNELBASE.dll
0x00007ff89abc0000 - 0x00007ff89acc0000 	C:\WINDOWS\System32\ucrtbase.dll
0x00007ff8731c0000 - 0x00007ff8731d9000 	c:\Users\mathesh.n\.vscode\extensions\redhat.java-1.14.0-win32-x64\jre\17.0.5-win32-x86_64\bin\VCRUNTIME140.dll
0x00007ff8742d0000 - 0x00007ff8742e7000 	c:\Users\mathesh.n\.vscode\extensions\redhat.java-1.14.0-win32-x64\jre\17.0.5-win32-x86_64\bin\jli.dll
0x00007ff89b830000 - 0x00007ff89b9d1000 	C:\WINDOWS\System32\USER32.dll
0x00007ff89a780000 - 0x00007ff89a7a2000 	C:\WINDOWS\System32\win32u.dll
0x00007ff87af40000 - 0x00007ff87b1da000 	C:\WINDOWS\WinSxS\amd64_microsoft.windows.common-controls_6595b64144ccf1df_6.0.19041.1110_none_60b5254171f9507e\COMCTL32.dll
0x00007ff89b260000 - 0x00007ff89b2fe000 	C:\WINDOWS\System32\msvcrt.dll
0x00007ff89bab0000 - 0x00007ff89badb000 	C:\WINDOWS\System32\GDI32.dll
0x00007ff89a910000 - 0x00007ff89aa1f000 	C:\WINDOWS\System32\gdi32full.dll
0x00007ff89aa90000 - 0x00007ff89ab2d000 	C:\WINDOWS\System32\msvcp_win.dll
0x00007ff89c7b0000 - 0x00007ff89c7e2000 	C:\WINDOWS\System32\IMM32.DLL
0x00007ff894650000 - 0x00007ff89465c000 	c:\Users\mathesh.n\.vscode\extensions\redhat.java-1.14.0-win32-x64\jre\17.0.5-win32-x86_64\bin\vcruntime140_1.dll
0x00007ff862380000 - 0x00007ff862411000 	c:\Users\mathesh.n\.vscode\extensions\redhat.java-1.14.0-win32-x64\jre\17.0.5-win32-x86_64\bin\msvcp140.dll
0x00007ff855b60000 - 0x00007ff8567a4000 	c:\Users\mathesh.n\.vscode\extensions\redhat.java-1.14.0-win32-x64\jre\17.0.5-win32-x86_64\bin\server\jvm.dll
0x00007ff89b0d0000 - 0x00007ff89b17e000 	C:\WINDOWS\System32\ADVAPI32.dll
0x00007ff89b430000 - 0x00007ff89b4cc000 	C:\WINDOWS\System32\sechost.dll
0x00007ff89cf20000 - 0x00007ff89d045000 	C:\WINDOWS\System32\RPCRT4.dll
0x00007ff8787f0000 - 0x00007ff8787f9000 	C:\WINDOWS\SYSTEM32\WSOCK32.dll
0x00007ff87ca70000 - 0x00007ff87ca97000 	C:\WINDOWS\SYSTEM32\WINMM.dll
0x00007ff894960000 - 0x00007ff89496a000 	C:\WINDOWS\SYSTEM32\VERSION.dll
0x00007ff89c730000 - 0x00007ff89c79b000 	C:\WINDOWS\System32\WS2_32.dll
0x00007ff898660000 - 0x00007ff898672000 	C:\WINDOWS\SYSTEM32\kernel.appcore.dll
0x00007ff894480000 - 0x00007ff89448a000 	c:\Users\mathesh.n\.vscode\extensions\redhat.java-1.14.0-win32-x64\jre\17.0.5-win32-x86_64\bin\jimage.dll
0x00007ff890a20000 - 0x00007ff890c04000 	C:\WINDOWS\SYSTEM32\DBGHELP.DLL
0x00007ff890590000 - 0x00007ff8905c5000 	C:\WINDOWS\SYSTEM32\dbgcore.DLL
0x00007ff89ab30000 - 0x00007ff89abb2000 	C:\WINDOWS\System32\bcryptPrimitives.dll
0x00007ff893e30000 - 0x00007ff893e3e000 	c:\Users\mathesh.n\.vscode\extensions\redhat.java-1.14.0-win32-x64\jre\17.0.5-win32-x86_64\bin\instrument.dll
0x00007ff870df0000 - 0x00007ff870e15000 	c:\Users\mathesh.n\.vscode\extensions\redhat.java-1.14.0-win32-x64\jre\17.0.5-win32-x86_64\bin\java.dll
0x00007ff878760000 - 0x00007ff878778000 	c:\Users\mathesh.n\.vscode\extensions\redhat.java-1.14.0-win32-x64\jre\17.0.5-win32-x86_64\bin\zip.dll
0x00007ff89bd40000 - 0x00007ff89c484000 	C:\WINDOWS\System32\SHELL32.dll
0x00007ff898860000 - 0x00007ff898ff2000 	C:\WINDOWS\SYSTEM32\windows.storage.dll
0x00007ff89b4d0000 - 0x00007ff89b825000 	C:\WINDOWS\System32\combase.dll
0x00007ff89a100000 - 0x00007ff89a130000 	C:\WINDOWS\SYSTEM32\Wldp.dll
0x00007ff89bc90000 - 0x00007ff89bd3d000 	C:\WINDOWS\System32\SHCORE.dll
0x00007ff89c490000 - 0x00007ff89c4e5000 	C:\WINDOWS\System32\shlwapi.dll
0x00007ff89a670000 - 0x00007ff89a68f000 	C:\WINDOWS\SYSTEM32\profapi.dll
0x00007ff875a90000 - 0x00007ff875aa9000 	C:\Users\mathesh.n\.vscode\extensions\redhat.java-1.14.0-win32-x64\jre\17.0.5-win32-x86_64\bin\net.dll
0x00007ff890070000 - 0x00007ff89017c000 	C:\WINDOWS\SYSTEM32\WINHTTP.dll
0x00007ff899e60000 - 0x00007ff899eca000 	C:\WINDOWS\system32\mswsock.dll
0x00007ff8730d0000 - 0x00007ff8730e5000 	C:\Users\mathesh.n\.vscode\extensions\redhat.java-1.14.0-win32-x64\jre\17.0.5-win32-x86_64\bin\nio.dll
0x00007ff895880000 - 0x00007ff895890000 	c:\Users\mathesh.n\.vscode\extensions\redhat.java-1.14.0-win32-x64\jre\17.0.5-win32-x86_64\bin\verify.dll

dbghelp: loaded successfully - version: 4.0.5 - missing functions: none
symbol engine: initialized successfully - sym options: 0x614 - pdb path: .;c:\Users\mathesh.n\.vscode\extensions\redhat.java-1.14.0-win32-x64\jre\17.0.5-win32-x86_64\bin;C:\WINDOWS\SYSTEM32;C:\WINDOWS\WinSxS\amd64_microsoft.windows.common-controls_6595b64144ccf1df_6.0.19041.1110_none_60b5254171f9507e;c:\Users\mathesh.n\.vscode\extensions\redhat.java-1.14.0-win32-x64\jre\17.0.5-win32-x86_64\bin\server

VM Arguments:
jvm_args: --add-modules=ALL-SYSTEM --add-opens=java.base/java.util=ALL-UNNAMED --add-opens=java.base/java.lang=ALL-UNNAMED --add-opens=java.base/sun.nio.fs=ALL-UNNAMED -Declipse.application=org.eclipse.jdt.ls.core.id1 -Dosgi.bundles.defaultStartLevel=4 -Declipse.product=org.eclipse.jdt.ls.core.product -Djava.import.generatesMetadataFilesAtProjectRoot=false -Dfile.encoding=utf8 -XX:+UseParallelGC -XX:GCTimeRatio=4 -XX:AdaptiveSizePolicyWeight=90 -Dsun.zip.disableMemoryMapping=true -Xmx1G -Xms100m -Xlog:disable -javaagent:c:\Users\mathesh.n\.vscode\extensions\redhat.java-1.14.0-win32-x64\lombok\lombok-1.18.24.jar -XX:+HeapDumpOnOutOfMemoryError -XX:HeapDumpPath=c:\Users\mathesh.n\AppData\Roaming\Code\User\workspaceStorage\f280073a7c3544646ebc500b0612ce92\redhat.java 
java_command: c:\Users\mathesh.n\.vscode\extensions\redhat.java-1.14.0-win32-x64\server\plugins\org.eclipse.equinox.launcher_1.6.400.v20210924-0641.jar -configuration c:\Users\mathesh.n\AppData\Roaming\Code\User\globalStorage\redhat.java\1.14.0\config_win -data c:\Users\mathesh.n\AppData\Roaming\Code\User\workspaceStorage\f280073a7c3544646ebc500b0612ce92\redhat.java\jdt_ws
java_class_path (initial): c:\Users\mathesh.n\.vscode\extensions\redhat.java-1.14.0-win32-x64\server\plugins\org.eclipse.equinox.launcher_1.6.400.v20210924-0641.jar
Launcher Type: SUN_STANDARD

[Global flags]
    uintx AdaptiveSizePolicyWeight                 = 90                                        {product} {command line}
     intx CICompilerCount                          = 3                                         {product} {ergonomic}
    uintx GCTimeRatio                              = 4                                         {product} {command line}
     bool HeapDumpOnOutOfMemoryError               = true                                   {manageable} {command line}
    ccstr HeapDumpPath                             = c:\Users\mathesh.n\AppData\Roaming\Code\User\workspaceStorage\f280073a7c3544646ebc500b0612ce92\redhat.java         {manageable} {command line}
   size_t InitialHeapSize                          = 104857600                                 {product} {command line}
   size_t MaxHeapSize                              = 1073741824                                {product} {command line}
   size_t MaxNewSize                               = 357564416                                 {product} {ergonomic}
   size_t MinHeapDeltaBytes                        = 524288                                    {product} {ergonomic}
   size_t MinHeapSize                              = 104857600                                 {product} {command line}
   size_t NewSize                                  = 34603008                                  {product} {ergonomic}
    uintx NonNMethodCodeHeapSize                   = 5832780                                {pd product} {ergonomic}
    uintx NonProfiledCodeHeapSize                  = 122912730                              {pd product} {ergonomic}
   size_t OldSize                                  = 70254592                                  {product} {ergonomic}
    uintx ProfiledCodeHeapSize                     = 122912730                              {pd product} {ergonomic}
    uintx ReservedCodeCacheSize                    = 251658240                              {pd product} {ergonomic}
     bool SegmentedCodeCache                       = true                                      {product} {ergonomic}
   size_t SoftMaxHeapSize                          = 1073741824                             {manageable} {ergonomic}
     bool UseCompressedClassPointers               = true                           {product lp64_product} {ergonomic}
     bool UseCompressedOops                        = true                           {product lp64_product} {ergonomic}
     bool UseLargePagesIndividualAllocation        = false                                  {pd product} {ergonomic}
     bool UseParallelGC                            = true                                      {product} {command line}

Logging:
Log output configuration:
 #0: stdout all=off uptime,level,tags
 #1: stderr all=off uptime,level,tags

Environment Variables:
PATH=C:\Program Files\Common Files\Oracle\Java\javapath;C:\WINDOWS\system32;C:\WINDOWS;C:\WINDOWS\System32\Wbem;C:\WINDOWS\System32\WindowsPowerShell\v1.0\;C:\Program Files (x86)\ATI Technologies\ATI.ACE\Core-Static;C:\WINDOWS\System32\OpenSSH\;C:\Program Files\PuTTY\;C:\Program Files\Microsoft VS Code\bin;C:\Users\mathesh.n\AppData\Local\Microsoft\WindowsApps;C:\Users\mathesh.n\AppData\Local\Programs\Git\cmd;C:\Users\mathesh.n\AppData\Local\GitHubDesktop\bin
USERNAME=mathesh.n
OS=Windows_NT
PROCESSOR_IDENTIFIER=Intel64 Family 6 Model 58 Stepping 9, GenuineIntel
TMP=C:\Users\mathesh.n\AppData\Local\Temp
TEMP=C:\Users\mathesh.n\AppData\Local\Temp



---------------  S Y S T E M  ---------------

OS:
 Windows 10 , 64 bit Build 19041 (10.0.19041.2364)
OS uptime: 11 days 21:15 hours

CPU: total 4 (initial active 4) (2 cores per cpu, 2 threads per core) family 6 model 58 stepping 9 microcode 0x21, cx8, cmov, fxsr, ht, mmx, sse, sse2, sse3, ssse3, sse4.1, sse4.2, popcnt, tsc, tscinvbit, avx, erms, clmul, vzeroupper, clflush

Memory: 4k page, system-wide physical 7866M (1293M free)
TotalPageFile size 20297M (AvailPageFile size 241M)
current process WorkingSet (physical memory assigned to process): 76M, peak: 76M
current process commit charge ("private bytes"): 186M, peak: 186M

vm_info: OpenJDK 64-Bit Server VM (17.0.5+8) for windows-amd64 JRE (17.0.5+8), built on Oct 19 2022 04:48:13 by "temurin" with MS VC++ 16.7 (VS2019)

END.
